[2024-12-16 10:39:49] local.ERROR: SQLSTATE[08006] [7] could not connect to server: Connection timed out (0x0000274C/10060)
	Is the server running on host "103.106.114.123" and accepting
	TCP/IP connections on port 5432? (Connection: pgsql, SQL: select * from "users" where "email" = santochijoho@gmail.com and "status" = 1 and "users"."deleted_at" is null limit 1) {"exception":"[object] (Illuminate\\Database\\QueryException(code: 7): SQLSTATE[08006] [7] could not connect to server: Connection timed out (0x0000274C/10060)
\tIs the server running on host \"103.106.114.123\" and accepting
\tTCP/IP connections on port 5432? (Connection: pgsql, SQL: select * from \"users\" where \"email\" = santochijoho@gmail.com and \"status\" = 1 and \"users\".\"deleted_at\" is null limit 1) at Y:\\Project\\2024\\klikpr2\\ori\\laravel-starter-main\\vendor\\laravel\\framework\\src\\Illuminate\\Database\\Connection.php:825)
[stacktrace]
#0 Y:\\Project\\2024\\klikpr2\\ori\\laravel-starter-main\\vendor\\laravel\\framework\\src\\Illuminate\\Database\\Connection.php(779): Illuminate\\Database\\Connection->runQueryCallback()
#1 Y:\\Project\\2024\\klikpr2\\ori\\laravel-starter-main\\vendor\\laravel\\framework\\src\\Illuminate\\Database\\Connection.php(398): Illuminate\\Database\\Connection->run()
#2 Y:\\Project\\2024\\klikpr2\\ori\\laravel-starter-main\\vendor\\laravel\\framework\\src\\Illuminate\\Database\\Query\\Builder.php(3132): Illuminate\\Database\\Connection->select()
#3 Y:\\Project\\2024\\klikpr2\\ori\\laravel-starter-main\\vendor\\laravel\\framework\\src\\Illuminate\\Database\\Query\\Builder.php(3117): Illuminate\\Database\\Query\\Builder->runSelect()
#4 Y:\\Project\\2024\\klikpr2\\ori\\laravel-starter-main\\vendor\\laravel\\framework\\src\\Illuminate\\Database\\Query\\Builder.php(3705): Illuminate\\Database\\Query\\Builder->Illuminate\\Database\\Query\\{closure}()
#5 Y:\\Project\\2024\\klikpr2\\ori\\laravel-starter-main\\vendor\\laravel\\framework\\src\\Illuminate\\Database\\Query\\Builder.php(3116): Illuminate\\Database\\Query\\Builder->onceWithColumns()
#6 Y:\\Project\\2024\\klikpr2\\ori\\laravel-starter-main\\vendor\\laravel\\framework\\src\\Illuminate\\Database\\Eloquent\\Builder.php(759): Illuminate\\Database\\Query\\Builder->get()
#7 Y:\\Project\\2024\\klikpr2\\ori\\laravel-starter-main\\vendor\\laravel\\framework\\src\\Illuminate\\Database\\Eloquent\\Builder.php(741): Illuminate\\Database\\Eloquent\\Builder->getModels()
#8 Y:\\Project\\2024\\klikpr2\\ori\\laravel-starter-main\\vendor\\laravel\\framework\\src\\Illuminate\\Database\\Concerns\\BuildsQueries.php(344): Illuminate\\Database\\Eloquent\\Builder->get()
#9 Y:\\Project\\2024\\klikpr2\\ori\\laravel-starter-main\\vendor\\laravel\\framework\\src\\Illuminate\\Auth\\EloquentUserProvider.php(139): Illuminate\\Database\\Eloquent\\Builder->first()
#10 Y:\\Project\\2024\\klikpr2\\ori\\laravel-starter-main\\vendor\\laravel\\framework\\src\\Illuminate\\Auth\\SessionGuard.php(393): Illuminate\\Auth\\EloquentUserProvider->retrieveByCredentials()
#11 Y:\\Project\\2024\\klikpr2\\ori\\laravel-starter-main\\vendor\\laravel\\framework\\src\\Illuminate\\Auth\\AuthManager.php(341): Illuminate\\Auth\\SessionGuard->attempt()
#12 Y:\\Project\\2024\\klikpr2\\ori\\laravel-starter-main\\vendor\\laravel\\framework\\src\\Illuminate\\Support\\Facades\\Facade.php(358): Illuminate\\Auth\\AuthManager->__call()
#13 Y:\\Project\\2024\\klikpr2\\ori\\laravel-starter-main\\app\\Http\\Controllers\\Auth\\AuthenticatedSessionController.php(37): Illuminate\\Support\\Facades\\Facade::__callStatic()
#14 Y:\\Project\\2024\\klikpr2\\ori\\laravel-starter-main\\app\\Http\\Controllers\\Controller.php(16): App\\Http\\Controllers\\Auth\\AuthenticatedSessionController->store()
#15 Y:\\Project\\2024\\klikpr2\\ori\\laravel-starter-main\\vendor\\laravel\\framework\\src\\Illuminate\\Routing\\ControllerDispatcher.php(43): App\\Http\\Controllers\\Controller->callAction()
#16 Y:\\Project\\2024\\klikpr2\\ori\\laravel-starter-main\\vendor\\laravel\\framework\\src\\Illuminate\\Routing\\Route.php(264): Illuminate\\Routing\\ControllerDispatcher->dispatch()
#17 Y:\\Project\\2024\\klikpr2\\ori\\laravel-starter-main\\vendor\\laravel\\framework\\src\\Illuminate\\Routing\\Route.php(210): Illuminate\\Routing\\Route->runController()
#18 Y:\\Project\\2024\\klikpr2\\ori\\laravel-starter-main\\vendor\\laravel\\framework\\src\\Illuminate\\Routing\\Router.php(808): Illuminate\\Routing\\Route->run()
#19 Y:\\Project\\2024\\klikpr2\\ori\\laravel-starter-main\\vendor\\laravel\\framework\\src\\Illuminate\\Pipeline\\Pipeline.php(144): Illuminate\\Routing\\Router->Illuminate\\Routing\\{closure}()
#20 Y:\\Project\\2024\\klikpr2\\ori\\laravel-starter-main\\vendor\\laravel\\framework\\src\\Illuminate\\Auth\\Middleware\\RedirectIfAuthenticated.php(35): Illuminate\\Pipeline\\Pipeline->Illuminate\\Pipeline\\{closure}()
#21 Y:\\Project\\2024\\klikpr2\\ori\\laravel-starter-main\\vendor\\laravel\\framework\\src\\Illuminate\\Pipeline\\Pipeline.php(183): Illuminate\\Auth\\Middleware\\RedirectIfAuthenticated->handle()
#22 Y:\\Project\\2024\\klikpr2\\ori\\laravel-starter-main\\app\\Http\\Middleware\\SetLocale.php(25): Illuminate\\Pipeline\\Pipeline->Illuminate\\Pipeline\\{closure}()
#23 Y:\\Project\\2024\\klikpr2\\ori\\laravel-starter-main\\vendor\\laravel\\framework\\src\\Illuminate\\Pipeline\\Pipeline.php(183): App\\Http\\Middleware\\SetLocale->handle()
#24 Y:\\Project\\2024\\klikpr2\\ori\\laravel-starter-main\\vendor\\laravel\\framework\\src\\Illuminate\\Routing\\Middleware\\SubstituteBindings.php(51): Illuminate\\Pipeline\\Pipeline->Illuminate\\Pipeline\\{closure}()
#25 Y:\\Project\\2024\\klikpr2\\ori\\laravel-starter-main\\vendor\\laravel\\framework\\src\\Illuminate\\Pipeline\\Pipeline.php(183): Illuminate\\Routing\\Middleware\\SubstituteBindings->handle()
#26 Y:\\Project\\2024\\klikpr2\\ori\\laravel-starter-main\\vendor\\laravel\\framework\\src\\Illuminate\\Foundation\\Http\\Middleware\\VerifyCsrfToken.php(88): Illuminate\\Pipeline\\Pipeline->Illuminate\\Pipeline\\{closure}()
#27 Y:\\Project\\2024\\klikpr2\\ori\\laravel-starter-main\\vendor\\laravel\\framework\\src\\Illuminate\\Pipeline\\Pipeline.php(183): Illuminate\\Foundation\\Http\\Middleware\\VerifyCsrfToken->handle()
#28 Y:\\Project\\2024\\klikpr2\\ori\\laravel-starter-main\\vendor\\laravel\\framework\\src\\Illuminate\\View\\Middleware\\ShareErrorsFromSession.php(49): Illuminate\\Pipeline\\Pipeline->Illuminate\\Pipeline\\{closure}()
#29 Y:\\Project\\2024\\klikpr2\\ori\\laravel-starter-main\\vendor\\laravel\\framework\\src\\Illuminate\\Pipeline\\Pipeline.php(183): Illuminate\\View\\Middleware\\ShareErrorsFromSession->handle()
#30 Y:\\Project\\2024\\klikpr2\\ori\\laravel-starter-main\\vendor\\laravel\\framework\\src\\Illuminate\\Session\\Middleware\\StartSession.php(121): Illuminate\\Pipeline\\Pipeline->Illuminate\\Pipeline\\{closure}()
#31 Y:\\Project\\2024\\klikpr2\\ori\\laravel-starter-main\\vendor\\laravel\\framework\\src\\Illuminate\\Session\\Middleware\\StartSession.php(64): Illuminate\\Session\\Middleware\\StartSession->handleStatefulRequest()
#32 Y:\\Project\\2024\\klikpr2\\ori\\laravel-starter-main\\vendor\\laravel\\framework\\src\\Illuminate\\Pipeline\\Pipeline.php(183): Illuminate\\Session\\Middleware\\StartSession->handle()
#33 Y:\\Project\\2024\\klikpr2\\ori\\laravel-starter-main\\vendor\\laravel\\framework\\src\\Illuminate\\Cookie\\Middleware\\AddQueuedCookiesToResponse.php(37): Illuminate\\Pipeline\\Pipeline->Illuminate\\Pipeline\\{closure}()
#34 Y:\\Project\\2024\\klikpr2\\ori\\laravel-starter-main\\vendor\\laravel\\framework\\src\\Illuminate\\Pipeline\\Pipeline.php(183): Illuminate\\Cookie\\Middleware\\AddQueuedCookiesToResponse->handle()
#35 Y:\\Project\\2024\\klikpr2\\ori\\laravel-starter-main\\vendor\\laravel\\framework\\src\\Illuminate\\Cookie\\Middleware\\EncryptCookies.php(75): Illuminate\\Pipeline\\Pipeline->Illuminate\\Pipeline\\{closure}()
#36 Y:\\Project\\2024\\klikpr2\\ori\\laravel-starter-main\\vendor\\laravel\\framework\\src\\Illuminate\\Pipeline\\Pipeline.php(183): Illuminate\\Cookie\\Middleware\\EncryptCookies->handle()
#37 Y:\\Project\\2024\\klikpr2\\ori\\laravel-starter-main\\vendor\\laravel\\framework\\src\\Illuminate\\Pipeline\\Pipeline.php(119): Illuminate\\Pipeline\\Pipeline->Illuminate\\Pipeline\\{closure}()
#38 Y:\\Project\\2024\\klikpr2\\ori\\laravel-starter-main\\vendor\\laravel\\framework\\src\\Illuminate\\Routing\\Router.php(807): Illuminate\\Pipeline\\Pipeline->then()
#39 Y:\\Project\\2024\\klikpr2\\ori\\laravel-starter-main\\vendor\\laravel\\framework\\src\\Illuminate\\Routing\\Router.php(786): Illuminate\\Routing\\Router->runRouteWithinStack()
#40 Y:\\Project\\2024\\klikpr2\\ori\\laravel-starter-main\\vendor\\laravel\\framework\\src\\Illuminate\\Routing\\Router.php(750): Illuminate\\Routing\\Router->runRoute()
#41 Y:\\Project\\2024\\klikpr2\\ori\\laravel-starter-main\\vendor\\laravel\\framework\\src\\Illuminate\\Routing\\Router.php(739): Illuminate\\Routing\\Router->dispatchToRoute()
#42 Y:\\Project\\2024\\klikpr2\\ori\\laravel-starter-main\\vendor\\laravel\\framework\\src\\Illuminate\\Foundation\\Http\\Kernel.php(201): Illuminate\\Routing\\Router->dispatch()
#43 Y:\\Project\\2024\\klikpr2\\ori\\laravel-starter-main\\vendor\\laravel\\framework\\src\\Illuminate\\Pipeline\\Pipeline.php(144): Illuminate\\Foundation\\Http\\Kernel->Illuminate\\Foundation\\Http\\{closure}()
#44 Y:\\Project\\2024\\klikpr2\\ori\\laravel-starter-main\\vendor\\livewire\\livewire\\src\\Features\\SupportDisablingBackButtonCache\\DisableBackButtonCacheMiddleware.php(19): Illuminate\\Pipeline\\Pipeline->Illuminate\\Pipeline\\{closure}()
#45 Y:\\Project\\2024\\klikpr2\\ori\\laravel-starter-main\\vendor\\laravel\\framework\\src\\Illuminate\\Pipeline\\Pipeline.php(183): Livewire\\Features\\SupportDisablingBackButtonCache\\DisableBackButtonCacheMiddleware->handle()
#46 Y:\\Project\\2024\\klikpr2\\ori\\laravel-starter-main\\vendor\\barryvdh\\laravel-debugbar\\src\\Middleware\\InjectDebugbar.php(66): Illuminate\\Pipeline\\Pipeline->Illuminate\\Pipeline\\{closure}()
#47 Y:\\Project\\2024\\klikpr2\\ori\\laravel-starter-main\\vendor\\laravel\\framework\\src\\Illuminate\\Pipeline\\Pipeline.php(183): Barryvdh\\Debugbar\\Middleware\\InjectDebugbar->handle()
#48 Y:\\Project\\2024\\klikpr2\\ori\\laravel-starter-main\\vendor\\laravel\\framework\\src\\Illuminate\\Foundation\\Http\\Middleware\\TransformsRequest.php(21): Illuminate\\Pipeline\\Pipeline->Illuminate\\Pipeline\\{closure}()
#49 Y:\\Project\\2024\\klikpr2\\ori\\laravel-starter-main\\vendor\\laravel\\framework\\src\\Illuminate\\Foundation\\Http\\Middleware\\ConvertEmptyStringsToNull.php(31): Illuminate\\Foundation\\Http\\Middleware\\TransformsRequest->handle()
#50 Y:\\Project\\2024\\klikpr2\\ori\\laravel-starter-main\\vendor\\laravel\\framework\\src\\Illuminate\\Pipeline\\Pipeline.php(183): Illuminate\\Foundation\\Http\\Middleware\\ConvertEmptyStringsToNull->handle()
#51 Y:\\Project\\2024\\klikpr2\\ori\\laravel-starter-main\\vendor\\laravel\\framework\\src\\Illuminate\\Foundation\\Http\\Middleware\\TransformsRequest.php(21): Illuminate\\Pipeline\\Pipeline->Illuminate\\Pipeline\\{closure}()
#52 Y:\\Project\\2024\\klikpr2\\ori\\laravel-starter-main\\vendor\\laravel\\framework\\src\\Illuminate\\Foundation\\Http\\Middleware\\TrimStrings.php(51): Illuminate\\Foundation\\Http\\Middleware\\TransformsRequest->handle()
#53 Y:\\Project\\2024\\klikpr2\\ori\\laravel-starter-main\\vendor\\laravel\\framework\\src\\Illuminate\\Pipeline\\Pipeline.php(183): Illuminate\\Foundation\\Http\\Middleware\\TrimStrings->handle()
#54 Y:\\Project\\2024\\klikpr2\\ori\\laravel-starter-main\\vendor\\laravel\\framework\\src\\Illuminate\\Http\\Middleware\\ValidatePostSize.php(27): Illuminate\\Pipeline\\Pipeline->Illuminate\\Pipeline\\{closure}()
#55 Y:\\Project\\2024\\klikpr2\\ori\\laravel-starter-main\\vendor\\laravel\\framework\\src\\Illuminate\\Pipeline\\Pipeline.php(183): Illuminate\\Http\\Middleware\\ValidatePostSize->handle()
#56 Y:\\Project\\2024\\klikpr2\\ori\\laravel-starter-main\\vendor\\laravel\\framework\\src\\Illuminate\\Foundation\\Http\\Middleware\\PreventRequestsDuringMaintenance.php(110): Illuminate\\Pipeline\\Pipeline->Illuminate\\Pipeline\\{closure}()
#57 Y:\\Project\\2024\\klikpr2\\ori\\laravel-starter-main\\vendor\\laravel\\framework\\src\\Illuminate\\Pipeline\\Pipeline.php(183): Illuminate\\Foundation\\Http\\Middleware\\PreventRequestsDuringMaintenance->handle()
#58 Y:\\Project\\2024\\klikpr2\\ori\\laravel-starter-main\\vendor\\laravel\\framework\\src\\Illuminate\\Http\\Middleware\\HandleCors.php(49): Illuminate\\Pipeline\\Pipeline->Illuminate\\Pipeline\\{closure}()
#59 Y:\\Project\\2024\\klikpr2\\ori\\laravel-starter-main\\vendor\\laravel\\framework\\src\\Illuminate\\Pipeline\\Pipeline.php(183): Illuminate\\Http\\Middleware\\HandleCors->handle()
#60 Y:\\Project\\2024\\klikpr2\\ori\\laravel-starter-main\\vendor\\laravel\\framework\\src\\Illuminate\\Http\\Middleware\\TrustProxies.php(58): Illuminate\\Pipeline\\Pipeline->Illuminate\\Pipeline\\{closure}()
#61 Y:\\Project\\2024\\klikpr2\\ori\\laravel-starter-main\\vendor\\laravel\\framework\\src\\Illuminate\\Pipeline\\Pipeline.php(183): Illuminate\\Http\\Middleware\\TrustProxies->handle()
#62 Y:\\Project\\2024\\klikpr2\\ori\\laravel-starter-main\\vendor\\laravel\\framework\\src\\Illuminate\\Foundation\\Http\\Middleware\\InvokeDeferredCallbacks.php(22): Illuminate\\Pipeline\\Pipeline->Illuminate\\Pipeline\\{closure}()
#63 Y:\\Project\\2024\\klikpr2\\ori\\laravel-starter-main\\vendor\\laravel\\framework\\src\\Illuminate\\Pipeline\\Pipeline.php(183): Illuminate\\Foundation\\Http\\Middleware\\InvokeDeferredCallbacks->handle()
#64 Y:\\Project\\2024\\klikpr2\\ori\\laravel-starter-main\\vendor\\laravel\\framework\\src\\Illuminate\\Pipeline\\Pipeline.php(119): Illuminate\\Pipeline\\Pipeline->Illuminate\\Pipeline\\{closure}()
#65 Y:\\Project\\2024\\klikpr2\\ori\\laravel-starter-main\\vendor\\laravel\\framework\\src\\Illuminate\\Foundation\\Http\\Kernel.php(176): Illuminate\\Pipeline\\Pipeline->then()
#66 Y:\\Project\\2024\\klikpr2\\ori\\laravel-starter-main\\vendor\\laravel\\framework\\src\\Illuminate\\Foundation\\Http\\Kernel.php(145): Illuminate\\Foundation\\Http\\Kernel->sendRequestThroughRouter()
#67 Y:\\Project\\2024\\klikpr2\\ori\\laravel-starter-main\\vendor\\laravel\\framework\\src\\Illuminate\\Foundation\\Application.php(1188): Illuminate\\Foundation\\Http\\Kernel->handle()
#68 Y:\\Project\\2024\\klikpr2\\ori\\laravel-starter-main\\public\\index.php(17): Illuminate\\Foundation\\Application->handleRequest()
#69 Y:\\Project\\2024\\klikpr2\\ori\\laravel-starter-main\\vendor\\laravel\\framework\\src\\Illuminate\\Foundation\\resources\\server.php(23): require_once('...')
#70 {main}

[previous exception] [object] (PDOException(code: 7): SQLSTATE[08006] [7] could not connect to server: Connection timed out (0x0000274C/10060)
\tIs the server running on host \"103.106.114.123\" and accepting
\tTCP/IP connections on port 5432? at Y:\\Project\\2024\\klikpr2\\ori\\laravel-starter-main\\vendor\\laravel\\framework\\src\\Illuminate\\Database\\Connectors\\Connector.php:66)
[stacktrace]
#0 Y:\\Project\\2024\\klikpr2\\ori\\laravel-starter-main\\vendor\\laravel\\framework\\src\\Illuminate\\Database\\Connectors\\Connector.php(66): PDO->__construct()
#1 Y:\\Project\\2024\\klikpr2\\ori\\laravel-starter-main\\vendor\\laravel\\framework\\src\\Illuminate\\Database\\Connectors\\Connector.php(44): Illuminate\\Database\\Connectors\\Connector->createPdoConnection()
#2 Y:\\Project\\2024\\klikpr2\\ori\\laravel-starter-main\\vendor\\laravel\\framework\\src\\Illuminate\\Database\\Connectors\\PostgresConnector.php(35): Illuminate\\Database\\Connectors\\Connector->createConnection()
#3 Y:\\Project\\2024\\klikpr2\\ori\\laravel-starter-main\\vendor\\laravel\\framework\\src\\Illuminate\\Database\\Connectors\\ConnectionFactory.php(185): Illuminate\\Database\\Connectors\\PostgresConnector->connect()
#4 [internal function]: Illuminate\\Database\\Connectors\\ConnectionFactory->Illuminate\\Database\\Connectors\\{closure}()
#5 Y:\\Project\\2024\\klikpr2\\ori\\laravel-starter-main\\vendor\\laravel\\framework\\src\\Illuminate\\Database\\Connection.php(1231): call_user_func()
#6 Y:\\Project\\2024\\klikpr2\\ori\\laravel-starter-main\\vendor\\laravel\\framework\\src\\Illuminate\\Database\\Connection.php(1267): Illuminate\\Database\\Connection->getPdo()
#7 Y:\\Project\\2024\\klikpr2\\ori\\laravel-starter-main\\vendor\\laravel\\framework\\src\\Illuminate\\Database\\Connection.php(512): Illuminate\\Database\\Connection->getReadPdo()
#8 Y:\\Project\\2024\\klikpr2\\ori\\laravel-starter-main\\vendor\\laravel\\framework\\src\\Illuminate\\Database\\Connection.php(407): Illuminate\\Database\\Connection->getPdoForSelect()
#9 Y:\\Project\\2024\\klikpr2\\ori\\laravel-starter-main\\vendor\\laravel\\framework\\src\\Illuminate\\Database\\Connection.php(812): Illuminate\\Database\\Connection->Illuminate\\Database\\{closure}()
#10 Y:\\Project\\2024\\klikpr2\\ori\\laravel-starter-main\\vendor\\laravel\\framework\\src\\Illuminate\\Database\\Connection.php(779): Illuminate\\Database\\Connection->runQueryCallback()
#11 Y:\\Project\\2024\\klikpr2\\ori\\laravel-starter-main\\vendor\\laravel\\framework\\src\\Illuminate\\Database\\Connection.php(398): Illuminate\\Database\\Connection->run()
#12 Y:\\Project\\2024\\klikpr2\\ori\\laravel-starter-main\\vendor\\laravel\\framework\\src\\Illuminate\\Database\\Query\\Builder.php(3132): Illuminate\\Database\\Connection->select()
#13 Y:\\Project\\2024\\klikpr2\\ori\\laravel-starter-main\\vendor\\laravel\\framework\\src\\Illuminate\\Database\\Query\\Builder.php(3117): Illuminate\\Database\\Query\\Builder->runSelect()
#14 Y:\\Project\\2024\\klikpr2\\ori\\laravel-starter-main\\vendor\\laravel\\framework\\src\\Illuminate\\Database\\Query\\Builder.php(3705): Illuminate\\Database\\Query\\Builder->Illuminate\\Database\\Query\\{closure}()
#15 Y:\\Project\\2024\\klikpr2\\ori\\laravel-starter-main\\vendor\\laravel\\framework\\src\\Illuminate\\Database\\Query\\Builder.php(3116): Illuminate\\Database\\Query\\Builder->onceWithColumns()
#16 Y:\\Project\\2024\\klikpr2\\ori\\laravel-starter-main\\vendor\\laravel\\framework\\src\\Illuminate\\Database\\Eloquent\\Builder.php(759): Illuminate\\Database\\Query\\Builder->get()
#17 Y:\\Project\\2024\\klikpr2\\ori\\laravel-starter-main\\vendor\\laravel\\framework\\src\\Illuminate\\Database\\Eloquent\\Builder.php(741): Illuminate\\Database\\Eloquent\\Builder->getModels()
#18 Y:\\Project\\2024\\klikpr2\\ori\\laravel-starter-main\\vendor\\laravel\\framework\\src\\Illuminate\\Database\\Concerns\\BuildsQueries.php(344): Illuminate\\Database\\Eloquent\\Builder->get()
#19 Y:\\Project\\2024\\klikpr2\\ori\\laravel-starter-main\\vendor\\laravel\\framework\\src\\Illuminate\\Auth\\EloquentUserProvider.php(139): Illuminate\\Database\\Eloquent\\Builder->first()
#20 Y:\\Project\\2024\\klikpr2\\ori\\laravel-starter-main\\vendor\\laravel\\framework\\src\\Illuminate\\Auth\\SessionGuard.php(393): Illuminate\\Auth\\EloquentUserProvider->retrieveByCredentials()
#21 Y:\\Project\\2024\\klikpr2\\ori\\laravel-starter-main\\vendor\\laravel\\framework\\src\\Illuminate\\Auth\\AuthManager.php(341): Illuminate\\Auth\\SessionGuard->attempt()
#22 Y:\\Project\\2024\\klikpr2\\ori\\laravel-starter-main\\vendor\\laravel\\framework\\src\\Illuminate\\Support\\Facades\\Facade.php(358): Illuminate\\Auth\\AuthManager->__call()
#23 Y:\\Project\\2024\\klikpr2\\ori\\laravel-starter-main\\app\\Http\\Controllers\\Auth\\AuthenticatedSessionController.php(37): Illuminate\\Support\\Facades\\Facade::__callStatic()
#24 Y:\\Project\\2024\\klikpr2\\ori\\laravel-starter-main\\app\\Http\\Controllers\\Controller.php(16): App\\Http\\Controllers\\Auth\\AuthenticatedSessionController->store()
#25 Y:\\Project\\2024\\klikpr2\\ori\\laravel-starter-main\\vendor\\laravel\\framework\\src\\Illuminate\\Routing\\ControllerDispatcher.php(43): App\\Http\\Controllers\\Controller->callAction()
#26 Y:\\Project\\2024\\klikpr2\\ori\\laravel-starter-main\\vendor\\laravel\\framework\\src\\Illuminate\\Routing\\Route.php(264): Illuminate\\Routing\\ControllerDispatcher->dispatch()
#27 Y:\\Project\\2024\\klikpr2\\ori\\laravel-starter-main\\vendor\\laravel\\framework\\src\\Illuminate\\Routing\\Route.php(210): Illuminate\\Routing\\Route->runController()
#28 Y:\\Project\\2024\\klikpr2\\ori\\laravel-starter-main\\vendor\\laravel\\framework\\src\\Illuminate\\Routing\\Router.php(808): Illuminate\\Routing\\Route->run()
#29 Y:\\Project\\2024\\klikpr2\\ori\\laravel-starter-main\\vendor\\laravel\\framework\\src\\Illuminate\\Pipeline\\Pipeline.php(144): Illuminate\\Routing\\Router->Illuminate\\Routing\\{closure}()
#30 Y:\\Project\\2024\\klikpr2\\ori\\laravel-starter-main\\vendor\\laravel\\framework\\src\\Illuminate\\Auth\\Middleware\\RedirectIfAuthenticated.php(35): Illuminate\\Pipeline\\Pipeline->Illuminate\\Pipeline\\{closure}()
#31 Y:\\Project\\2024\\klikpr2\\ori\\laravel-starter-main\\vendor\\laravel\\framework\\src\\Illuminate\\Pipeline\\Pipeline.php(183): Illuminate\\Auth\\Middleware\\RedirectIfAuthenticated->handle()
#32 Y:\\Project\\2024\\klikpr2\\ori\\laravel-starter-main\\app\\Http\\Middleware\\SetLocale.php(25): Illuminate\\Pipeline\\Pipeline->Illuminate\\Pipeline\\{closure}()
#33 Y:\\Project\\2024\\klikpr2\\ori\\laravel-starter-main\\vendor\\laravel\\framework\\src\\Illuminate\\Pipeline\\Pipeline.php(183): App\\Http\\Middleware\\SetLocale->handle()
#34 Y:\\Project\\2024\\klikpr2\\ori\\laravel-starter-main\\vendor\\laravel\\framework\\src\\Illuminate\\Routing\\Middleware\\SubstituteBindings.php(51): Illuminate\\Pipeline\\Pipeline->Illuminate\\Pipeline\\{closure}()
#35 Y:\\Project\\2024\\klikpr2\\ori\\laravel-starter-main\\vendor\\laravel\\framework\\src\\Illuminate\\Pipeline\\Pipeline.php(183): Illuminate\\Routing\\Middleware\\SubstituteBindings->handle()
#36 Y:\\Project\\2024\\klikpr2\\ori\\laravel-starter-main\\vendor\\laravel\\framework\\src\\Illuminate\\Foundation\\Http\\Middleware\\VerifyCsrfToken.php(88): Illuminate\\Pipeline\\Pipeline->Illuminate\\Pipeline\\{closure}()
#37 Y:\\Project\\2024\\klikpr2\\ori\\laravel-starter-main\\vendor\\laravel\\framework\\src\\Illuminate\\Pipeline\\Pipeline.php(183): Illuminate\\Foundation\\Http\\Middleware\\VerifyCsrfToken->handle()
#38 Y:\\Project\\2024\\klikpr2\\ori\\laravel-starter-main\\vendor\\laravel\\framework\\src\\Illuminate\\View\\Middleware\\ShareErrorsFromSession.php(49): Illuminate\\Pipeline\\Pipeline->Illuminate\\Pipeline\\{closure}()
#39 Y:\\Project\\2024\\klikpr2\\ori\\laravel-starter-main\\vendor\\laravel\\framework\\src\\Illuminate\\Pipeline\\Pipeline.php(183): Illuminate\\View\\Middleware\\ShareErrorsFromSession->handle()
#40 Y:\\Project\\2024\\klikpr2\\ori\\laravel-starter-main\\vendor\\laravel\\framework\\src\\Illuminate\\Session\\Middleware\\StartSession.php(121): Illuminate\\Pipeline\\Pipeline->Illuminate\\Pipeline\\{closure}()
#41 Y:\\Project\\2024\\klikpr2\\ori\\laravel-starter-main\\vendor\\laravel\\framework\\src\\Illuminate\\Session\\Middleware\\StartSession.php(64): Illuminate\\Session\\Middleware\\StartSession->handleStatefulRequest()
#42 Y:\\Project\\2024\\klikpr2\\ori\\laravel-starter-main\\vendor\\laravel\\framework\\src\\Illuminate\\Pipeline\\Pipeline.php(183): Illuminate\\Session\\Middleware\\StartSession->handle()
#43 Y:\\Project\\2024\\klikpr2\\ori\\laravel-starter-main\\vendor\\laravel\\framework\\src\\Illuminate\\Cookie\\Middleware\\AddQueuedCookiesToResponse.php(37): Illuminate\\Pipeline\\Pipeline->Illuminate\\Pipeline\\{closure}()
#44 Y:\\Project\\2024\\klikpr2\\ori\\laravel-starter-main\\vendor\\laravel\\framework\\src\\Illuminate\\Pipeline\\Pipeline.php(183): Illuminate\\Cookie\\Middleware\\AddQueuedCookiesToResponse->handle()
#45 Y:\\Project\\2024\\klikpr2\\ori\\laravel-starter-main\\vendor\\laravel\\framework\\src\\Illuminate\\Cookie\\Middleware\\EncryptCookies.php(75): Illuminate\\Pipeline\\Pipeline->Illuminate\\Pipeline\\{closure}()
#46 Y:\\Project\\2024\\klikpr2\\ori\\laravel-starter-main\\vendor\\laravel\\framework\\src\\Illuminate\\Pipeline\\Pipeline.php(183): Illuminate\\Cookie\\Middleware\\EncryptCookies->handle()
#47 Y:\\Project\\2024\\klikpr2\\ori\\laravel-starter-main\\vendor\\laravel\\framework\\src\\Illuminate\\Pipeline\\Pipeline.php(119): Illuminate\\Pipeline\\Pipeline->Illuminate\\Pipeline\\{closure}()
#48 Y:\\Project\\2024\\klikpr2\\ori\\laravel-starter-main\\vendor\\laravel\\framework\\src\\Illuminate\\Routing\\Router.php(807): Illuminate\\Pipeline\\Pipeline->then()
#49 Y:\\Project\\2024\\klikpr2\\ori\\laravel-starter-main\\vendor\\laravel\\framework\\src\\Illuminate\\Routing\\Router.php(786): Illuminate\\Routing\\Router->runRouteWithinStack()
#50 Y:\\Project\\2024\\klikpr2\\ori\\laravel-starter-main\\vendor\\laravel\\framework\\src\\Illuminate\\Routing\\Router.php(750): Illuminate\\Routing\\Router->runRoute()
#51 Y:\\Project\\2024\\klikpr2\\ori\\laravel-starter-main\\vendor\\laravel\\framework\\src\\Illuminate\\Routing\\Router.php(739): Illuminate\\Routing\\Router->dispatchToRoute()
#52 Y:\\Project\\2024\\klikpr2\\ori\\laravel-starter-main\\vendor\\laravel\\framework\\src\\Illuminate\\Foundation\\Http\\Kernel.php(201): Illuminate\\Routing\\Router->dispatch()
#53 Y:\\Project\\2024\\klikpr2\\ori\\laravel-starter-main\\vendor\\laravel\\framework\\src\\Illuminate\\Pipeline\\Pipeline.php(144): Illuminate\\Foundation\\Http\\Kernel->Illuminate\\Foundation\\Http\\{closure}()
#54 Y:\\Project\\2024\\klikpr2\\ori\\laravel-starter-main\\vendor\\livewire\\livewire\\src\\Features\\SupportDisablingBackButtonCache\\DisableBackButtonCacheMiddleware.php(19): Illuminate\\Pipeline\\Pipeline->Illuminate\\Pipeline\\{closure}()
#55 Y:\\Project\\2024\\klikpr2\\ori\\laravel-starter-main\\vendor\\laravel\\framework\\src\\Illuminate\\Pipeline\\Pipeline.php(183): Livewire\\Features\\SupportDisablingBackButtonCache\\DisableBackButtonCacheMiddleware->handle()
#56 Y:\\Project\\2024\\klikpr2\\ori\\laravel-starter-main\\vendor\\barryvdh\\laravel-debugbar\\src\\Middleware\\InjectDebugbar.php(66): Illuminate\\Pipeline\\Pipeline->Illuminate\\Pipeline\\{closure}()
#57 Y:\\Project\\2024\\klikpr2\\ori\\laravel-starter-main\\vendor\\laravel\\framework\\src\\Illuminate\\Pipeline\\Pipeline.php(183): Barryvdh\\Debugbar\\Middleware\\InjectDebugbar->handle()
#58 Y:\\Project\\2024\\klikpr2\\ori\\laravel-starter-main\\vendor\\laravel\\framework\\src\\Illuminate\\Foundation\\Http\\Middleware\\TransformsRequest.php(21): Illuminate\\Pipeline\\Pipeline->Illuminate\\Pipeline\\{closure}()
#59 Y:\\Project\\2024\\klikpr2\\ori\\laravel-starter-main\\vendor\\laravel\\framework\\src\\Illuminate\\Foundation\\Http\\Middleware\\ConvertEmptyStringsToNull.php(31): Illuminate\\Foundation\\Http\\Middleware\\TransformsRequest->handle()
#60 Y:\\Project\\2024\\klikpr2\\ori\\laravel-starter-main\\vendor\\laravel\\framework\\src\\Illuminate\\Pipeline\\Pipeline.php(183): Illuminate\\Foundation\\Http\\Middleware\\ConvertEmptyStringsToNull->handle()
#61 Y:\\Project\\2024\\klikpr2\\ori\\laravel-starter-main\\vendor\\laravel\\framework\\src\\Illuminate\\Foundation\\Http\\Middleware\\TransformsRequest.php(21): Illuminate\\Pipeline\\Pipeline->Illuminate\\Pipeline\\{closure}()
#62 Y:\\Project\\2024\\klikpr2\\ori\\laravel-starter-main\\vendor\\laravel\\framework\\src\\Illuminate\\Foundation\\Http\\Middleware\\TrimStrings.php(51): Illuminate\\Foundation\\Http\\Middleware\\TransformsRequest->handle()
#63 Y:\\Project\\2024\\klikpr2\\ori\\laravel-starter-main\\vendor\\laravel\\framework\\src\\Illuminate\\Pipeline\\Pipeline.php(183): Illuminate\\Foundation\\Http\\Middleware\\TrimStrings->handle()
#64 Y:\\Project\\2024\\klikpr2\\ori\\laravel-starter-main\\vendor\\laravel\\framework\\src\\Illuminate\\Http\\Middleware\\ValidatePostSize.php(27): Illuminate\\Pipeline\\Pipeline->Illuminate\\Pipeline\\{closure}()
#65 Y:\\Project\\2024\\klikpr2\\ori\\laravel-starter-main\\vendor\\laravel\\framework\\src\\Illuminate\\Pipeline\\Pipeline.php(183): Illuminate\\Http\\Middleware\\ValidatePostSize->handle()
#66 Y:\\Project\\2024\\klikpr2\\ori\\laravel-starter-main\\vendor\\laravel\\framework\\src\\Illuminate\\Foundation\\Http\\Middleware\\PreventRequestsDuringMaintenance.php(110): Illuminate\\Pipeline\\Pipeline->Illuminate\\Pipeline\\{closure}()
#67 Y:\\Project\\2024\\klikpr2\\ori\\laravel-starter-main\\vendor\\laravel\\framework\\src\\Illuminate\\Pipeline\\Pipeline.php(183): Illuminate\\Foundation\\Http\\Middleware\\PreventRequestsDuringMaintenance->handle()
#68 Y:\\Project\\2024\\klikpr2\\ori\\laravel-starter-main\\vendor\\laravel\\framework\\src\\Illuminate\\Http\\Middleware\\HandleCors.php(49): Illuminate\\Pipeline\\Pipeline->Illuminate\\Pipeline\\{closure}()
#69 Y:\\Project\\2024\\klikpr2\\ori\\laravel-starter-main\\vendor\\laravel\\framework\\src\\Illuminate\\Pipeline\\Pipeline.php(183): Illuminate\\Http\\Middleware\\HandleCors->handle()
#70 Y:\\Project\\2024\\klikpr2\\ori\\laravel-starter-main\\vendor\\laravel\\framework\\src\\Illuminate\\Http\\Middleware\\TrustProxies.php(58): Illuminate\\Pipeline\\Pipeline->Illuminate\\Pipeline\\{closure}()
#71 Y:\\Project\\2024\\klikpr2\\ori\\laravel-starter-main\\vendor\\laravel\\framework\\src\\Illuminate\\Pipeline\\Pipeline.php(183): Illuminate\\Http\\Middleware\\TrustProxies->handle()
#72 Y:\\Project\\2024\\klikpr2\\ori\\laravel-starter-main\\vendor\\laravel\\framework\\src\\Illuminate\\Foundation\\Http\\Middleware\\InvokeDeferredCallbacks.php(22): Illuminate\\Pipeline\\Pipeline->Illuminate\\Pipeline\\{closure}()
#73 Y:\\Project\\2024\\klikpr2\\ori\\laravel-starter-main\\vendor\\laravel\\framework\\src\\Illuminate\\Pipeline\\Pipeline.php(183): Illuminate\\Foundation\\Http\\Middleware\\InvokeDeferredCallbacks->handle()
#74 Y:\\Project\\2024\\klikpr2\\ori\\laravel-starter-main\\vendor\\laravel\\framework\\src\\Illuminate\\Pipeline\\Pipeline.php(119): Illuminate\\Pipeline\\Pipeline->Illuminate\\Pipeline\\{closure}()
#75 Y:\\Project\\2024\\klikpr2\\ori\\laravel-starter-main\\vendor\\laravel\\framework\\src\\Illuminate\\Foundation\\Http\\Kernel.php(176): Illuminate\\Pipeline\\Pipeline->then()
#76 Y:\\Project\\2024\\klikpr2\\ori\\laravel-starter-main\\vendor\\laravel\\framework\\src\\Illuminate\\Foundation\\Http\\Kernel.php(145): Illuminate\\Foundation\\Http\\Kernel->sendRequestThroughRouter()
#77 Y:\\Project\\2024\\klikpr2\\ori\\laravel-starter-main\\vendor\\laravel\\framework\\src\\Illuminate\\Foundation\\Application.php(1188): Illuminate\\Foundation\\Http\\Kernel->handle()
#78 Y:\\Project\\2024\\klikpr2\\ori\\laravel-starter-main\\public\\index.php(17): Illuminate\\Foundation\\Application->handleRequest()
#79 Y:\\Project\\2024\\klikpr2\\ori\\laravel-starter-main\\vendor\\laravel\\framework\\src\\Illuminate\\Foundation\\resources\\server.php(23): require_once('...')
#80 {main}
"} 
[2024-12-16 10:40:41] local.ERROR: SQLSTATE[08006] [7] could not connect to server: Connection timed out (0x0000274C/10060)
	Is the server running on host "103.106.114.123" and accepting
	TCP/IP connections on port 5432? (Connection: pgsql, SQL: select * from "users" where "email" = santochijoho@gmail.com and "status" = 1 and "users"."deleted_at" is null limit 1) {"exception":"[object] (Illuminate\\Database\\QueryException(code: 7): SQLSTATE[08006] [7] could not connect to server: Connection timed out (0x0000274C/10060)
\tIs the server running on host \"103.106.114.123\" and accepting
\tTCP/IP connections on port 5432? (Connection: pgsql, SQL: select * from \"users\" where \"email\" = santochijoho@gmail.com and \"status\" = 1 and \"users\".\"deleted_at\" is null limit 1) at Y:\\Project\\2024\\klikpr2\\ori\\laravel-starter-main\\vendor\\laravel\\framework\\src\\Illuminate\\Database\\Connection.php:825)
[stacktrace]
#0 Y:\\Project\\2024\\klikpr2\\ori\\laravel-starter-main\\vendor\\laravel\\framework\\src\\Illuminate\\Database\\Connection.php(779): Illuminate\\Database\\Connection->runQueryCallback()
#1 Y:\\Project\\2024\\klikpr2\\ori\\laravel-starter-main\\vendor\\laravel\\framework\\src\\Illuminate\\Database\\Connection.php(398): Illuminate\\Database\\Connection->run()
#2 Y:\\Project\\2024\\klikpr2\\ori\\laravel-starter-main\\vendor\\laravel\\framework\\src\\Illuminate\\Database\\Query\\Builder.php(3132): Illuminate\\Database\\Connection->select()
#3 Y:\\Project\\2024\\klikpr2\\ori\\laravel-starter-main\\vendor\\laravel\\framework\\src\\Illuminate\\Database\\Query\\Builder.php(3117): Illuminate\\Database\\Query\\Builder->runSelect()
#4 Y:\\Project\\2024\\klikpr2\\ori\\laravel-starter-main\\vendor\\laravel\\framework\\src\\Illuminate\\Database\\Query\\Builder.php(3705): Illuminate\\Database\\Query\\Builder->Illuminate\\Database\\Query\\{closure}()
#5 Y:\\Project\\2024\\klikpr2\\ori\\laravel-starter-main\\vendor\\laravel\\framework\\src\\Illuminate\\Database\\Query\\Builder.php(3116): Illuminate\\Database\\Query\\Builder->onceWithColumns()
#6 Y:\\Project\\2024\\klikpr2\\ori\\laravel-starter-main\\vendor\\laravel\\framework\\src\\Illuminate\\Database\\Eloquent\\Builder.php(759): Illuminate\\Database\\Query\\Builder->get()
#7 Y:\\Project\\2024\\klikpr2\\ori\\laravel-starter-main\\vendor\\laravel\\framework\\src\\Illuminate\\Database\\Eloquent\\Builder.php(741): Illuminate\\Database\\Eloquent\\Builder->getModels()
#8 Y:\\Project\\2024\\klikpr2\\ori\\laravel-starter-main\\vendor\\laravel\\framework\\src\\Illuminate\\Database\\Concerns\\BuildsQueries.php(344): Illuminate\\Database\\Eloquent\\Builder->get()
#9 Y:\\Project\\2024\\klikpr2\\ori\\laravel-starter-main\\vendor\\laravel\\framework\\src\\Illuminate\\Auth\\EloquentUserProvider.php(139): Illuminate\\Database\\Eloquent\\Builder->first()
#10 Y:\\Project\\2024\\klikpr2\\ori\\laravel-starter-main\\vendor\\laravel\\framework\\src\\Illuminate\\Auth\\SessionGuard.php(393): Illuminate\\Auth\\EloquentUserProvider->retrieveByCredentials()
#11 Y:\\Project\\2024\\klikpr2\\ori\\laravel-starter-main\\vendor\\laravel\\framework\\src\\Illuminate\\Auth\\AuthManager.php(341): Illuminate\\Auth\\SessionGuard->attempt()
#12 Y:\\Project\\2024\\klikpr2\\ori\\laravel-starter-main\\vendor\\laravel\\framework\\src\\Illuminate\\Support\\Facades\\Facade.php(358): Illuminate\\Auth\\AuthManager->__call()
#13 Y:\\Project\\2024\\klikpr2\\ori\\laravel-starter-main\\app\\Http\\Controllers\\Auth\\AuthenticatedSessionController.php(37): Illuminate\\Support\\Facades\\Facade::__callStatic()
#14 Y:\\Project\\2024\\klikpr2\\ori\\laravel-starter-main\\app\\Http\\Controllers\\Controller.php(16): App\\Http\\Controllers\\Auth\\AuthenticatedSessionController->store()
#15 Y:\\Project\\2024\\klikpr2\\ori\\laravel-starter-main\\vendor\\laravel\\framework\\src\\Illuminate\\Routing\\ControllerDispatcher.php(43): App\\Http\\Controllers\\Controller->callAction()
#16 Y:\\Project\\2024\\klikpr2\\ori\\laravel-starter-main\\vendor\\laravel\\framework\\src\\Illuminate\\Routing\\Route.php(264): Illuminate\\Routing\\ControllerDispatcher->dispatch()
#17 Y:\\Project\\2024\\klikpr2\\ori\\laravel-starter-main\\vendor\\laravel\\framework\\src\\Illuminate\\Routing\\Route.php(210): Illuminate\\Routing\\Route->runController()
#18 Y:\\Project\\2024\\klikpr2\\ori\\laravel-starter-main\\vendor\\laravel\\framework\\src\\Illuminate\\Routing\\Router.php(808): Illuminate\\Routing\\Route->run()
#19 Y:\\Project\\2024\\klikpr2\\ori\\laravel-starter-main\\vendor\\laravel\\framework\\src\\Illuminate\\Pipeline\\Pipeline.php(144): Illuminate\\Routing\\Router->Illuminate\\Routing\\{closure}()
#20 Y:\\Project\\2024\\klikpr2\\ori\\laravel-starter-main\\vendor\\laravel\\framework\\src\\Illuminate\\Auth\\Middleware\\RedirectIfAuthenticated.php(35): Illuminate\\Pipeline\\Pipeline->Illuminate\\Pipeline\\{closure}()
#21 Y:\\Project\\2024\\klikpr2\\ori\\laravel-starter-main\\vendor\\laravel\\framework\\src\\Illuminate\\Pipeline\\Pipeline.php(183): Illuminate\\Auth\\Middleware\\RedirectIfAuthenticated->handle()
#22 Y:\\Project\\2024\\klikpr2\\ori\\laravel-starter-main\\app\\Http\\Middleware\\SetLocale.php(25): Illuminate\\Pipeline\\Pipeline->Illuminate\\Pipeline\\{closure}()
#23 Y:\\Project\\2024\\klikpr2\\ori\\laravel-starter-main\\vendor\\laravel\\framework\\src\\Illuminate\\Pipeline\\Pipeline.php(183): App\\Http\\Middleware\\SetLocale->handle()
#24 Y:\\Project\\2024\\klikpr2\\ori\\laravel-starter-main\\vendor\\laravel\\framework\\src\\Illuminate\\Routing\\Middleware\\SubstituteBindings.php(51): Illuminate\\Pipeline\\Pipeline->Illuminate\\Pipeline\\{closure}()
#25 Y:\\Project\\2024\\klikpr2\\ori\\laravel-starter-main\\vendor\\laravel\\framework\\src\\Illuminate\\Pipeline\\Pipeline.php(183): Illuminate\\Routing\\Middleware\\SubstituteBindings->handle()
#26 Y:\\Project\\2024\\klikpr2\\ori\\laravel-starter-main\\vendor\\laravel\\framework\\src\\Illuminate\\Foundation\\Http\\Middleware\\VerifyCsrfToken.php(88): Illuminate\\Pipeline\\Pipeline->Illuminate\\Pipeline\\{closure}()
#27 Y:\\Project\\2024\\klikpr2\\ori\\laravel-starter-main\\vendor\\laravel\\framework\\src\\Illuminate\\Pipeline\\Pipeline.php(183): Illuminate\\Foundation\\Http\\Middleware\\VerifyCsrfToken->handle()
#28 Y:\\Project\\2024\\klikpr2\\ori\\laravel-starter-main\\vendor\\laravel\\framework\\src\\Illuminate\\View\\Middleware\\ShareErrorsFromSession.php(49): Illuminate\\Pipeline\\Pipeline->Illuminate\\Pipeline\\{closure}()
#29 Y:\\Project\\2024\\klikpr2\\ori\\laravel-starter-main\\vendor\\laravel\\framework\\src\\Illuminate\\Pipeline\\Pipeline.php(183): Illuminate\\View\\Middleware\\ShareErrorsFromSession->handle()
#30 Y:\\Project\\2024\\klikpr2\\ori\\laravel-starter-main\\vendor\\laravel\\framework\\src\\Illuminate\\Session\\Middleware\\StartSession.php(121): Illuminate\\Pipeline\\Pipeline->Illuminate\\Pipeline\\{closure}()
#31 Y:\\Project\\2024\\klikpr2\\ori\\laravel-starter-main\\vendor\\laravel\\framework\\src\\Illuminate\\Session\\Middleware\\StartSession.php(64): Illuminate\\Session\\Middleware\\StartSession->handleStatefulRequest()
#32 Y:\\Project\\2024\\klikpr2\\ori\\laravel-starter-main\\vendor\\laravel\\framework\\src\\Illuminate\\Pipeline\\Pipeline.php(183): Illuminate\\Session\\Middleware\\StartSession->handle()
#33 Y:\\Project\\2024\\klikpr2\\ori\\laravel-starter-main\\vendor\\laravel\\framework\\src\\Illuminate\\Cookie\\Middleware\\AddQueuedCookiesToResponse.php(37): Illuminate\\Pipeline\\Pipeline->Illuminate\\Pipeline\\{closure}()
#34 Y:\\Project\\2024\\klikpr2\\ori\\laravel-starter-main\\vendor\\laravel\\framework\\src\\Illuminate\\Pipeline\\Pipeline.php(183): Illuminate\\Cookie\\Middleware\\AddQueuedCookiesToResponse->handle()
#35 Y:\\Project\\2024\\klikpr2\\ori\\laravel-starter-main\\vendor\\laravel\\framework\\src\\Illuminate\\Cookie\\Middleware\\EncryptCookies.php(75): Illuminate\\Pipeline\\Pipeline->Illuminate\\Pipeline\\{closure}()
#36 Y:\\Project\\2024\\klikpr2\\ori\\laravel-starter-main\\vendor\\laravel\\framework\\src\\Illuminate\\Pipeline\\Pipeline.php(183): Illuminate\\Cookie\\Middleware\\EncryptCookies->handle()
#37 Y:\\Project\\2024\\klikpr2\\ori\\laravel-starter-main\\vendor\\laravel\\framework\\src\\Illuminate\\Pipeline\\Pipeline.php(119): Illuminate\\Pipeline\\Pipeline->Illuminate\\Pipeline\\{closure}()
#38 Y:\\Project\\2024\\klikpr2\\ori\\laravel-starter-main\\vendor\\laravel\\framework\\src\\Illuminate\\Routing\\Router.php(807): Illuminate\\Pipeline\\Pipeline->then()
#39 Y:\\Project\\2024\\klikpr2\\ori\\laravel-starter-main\\vendor\\laravel\\framework\\src\\Illuminate\\Routing\\Router.php(786): Illuminate\\Routing\\Router->runRouteWithinStack()
#40 Y:\\Project\\2024\\klikpr2\\ori\\laravel-starter-main\\vendor\\laravel\\framework\\src\\Illuminate\\Routing\\Router.php(750): Illuminate\\Routing\\Router->runRoute()
#41 Y:\\Project\\2024\\klikpr2\\ori\\laravel-starter-main\\vendor\\laravel\\framework\\src\\Illuminate\\Routing\\Router.php(739): Illuminate\\Routing\\Router->dispatchToRoute()
#42 Y:\\Project\\2024\\klikpr2\\ori\\laravel-starter-main\\vendor\\laravel\\framework\\src\\Illuminate\\Foundation\\Http\\Kernel.php(201): Illuminate\\Routing\\Router->dispatch()
#43 Y:\\Project\\2024\\klikpr2\\ori\\laravel-starter-main\\vendor\\laravel\\framework\\src\\Illuminate\\Pipeline\\Pipeline.php(144): Illuminate\\Foundation\\Http\\Kernel->Illuminate\\Foundation\\Http\\{closure}()
#44 Y:\\Project\\2024\\klikpr2\\ori\\laravel-starter-main\\vendor\\livewire\\livewire\\src\\Features\\SupportDisablingBackButtonCache\\DisableBackButtonCacheMiddleware.php(19): Illuminate\\Pipeline\\Pipeline->Illuminate\\Pipeline\\{closure}()
#45 Y:\\Project\\2024\\klikpr2\\ori\\laravel-starter-main\\vendor\\laravel\\framework\\src\\Illuminate\\Pipeline\\Pipeline.php(183): Livewire\\Features\\SupportDisablingBackButtonCache\\DisableBackButtonCacheMiddleware->handle()
#46 Y:\\Project\\2024\\klikpr2\\ori\\laravel-starter-main\\vendor\\barryvdh\\laravel-debugbar\\src\\Middleware\\InjectDebugbar.php(66): Illuminate\\Pipeline\\Pipeline->Illuminate\\Pipeline\\{closure}()
#47 Y:\\Project\\2024\\klikpr2\\ori\\laravel-starter-main\\vendor\\laravel\\framework\\src\\Illuminate\\Pipeline\\Pipeline.php(183): Barryvdh\\Debugbar\\Middleware\\InjectDebugbar->handle()
#48 Y:\\Project\\2024\\klikpr2\\ori\\laravel-starter-main\\vendor\\laravel\\framework\\src\\Illuminate\\Foundation\\Http\\Middleware\\TransformsRequest.php(21): Illuminate\\Pipeline\\Pipeline->Illuminate\\Pipeline\\{closure}()
#49 Y:\\Project\\2024\\klikpr2\\ori\\laravel-starter-main\\vendor\\laravel\\framework\\src\\Illuminate\\Foundation\\Http\\Middleware\\ConvertEmptyStringsToNull.php(31): Illuminate\\Foundation\\Http\\Middleware\\TransformsRequest->handle()
#50 Y:\\Project\\2024\\klikpr2\\ori\\laravel-starter-main\\vendor\\laravel\\framework\\src\\Illuminate\\Pipeline\\Pipeline.php(183): Illuminate\\Foundation\\Http\\Middleware\\ConvertEmptyStringsToNull->handle()
#51 Y:\\Project\\2024\\klikpr2\\ori\\laravel-starter-main\\vendor\\laravel\\framework\\src\\Illuminate\\Foundation\\Http\\Middleware\\TransformsRequest.php(21): Illuminate\\Pipeline\\Pipeline->Illuminate\\Pipeline\\{closure}()
#52 Y:\\Project\\2024\\klikpr2\\ori\\laravel-starter-main\\vendor\\laravel\\framework\\src\\Illuminate\\Foundation\\Http\\Middleware\\TrimStrings.php(51): Illuminate\\Foundation\\Http\\Middleware\\TransformsRequest->handle()
#53 Y:\\Project\\2024\\klikpr2\\ori\\laravel-starter-main\\vendor\\laravel\\framework\\src\\Illuminate\\Pipeline\\Pipeline.php(183): Illuminate\\Foundation\\Http\\Middleware\\TrimStrings->handle()
#54 Y:\\Project\\2024\\klikpr2\\ori\\laravel-starter-main\\vendor\\laravel\\framework\\src\\Illuminate\\Http\\Middleware\\ValidatePostSize.php(27): Illuminate\\Pipeline\\Pipeline->Illuminate\\Pipeline\\{closure}()
#55 Y:\\Project\\2024\\klikpr2\\ori\\laravel-starter-main\\vendor\\laravel\\framework\\src\\Illuminate\\Pipeline\\Pipeline.php(183): Illuminate\\Http\\Middleware\\ValidatePostSize->handle()
#56 Y:\\Project\\2024\\klikpr2\\ori\\laravel-starter-main\\vendor\\laravel\\framework\\src\\Illuminate\\Foundation\\Http\\Middleware\\PreventRequestsDuringMaintenance.php(110): Illuminate\\Pipeline\\Pipeline->Illuminate\\Pipeline\\{closure}()
#57 Y:\\Project\\2024\\klikpr2\\ori\\laravel-starter-main\\vendor\\laravel\\framework\\src\\Illuminate\\Pipeline\\Pipeline.php(183): Illuminate\\Foundation\\Http\\Middleware\\PreventRequestsDuringMaintenance->handle()
#58 Y:\\Project\\2024\\klikpr2\\ori\\laravel-starter-main\\vendor\\laravel\\framework\\src\\Illuminate\\Http\\Middleware\\HandleCors.php(49): Illuminate\\Pipeline\\Pipeline->Illuminate\\Pipeline\\{closure}()
#59 Y:\\Project\\2024\\klikpr2\\ori\\laravel-starter-main\\vendor\\laravel\\framework\\src\\Illuminate\\Pipeline\\Pipeline.php(183): Illuminate\\Http\\Middleware\\HandleCors->handle()
#60 Y:\\Project\\2024\\klikpr2\\ori\\laravel-starter-main\\vendor\\laravel\\framework\\src\\Illuminate\\Http\\Middleware\\TrustProxies.php(58): Illuminate\\Pipeline\\Pipeline->Illuminate\\Pipeline\\{closure}()
#61 Y:\\Project\\2024\\klikpr2\\ori\\laravel-starter-main\\vendor\\laravel\\framework\\src\\Illuminate\\Pipeline\\Pipeline.php(183): Illuminate\\Http\\Middleware\\TrustProxies->handle()
#62 Y:\\Project\\2024\\klikpr2\\ori\\laravel-starter-main\\vendor\\laravel\\framework\\src\\Illuminate\\Foundation\\Http\\Middleware\\InvokeDeferredCallbacks.php(22): Illuminate\\Pipeline\\Pipeline->Illuminate\\Pipeline\\{closure}()
#63 Y:\\Project\\2024\\klikpr2\\ori\\laravel-starter-main\\vendor\\laravel\\framework\\src\\Illuminate\\Pipeline\\Pipeline.php(183): Illuminate\\Foundation\\Http\\Middleware\\InvokeDeferredCallbacks->handle()
#64 Y:\\Project\\2024\\klikpr2\\ori\\laravel-starter-main\\vendor\\laravel\\framework\\src\\Illuminate\\Pipeline\\Pipeline.php(119): Illuminate\\Pipeline\\Pipeline->Illuminate\\Pipeline\\{closure}()
#65 Y:\\Project\\2024\\klikpr2\\ori\\laravel-starter-main\\vendor\\laravel\\framework\\src\\Illuminate\\Foundation\\Http\\Kernel.php(176): Illuminate\\Pipeline\\Pipeline->then()
#66 Y:\\Project\\2024\\klikpr2\\ori\\laravel-starter-main\\vendor\\laravel\\framework\\src\\Illuminate\\Foundation\\Http\\Kernel.php(145): Illuminate\\Foundation\\Http\\Kernel->sendRequestThroughRouter()
#67 Y:\\Project\\2024\\klikpr2\\ori\\laravel-starter-main\\vendor\\laravel\\framework\\src\\Illuminate\\Foundation\\Application.php(1188): Illuminate\\Foundation\\Http\\Kernel->handle()
#68 Y:\\Project\\2024\\klikpr2\\ori\\laravel-starter-main\\public\\index.php(17): Illuminate\\Foundation\\Application->handleRequest()
#69 Y:\\Project\\2024\\klikpr2\\ori\\laravel-starter-main\\vendor\\laravel\\framework\\src\\Illuminate\\Foundation\\resources\\server.php(23): require_once('...')
#70 {main}

[previous exception] [object] (PDOException(code: 7): SQLSTATE[08006] [7] could not connect to server: Connection timed out (0x0000274C/10060)
\tIs the server running on host \"103.106.114.123\" and accepting
\tTCP/IP connections on port 5432? at Y:\\Project\\2024\\klikpr2\\ori\\laravel-starter-main\\vendor\\laravel\\framework\\src\\Illuminate\\Database\\Connectors\\Connector.php:66)
[stacktrace]
#0 Y:\\Project\\2024\\klikpr2\\ori\\laravel-starter-main\\vendor\\laravel\\framework\\src\\Illuminate\\Database\\Connectors\\Connector.php(66): PDO->__construct()
#1 Y:\\Project\\2024\\klikpr2\\ori\\laravel-starter-main\\vendor\\laravel\\framework\\src\\Illuminate\\Database\\Connectors\\Connector.php(44): Illuminate\\Database\\Connectors\\Connector->createPdoConnection()
#2 Y:\\Project\\2024\\klikpr2\\ori\\laravel-starter-main\\vendor\\laravel\\framework\\src\\Illuminate\\Database\\Connectors\\PostgresConnector.php(35): Illuminate\\Database\\Connectors\\Connector->createConnection()
#3 Y:\\Project\\2024\\klikpr2\\ori\\laravel-starter-main\\vendor\\laravel\\framework\\src\\Illuminate\\Database\\Connectors\\ConnectionFactory.php(185): Illuminate\\Database\\Connectors\\PostgresConnector->connect()
#4 [internal function]: Illuminate\\Database\\Connectors\\ConnectionFactory->Illuminate\\Database\\Connectors\\{closure}()
#5 Y:\\Project\\2024\\klikpr2\\ori\\laravel-starter-main\\vendor\\laravel\\framework\\src\\Illuminate\\Database\\Connection.php(1231): call_user_func()
#6 Y:\\Project\\2024\\klikpr2\\ori\\laravel-starter-main\\vendor\\laravel\\framework\\src\\Illuminate\\Database\\Connection.php(1267): Illuminate\\Database\\Connection->getPdo()
#7 Y:\\Project\\2024\\klikpr2\\ori\\laravel-starter-main\\vendor\\laravel\\framework\\src\\Illuminate\\Database\\Connection.php(512): Illuminate\\Database\\Connection->getReadPdo()
#8 Y:\\Project\\2024\\klikpr2\\ori\\laravel-starter-main\\vendor\\laravel\\framework\\src\\Illuminate\\Database\\Connection.php(407): Illuminate\\Database\\Connection->getPdoForSelect()
#9 Y:\\Project\\2024\\klikpr2\\ori\\laravel-starter-main\\vendor\\laravel\\framework\\src\\Illuminate\\Database\\Connection.php(812): Illuminate\\Database\\Connection->Illuminate\\Database\\{closure}()
#10 Y:\\Project\\2024\\klikpr2\\ori\\laravel-starter-main\\vendor\\laravel\\framework\\src\\Illuminate\\Database\\Connection.php(779): Illuminate\\Database\\Connection->runQueryCallback()
#11 Y:\\Project\\2024\\klikpr2\\ori\\laravel-starter-main\\vendor\\laravel\\framework\\src\\Illuminate\\Database\\Connection.php(398): Illuminate\\Database\\Connection->run()
#12 Y:\\Project\\2024\\klikpr2\\ori\\laravel-starter-main\\vendor\\laravel\\framework\\src\\Illuminate\\Database\\Query\\Builder.php(3132): Illuminate\\Database\\Connection->select()
#13 Y:\\Project\\2024\\klikpr2\\ori\\laravel-starter-main\\vendor\\laravel\\framework\\src\\Illuminate\\Database\\Query\\Builder.php(3117): Illuminate\\Database\\Query\\Builder->runSelect()
#14 Y:\\Project\\2024\\klikpr2\\ori\\laravel-starter-main\\vendor\\laravel\\framework\\src\\Illuminate\\Database\\Query\\Builder.php(3705): Illuminate\\Database\\Query\\Builder->Illuminate\\Database\\Query\\{closure}()
#15 Y:\\Project\\2024\\klikpr2\\ori\\laravel-starter-main\\vendor\\laravel\\framework\\src\\Illuminate\\Database\\Query\\Builder.php(3116): Illuminate\\Database\\Query\\Builder->onceWithColumns()
#16 Y:\\Project\\2024\\klikpr2\\ori\\laravel-starter-main\\vendor\\laravel\\framework\\src\\Illuminate\\Database\\Eloquent\\Builder.php(759): Illuminate\\Database\\Query\\Builder->get()
#17 Y:\\Project\\2024\\klikpr2\\ori\\laravel-starter-main\\vendor\\laravel\\framework\\src\\Illuminate\\Database\\Eloquent\\Builder.php(741): Illuminate\\Database\\Eloquent\\Builder->getModels()
#18 Y:\\Project\\2024\\klikpr2\\ori\\laravel-starter-main\\vendor\\laravel\\framework\\src\\Illuminate\\Database\\Concerns\\BuildsQueries.php(344): Illuminate\\Database\\Eloquent\\Builder->get()
#19 Y:\\Project\\2024\\klikpr2\\ori\\laravel-starter-main\\vendor\\laravel\\framework\\src\\Illuminate\\Auth\\EloquentUserProvider.php(139): Illuminate\\Database\\Eloquent\\Builder->first()
#20 Y:\\Project\\2024\\klikpr2\\ori\\laravel-starter-main\\vendor\\laravel\\framework\\src\\Illuminate\\Auth\\SessionGuard.php(393): Illuminate\\Auth\\EloquentUserProvider->retrieveByCredentials()
#21 Y:\\Project\\2024\\klikpr2\\ori\\laravel-starter-main\\vendor\\laravel\\framework\\src\\Illuminate\\Auth\\AuthManager.php(341): Illuminate\\Auth\\SessionGuard->attempt()
#22 Y:\\Project\\2024\\klikpr2\\ori\\laravel-starter-main\\vendor\\laravel\\framework\\src\\Illuminate\\Support\\Facades\\Facade.php(358): Illuminate\\Auth\\AuthManager->__call()
#23 Y:\\Project\\2024\\klikpr2\\ori\\laravel-starter-main\\app\\Http\\Controllers\\Auth\\AuthenticatedSessionController.php(37): Illuminate\\Support\\Facades\\Facade::__callStatic()
#24 Y:\\Project\\2024\\klikpr2\\ori\\laravel-starter-main\\app\\Http\\Controllers\\Controller.php(16): App\\Http\\Controllers\\Auth\\AuthenticatedSessionController->store()
#25 Y:\\Project\\2024\\klikpr2\\ori\\laravel-starter-main\\vendor\\laravel\\framework\\src\\Illuminate\\Routing\\ControllerDispatcher.php(43): App\\Http\\Controllers\\Controller->callAction()
#26 Y:\\Project\\2024\\klikpr2\\ori\\laravel-starter-main\\vendor\\laravel\\framework\\src\\Illuminate\\Routing\\Route.php(264): Illuminate\\Routing\\ControllerDispatcher->dispatch()
#27 Y:\\Project\\2024\\klikpr2\\ori\\laravel-starter-main\\vendor\\laravel\\framework\\src\\Illuminate\\Routing\\Route.php(210): Illuminate\\Routing\\Route->runController()
#28 Y:\\Project\\2024\\klikpr2\\ori\\laravel-starter-main\\vendor\\laravel\\framework\\src\\Illuminate\\Routing\\Router.php(808): Illuminate\\Routing\\Route->run()
#29 Y:\\Project\\2024\\klikpr2\\ori\\laravel-starter-main\\vendor\\laravel\\framework\\src\\Illuminate\\Pipeline\\Pipeline.php(144): Illuminate\\Routing\\Router->Illuminate\\Routing\\{closure}()
#30 Y:\\Project\\2024\\klikpr2\\ori\\laravel-starter-main\\vendor\\laravel\\framework\\src\\Illuminate\\Auth\\Middleware\\RedirectIfAuthenticated.php(35): Illuminate\\Pipeline\\Pipeline->Illuminate\\Pipeline\\{closure}()
#31 Y:\\Project\\2024\\klikpr2\\ori\\laravel-starter-main\\vendor\\laravel\\framework\\src\\Illuminate\\Pipeline\\Pipeline.php(183): Illuminate\\Auth\\Middleware\\RedirectIfAuthenticated->handle()
#32 Y:\\Project\\2024\\klikpr2\\ori\\laravel-starter-main\\app\\Http\\Middleware\\SetLocale.php(25): Illuminate\\Pipeline\\Pipeline->Illuminate\\Pipeline\\{closure}()
#33 Y:\\Project\\2024\\klikpr2\\ori\\laravel-starter-main\\vendor\\laravel\\framework\\src\\Illuminate\\Pipeline\\Pipeline.php(183): App\\Http\\Middleware\\SetLocale->handle()
#34 Y:\\Project\\2024\\klikpr2\\ori\\laravel-starter-main\\vendor\\laravel\\framework\\src\\Illuminate\\Routing\\Middleware\\SubstituteBindings.php(51): Illuminate\\Pipeline\\Pipeline->Illuminate\\Pipeline\\{closure}()
#35 Y:\\Project\\2024\\klikpr2\\ori\\laravel-starter-main\\vendor\\laravel\\framework\\src\\Illuminate\\Pipeline\\Pipeline.php(183): Illuminate\\Routing\\Middleware\\SubstituteBindings->handle()
#36 Y:\\Project\\2024\\klikpr2\\ori\\laravel-starter-main\\vendor\\laravel\\framework\\src\\Illuminate\\Foundation\\Http\\Middleware\\VerifyCsrfToken.php(88): Illuminate\\Pipeline\\Pipeline->Illuminate\\Pipeline\\{closure}()
#37 Y:\\Project\\2024\\klikpr2\\ori\\laravel-starter-main\\vendor\\laravel\\framework\\src\\Illuminate\\Pipeline\\Pipeline.php(183): Illuminate\\Foundation\\Http\\Middleware\\VerifyCsrfToken->handle()
#38 Y:\\Project\\2024\\klikpr2\\ori\\laravel-starter-main\\vendor\\laravel\\framework\\src\\Illuminate\\View\\Middleware\\ShareErrorsFromSession.php(49): Illuminate\\Pipeline\\Pipeline->Illuminate\\Pipeline\\{closure}()
#39 Y:\\Project\\2024\\klikpr2\\ori\\laravel-starter-main\\vendor\\laravel\\framework\\src\\Illuminate\\Pipeline\\Pipeline.php(183): Illuminate\\View\\Middleware\\ShareErrorsFromSession->handle()
#40 Y:\\Project\\2024\\klikpr2\\ori\\laravel-starter-main\\vendor\\laravel\\framework\\src\\Illuminate\\Session\\Middleware\\StartSession.php(121): Illuminate\\Pipeline\\Pipeline->Illuminate\\Pipeline\\{closure}()
#41 Y:\\Project\\2024\\klikpr2\\ori\\laravel-starter-main\\vendor\\laravel\\framework\\src\\Illuminate\\Session\\Middleware\\StartSession.php(64): Illuminate\\Session\\Middleware\\StartSession->handleStatefulRequest()
#42 Y:\\Project\\2024\\klikpr2\\ori\\laravel-starter-main\\vendor\\laravel\\framework\\src\\Illuminate\\Pipeline\\Pipeline.php(183): Illuminate\\Session\\Middleware\\StartSession->handle()
#43 Y:\\Project\\2024\\klikpr2\\ori\\laravel-starter-main\\vendor\\laravel\\framework\\src\\Illuminate\\Cookie\\Middleware\\AddQueuedCookiesToResponse.php(37): Illuminate\\Pipeline\\Pipeline->Illuminate\\Pipeline\\{closure}()
#44 Y:\\Project\\2024\\klikpr2\\ori\\laravel-starter-main\\vendor\\laravel\\framework\\src\\Illuminate\\Pipeline\\Pipeline.php(183): Illuminate\\Cookie\\Middleware\\AddQueuedCookiesToResponse->handle()
#45 Y:\\Project\\2024\\klikpr2\\ori\\laravel-starter-main\\vendor\\laravel\\framework\\src\\Illuminate\\Cookie\\Middleware\\EncryptCookies.php(75): Illuminate\\Pipeline\\Pipeline->Illuminate\\Pipeline\\{closure}()
#46 Y:\\Project\\2024\\klikpr2\\ori\\laravel-starter-main\\vendor\\laravel\\framework\\src\\Illuminate\\Pipeline\\Pipeline.php(183): Illuminate\\Cookie\\Middleware\\EncryptCookies->handle()
#47 Y:\\Project\\2024\\klikpr2\\ori\\laravel-starter-main\\vendor\\laravel\\framework\\src\\Illuminate\\Pipeline\\Pipeline.php(119): Illuminate\\Pipeline\\Pipeline->Illuminate\\Pipeline\\{closure}()
#48 Y:\\Project\\2024\\klikpr2\\ori\\laravel-starter-main\\vendor\\laravel\\framework\\src\\Illuminate\\Routing\\Router.php(807): Illuminate\\Pipeline\\Pipeline->then()
#49 Y:\\Project\\2024\\klikpr2\\ori\\laravel-starter-main\\vendor\\laravel\\framework\\src\\Illuminate\\Routing\\Router.php(786): Illuminate\\Routing\\Router->runRouteWithinStack()
#50 Y:\\Project\\2024\\klikpr2\\ori\\laravel-starter-main\\vendor\\laravel\\framework\\src\\Illuminate\\Routing\\Router.php(750): Illuminate\\Routing\\Router->runRoute()
#51 Y:\\Project\\2024\\klikpr2\\ori\\laravel-starter-main\\vendor\\laravel\\framework\\src\\Illuminate\\Routing\\Router.php(739): Illuminate\\Routing\\Router->dispatchToRoute()
#52 Y:\\Project\\2024\\klikpr2\\ori\\laravel-starter-main\\vendor\\laravel\\framework\\src\\Illuminate\\Foundation\\Http\\Kernel.php(201): Illuminate\\Routing\\Router->dispatch()
#53 Y:\\Project\\2024\\klikpr2\\ori\\laravel-starter-main\\vendor\\laravel\\framework\\src\\Illuminate\\Pipeline\\Pipeline.php(144): Illuminate\\Foundation\\Http\\Kernel->Illuminate\\Foundation\\Http\\{closure}()
#54 Y:\\Project\\2024\\klikpr2\\ori\\laravel-starter-main\\vendor\\livewire\\livewire\\src\\Features\\SupportDisablingBackButtonCache\\DisableBackButtonCacheMiddleware.php(19): Illuminate\\Pipeline\\Pipeline->Illuminate\\Pipeline\\{closure}()
#55 Y:\\Project\\2024\\klikpr2\\ori\\laravel-starter-main\\vendor\\laravel\\framework\\src\\Illuminate\\Pipeline\\Pipeline.php(183): Livewire\\Features\\SupportDisablingBackButtonCache\\DisableBackButtonCacheMiddleware->handle()
#56 Y:\\Project\\2024\\klikpr2\\ori\\laravel-starter-main\\vendor\\barryvdh\\laravel-debugbar\\src\\Middleware\\InjectDebugbar.php(66): Illuminate\\Pipeline\\Pipeline->Illuminate\\Pipeline\\{closure}()
#57 Y:\\Project\\2024\\klikpr2\\ori\\laravel-starter-main\\vendor\\laravel\\framework\\src\\Illuminate\\Pipeline\\Pipeline.php(183): Barryvdh\\Debugbar\\Middleware\\InjectDebugbar->handle()
#58 Y:\\Project\\2024\\klikpr2\\ori\\laravel-starter-main\\vendor\\laravel\\framework\\src\\Illuminate\\Foundation\\Http\\Middleware\\TransformsRequest.php(21): Illuminate\\Pipeline\\Pipeline->Illuminate\\Pipeline\\{closure}()
#59 Y:\\Project\\2024\\klikpr2\\ori\\laravel-starter-main\\vendor\\laravel\\framework\\src\\Illuminate\\Foundation\\Http\\Middleware\\ConvertEmptyStringsToNull.php(31): Illuminate\\Foundation\\Http\\Middleware\\TransformsRequest->handle()
#60 Y:\\Project\\2024\\klikpr2\\ori\\laravel-starter-main\\vendor\\laravel\\framework\\src\\Illuminate\\Pipeline\\Pipeline.php(183): Illuminate\\Foundation\\Http\\Middleware\\ConvertEmptyStringsToNull->handle()
#61 Y:\\Project\\2024\\klikpr2\\ori\\laravel-starter-main\\vendor\\laravel\\framework\\src\\Illuminate\\Foundation\\Http\\Middleware\\TransformsRequest.php(21): Illuminate\\Pipeline\\Pipeline->Illuminate\\Pipeline\\{closure}()
#62 Y:\\Project\\2024\\klikpr2\\ori\\laravel-starter-main\\vendor\\laravel\\framework\\src\\Illuminate\\Foundation\\Http\\Middleware\\TrimStrings.php(51): Illuminate\\Foundation\\Http\\Middleware\\TransformsRequest->handle()
#63 Y:\\Project\\2024\\klikpr2\\ori\\laravel-starter-main\\vendor\\laravel\\framework\\src\\Illuminate\\Pipeline\\Pipeline.php(183): Illuminate\\Foundation\\Http\\Middleware\\TrimStrings->handle()
#64 Y:\\Project\\2024\\klikpr2\\ori\\laravel-starter-main\\vendor\\laravel\\framework\\src\\Illuminate\\Http\\Middleware\\ValidatePostSize.php(27): Illuminate\\Pipeline\\Pipeline->Illuminate\\Pipeline\\{closure}()
#65 Y:\\Project\\2024\\klikpr2\\ori\\laravel-starter-main\\vendor\\laravel\\framework\\src\\Illuminate\\Pipeline\\Pipeline.php(183): Illuminate\\Http\\Middleware\\ValidatePostSize->handle()
#66 Y:\\Project\\2024\\klikpr2\\ori\\laravel-starter-main\\vendor\\laravel\\framework\\src\\Illuminate\\Foundation\\Http\\Middleware\\PreventRequestsDuringMaintenance.php(110): Illuminate\\Pipeline\\Pipeline->Illuminate\\Pipeline\\{closure}()
#67 Y:\\Project\\2024\\klikpr2\\ori\\laravel-starter-main\\vendor\\laravel\\framework\\src\\Illuminate\\Pipeline\\Pipeline.php(183): Illuminate\\Foundation\\Http\\Middleware\\PreventRequestsDuringMaintenance->handle()
#68 Y:\\Project\\2024\\klikpr2\\ori\\laravel-starter-main\\vendor\\laravel\\framework\\src\\Illuminate\\Http\\Middleware\\HandleCors.php(49): Illuminate\\Pipeline\\Pipeline->Illuminate\\Pipeline\\{closure}()
#69 Y:\\Project\\2024\\klikpr2\\ori\\laravel-starter-main\\vendor\\laravel\\framework\\src\\Illuminate\\Pipeline\\Pipeline.php(183): Illuminate\\Http\\Middleware\\HandleCors->handle()
#70 Y:\\Project\\2024\\klikpr2\\ori\\laravel-starter-main\\vendor\\laravel\\framework\\src\\Illuminate\\Http\\Middleware\\TrustProxies.php(58): Illuminate\\Pipeline\\Pipeline->Illuminate\\Pipeline\\{closure}()
#71 Y:\\Project\\2024\\klikpr2\\ori\\laravel-starter-main\\vendor\\laravel\\framework\\src\\Illuminate\\Pipeline\\Pipeline.php(183): Illuminate\\Http\\Middleware\\TrustProxies->handle()
#72 Y:\\Project\\2024\\klikpr2\\ori\\laravel-starter-main\\vendor\\laravel\\framework\\src\\Illuminate\\Foundation\\Http\\Middleware\\InvokeDeferredCallbacks.php(22): Illuminate\\Pipeline\\Pipeline->Illuminate\\Pipeline\\{closure}()
#73 Y:\\Project\\2024\\klikpr2\\ori\\laravel-starter-main\\vendor\\laravel\\framework\\src\\Illuminate\\Pipeline\\Pipeline.php(183): Illuminate\\Foundation\\Http\\Middleware\\InvokeDeferredCallbacks->handle()
#74 Y:\\Project\\2024\\klikpr2\\ori\\laravel-starter-main\\vendor\\laravel\\framework\\src\\Illuminate\\Pipeline\\Pipeline.php(119): Illuminate\\Pipeline\\Pipeline->Illuminate\\Pipeline\\{closure}()
#75 Y:\\Project\\2024\\klikpr2\\ori\\laravel-starter-main\\vendor\\laravel\\framework\\src\\Illuminate\\Foundation\\Http\\Kernel.php(176): Illuminate\\Pipeline\\Pipeline->then()
#76 Y:\\Project\\2024\\klikpr2\\ori\\laravel-starter-main\\vendor\\laravel\\framework\\src\\Illuminate\\Foundation\\Http\\Kernel.php(145): Illuminate\\Foundation\\Http\\Kernel->sendRequestThroughRouter()
#77 Y:\\Project\\2024\\klikpr2\\ori\\laravel-starter-main\\vendor\\laravel\\framework\\src\\Illuminate\\Foundation\\Application.php(1188): Illuminate\\Foundation\\Http\\Kernel->handle()
#78 Y:\\Project\\2024\\klikpr2\\ori\\laravel-starter-main\\public\\index.php(17): Illuminate\\Foundation\\Application->handleRequest()
#79 Y:\\Project\\2024\\klikpr2\\ori\\laravel-starter-main\\vendor\\laravel\\framework\\src\\Illuminate\\Foundation\\resources\\server.php(23): require_once('...')
#80 {main}
"} 
[2024-12-16 10:41:07] local.ERROR: SQLSTATE[08006] [7] could not connect to server: Connection timed out (0x0000274C/10060)
	Is the server running on host "103.106.114.123" and accepting
	TCP/IP connections on port 5432? (Connection: pgsql, SQL: select * from "users" where "email" = santochijoho@gmail.com and "status" = 1 and "users"."deleted_at" is null limit 1) {"exception":"[object] (Illuminate\\Database\\QueryException(code: 7): SQLSTATE[08006] [7] could not connect to server: Connection timed out (0x0000274C/10060)
\tIs the server running on host \"103.106.114.123\" and accepting
\tTCP/IP connections on port 5432? (Connection: pgsql, SQL: select * from \"users\" where \"email\" = santochijoho@gmail.com and \"status\" = 1 and \"users\".\"deleted_at\" is null limit 1) at Y:\\Project\\2024\\klikpr2\\ori\\laravel-starter-main\\vendor\\laravel\\framework\\src\\Illuminate\\Database\\Connection.php:825)
[stacktrace]
#0 Y:\\Project\\2024\\klikpr2\\ori\\laravel-starter-main\\vendor\\laravel\\framework\\src\\Illuminate\\Database\\Connection.php(779): Illuminate\\Database\\Connection->runQueryCallback()
#1 Y:\\Project\\2024\\klikpr2\\ori\\laravel-starter-main\\vendor\\laravel\\framework\\src\\Illuminate\\Database\\Connection.php(398): Illuminate\\Database\\Connection->run()
#2 Y:\\Project\\2024\\klikpr2\\ori\\laravel-starter-main\\vendor\\laravel\\framework\\src\\Illuminate\\Database\\Query\\Builder.php(3132): Illuminate\\Database\\Connection->select()
#3 Y:\\Project\\2024\\klikpr2\\ori\\laravel-starter-main\\vendor\\laravel\\framework\\src\\Illuminate\\Database\\Query\\Builder.php(3117): Illuminate\\Database\\Query\\Builder->runSelect()
#4 Y:\\Project\\2024\\klikpr2\\ori\\laravel-starter-main\\vendor\\laravel\\framework\\src\\Illuminate\\Database\\Query\\Builder.php(3705): Illuminate\\Database\\Query\\Builder->Illuminate\\Database\\Query\\{closure}()
#5 Y:\\Project\\2024\\klikpr2\\ori\\laravel-starter-main\\vendor\\laravel\\framework\\src\\Illuminate\\Database\\Query\\Builder.php(3116): Illuminate\\Database\\Query\\Builder->onceWithColumns()
#6 Y:\\Project\\2024\\klikpr2\\ori\\laravel-starter-main\\vendor\\laravel\\framework\\src\\Illuminate\\Database\\Eloquent\\Builder.php(759): Illuminate\\Database\\Query\\Builder->get()
#7 Y:\\Project\\2024\\klikpr2\\ori\\laravel-starter-main\\vendor\\laravel\\framework\\src\\Illuminate\\Database\\Eloquent\\Builder.php(741): Illuminate\\Database\\Eloquent\\Builder->getModels()
#8 Y:\\Project\\2024\\klikpr2\\ori\\laravel-starter-main\\vendor\\laravel\\framework\\src\\Illuminate\\Database\\Concerns\\BuildsQueries.php(344): Illuminate\\Database\\Eloquent\\Builder->get()
#9 Y:\\Project\\2024\\klikpr2\\ori\\laravel-starter-main\\vendor\\laravel\\framework\\src\\Illuminate\\Auth\\EloquentUserProvider.php(139): Illuminate\\Database\\Eloquent\\Builder->first()
#10 Y:\\Project\\2024\\klikpr2\\ori\\laravel-starter-main\\vendor\\laravel\\framework\\src\\Illuminate\\Auth\\SessionGuard.php(393): Illuminate\\Auth\\EloquentUserProvider->retrieveByCredentials()
#11 Y:\\Project\\2024\\klikpr2\\ori\\laravel-starter-main\\vendor\\laravel\\framework\\src\\Illuminate\\Auth\\AuthManager.php(341): Illuminate\\Auth\\SessionGuard->attempt()
#12 Y:\\Project\\2024\\klikpr2\\ori\\laravel-starter-main\\vendor\\laravel\\framework\\src\\Illuminate\\Support\\Facades\\Facade.php(358): Illuminate\\Auth\\AuthManager->__call()
#13 Y:\\Project\\2024\\klikpr2\\ori\\laravel-starter-main\\app\\Http\\Controllers\\Auth\\AuthenticatedSessionController.php(37): Illuminate\\Support\\Facades\\Facade::__callStatic()
#14 Y:\\Project\\2024\\klikpr2\\ori\\laravel-starter-main\\app\\Http\\Controllers\\Controller.php(16): App\\Http\\Controllers\\Auth\\AuthenticatedSessionController->store()
#15 Y:\\Project\\2024\\klikpr2\\ori\\laravel-starter-main\\vendor\\laravel\\framework\\src\\Illuminate\\Routing\\ControllerDispatcher.php(43): App\\Http\\Controllers\\Controller->callAction()
#16 Y:\\Project\\2024\\klikpr2\\ori\\laravel-starter-main\\vendor\\laravel\\framework\\src\\Illuminate\\Routing\\Route.php(264): Illuminate\\Routing\\ControllerDispatcher->dispatch()
#17 Y:\\Project\\2024\\klikpr2\\ori\\laravel-starter-main\\vendor\\laravel\\framework\\src\\Illuminate\\Routing\\Route.php(210): Illuminate\\Routing\\Route->runController()
#18 Y:\\Project\\2024\\klikpr2\\ori\\laravel-starter-main\\vendor\\laravel\\framework\\src\\Illuminate\\Routing\\Router.php(808): Illuminate\\Routing\\Route->run()
#19 Y:\\Project\\2024\\klikpr2\\ori\\laravel-starter-main\\vendor\\laravel\\framework\\src\\Illuminate\\Pipeline\\Pipeline.php(144): Illuminate\\Routing\\Router->Illuminate\\Routing\\{closure}()
#20 Y:\\Project\\2024\\klikpr2\\ori\\laravel-starter-main\\vendor\\laravel\\framework\\src\\Illuminate\\Auth\\Middleware\\RedirectIfAuthenticated.php(35): Illuminate\\Pipeline\\Pipeline->Illuminate\\Pipeline\\{closure}()
#21 Y:\\Project\\2024\\klikpr2\\ori\\laravel-starter-main\\vendor\\laravel\\framework\\src\\Illuminate\\Pipeline\\Pipeline.php(183): Illuminate\\Auth\\Middleware\\RedirectIfAuthenticated->handle()
#22 Y:\\Project\\2024\\klikpr2\\ori\\laravel-starter-main\\app\\Http\\Middleware\\SetLocale.php(25): Illuminate\\Pipeline\\Pipeline->Illuminate\\Pipeline\\{closure}()
#23 Y:\\Project\\2024\\klikpr2\\ori\\laravel-starter-main\\vendor\\laravel\\framework\\src\\Illuminate\\Pipeline\\Pipeline.php(183): App\\Http\\Middleware\\SetLocale->handle()
#24 Y:\\Project\\2024\\klikpr2\\ori\\laravel-starter-main\\vendor\\laravel\\framework\\src\\Illuminate\\Routing\\Middleware\\SubstituteBindings.php(51): Illuminate\\Pipeline\\Pipeline->Illuminate\\Pipeline\\{closure}()
#25 Y:\\Project\\2024\\klikpr2\\ori\\laravel-starter-main\\vendor\\laravel\\framework\\src\\Illuminate\\Pipeline\\Pipeline.php(183): Illuminate\\Routing\\Middleware\\SubstituteBindings->handle()
#26 Y:\\Project\\2024\\klikpr2\\ori\\laravel-starter-main\\vendor\\laravel\\framework\\src\\Illuminate\\Foundation\\Http\\Middleware\\VerifyCsrfToken.php(88): Illuminate\\Pipeline\\Pipeline->Illuminate\\Pipeline\\{closure}()
#27 Y:\\Project\\2024\\klikpr2\\ori\\laravel-starter-main\\vendor\\laravel\\framework\\src\\Illuminate\\Pipeline\\Pipeline.php(183): Illuminate\\Foundation\\Http\\Middleware\\VerifyCsrfToken->handle()
#28 Y:\\Project\\2024\\klikpr2\\ori\\laravel-starter-main\\vendor\\laravel\\framework\\src\\Illuminate\\View\\Middleware\\ShareErrorsFromSession.php(49): Illuminate\\Pipeline\\Pipeline->Illuminate\\Pipeline\\{closure}()
#29 Y:\\Project\\2024\\klikpr2\\ori\\laravel-starter-main\\vendor\\laravel\\framework\\src\\Illuminate\\Pipeline\\Pipeline.php(183): Illuminate\\View\\Middleware\\ShareErrorsFromSession->handle()
#30 Y:\\Project\\2024\\klikpr2\\ori\\laravel-starter-main\\vendor\\laravel\\framework\\src\\Illuminate\\Session\\Middleware\\StartSession.php(121): Illuminate\\Pipeline\\Pipeline->Illuminate\\Pipeline\\{closure}()
#31 Y:\\Project\\2024\\klikpr2\\ori\\laravel-starter-main\\vendor\\laravel\\framework\\src\\Illuminate\\Session\\Middleware\\StartSession.php(64): Illuminate\\Session\\Middleware\\StartSession->handleStatefulRequest()
#32 Y:\\Project\\2024\\klikpr2\\ori\\laravel-starter-main\\vendor\\laravel\\framework\\src\\Illuminate\\Pipeline\\Pipeline.php(183): Illuminate\\Session\\Middleware\\StartSession->handle()
#33 Y:\\Project\\2024\\klikpr2\\ori\\laravel-starter-main\\vendor\\laravel\\framework\\src\\Illuminate\\Cookie\\Middleware\\AddQueuedCookiesToResponse.php(37): Illuminate\\Pipeline\\Pipeline->Illuminate\\Pipeline\\{closure}()
#34 Y:\\Project\\2024\\klikpr2\\ori\\laravel-starter-main\\vendor\\laravel\\framework\\src\\Illuminate\\Pipeline\\Pipeline.php(183): Illuminate\\Cookie\\Middleware\\AddQueuedCookiesToResponse->handle()
#35 Y:\\Project\\2024\\klikpr2\\ori\\laravel-starter-main\\vendor\\laravel\\framework\\src\\Illuminate\\Cookie\\Middleware\\EncryptCookies.php(75): Illuminate\\Pipeline\\Pipeline->Illuminate\\Pipeline\\{closure}()
#36 Y:\\Project\\2024\\klikpr2\\ori\\laravel-starter-main\\vendor\\laravel\\framework\\src\\Illuminate\\Pipeline\\Pipeline.php(183): Illuminate\\Cookie\\Middleware\\EncryptCookies->handle()
#37 Y:\\Project\\2024\\klikpr2\\ori\\laravel-starter-main\\vendor\\laravel\\framework\\src\\Illuminate\\Pipeline\\Pipeline.php(119): Illuminate\\Pipeline\\Pipeline->Illuminate\\Pipeline\\{closure}()
#38 Y:\\Project\\2024\\klikpr2\\ori\\laravel-starter-main\\vendor\\laravel\\framework\\src\\Illuminate\\Routing\\Router.php(807): Illuminate\\Pipeline\\Pipeline->then()
#39 Y:\\Project\\2024\\klikpr2\\ori\\laravel-starter-main\\vendor\\laravel\\framework\\src\\Illuminate\\Routing\\Router.php(786): Illuminate\\Routing\\Router->runRouteWithinStack()
#40 Y:\\Project\\2024\\klikpr2\\ori\\laravel-starter-main\\vendor\\laravel\\framework\\src\\Illuminate\\Routing\\Router.php(750): Illuminate\\Routing\\Router->runRoute()
#41 Y:\\Project\\2024\\klikpr2\\ori\\laravel-starter-main\\vendor\\laravel\\framework\\src\\Illuminate\\Routing\\Router.php(739): Illuminate\\Routing\\Router->dispatchToRoute()
#42 Y:\\Project\\2024\\klikpr2\\ori\\laravel-starter-main\\vendor\\laravel\\framework\\src\\Illuminate\\Foundation\\Http\\Kernel.php(201): Illuminate\\Routing\\Router->dispatch()
#43 Y:\\Project\\2024\\klikpr2\\ori\\laravel-starter-main\\vendor\\laravel\\framework\\src\\Illuminate\\Pipeline\\Pipeline.php(144): Illuminate\\Foundation\\Http\\Kernel->Illuminate\\Foundation\\Http\\{closure}()
#44 Y:\\Project\\2024\\klikpr2\\ori\\laravel-starter-main\\vendor\\livewire\\livewire\\src\\Features\\SupportDisablingBackButtonCache\\DisableBackButtonCacheMiddleware.php(19): Illuminate\\Pipeline\\Pipeline->Illuminate\\Pipeline\\{closure}()
#45 Y:\\Project\\2024\\klikpr2\\ori\\laravel-starter-main\\vendor\\laravel\\framework\\src\\Illuminate\\Pipeline\\Pipeline.php(183): Livewire\\Features\\SupportDisablingBackButtonCache\\DisableBackButtonCacheMiddleware->handle()
#46 Y:\\Project\\2024\\klikpr2\\ori\\laravel-starter-main\\vendor\\barryvdh\\laravel-debugbar\\src\\Middleware\\InjectDebugbar.php(66): Illuminate\\Pipeline\\Pipeline->Illuminate\\Pipeline\\{closure}()
#47 Y:\\Project\\2024\\klikpr2\\ori\\laravel-starter-main\\vendor\\laravel\\framework\\src\\Illuminate\\Pipeline\\Pipeline.php(183): Barryvdh\\Debugbar\\Middleware\\InjectDebugbar->handle()
#48 Y:\\Project\\2024\\klikpr2\\ori\\laravel-starter-main\\vendor\\laravel\\framework\\src\\Illuminate\\Foundation\\Http\\Middleware\\TransformsRequest.php(21): Illuminate\\Pipeline\\Pipeline->Illuminate\\Pipeline\\{closure}()
#49 Y:\\Project\\2024\\klikpr2\\ori\\laravel-starter-main\\vendor\\laravel\\framework\\src\\Illuminate\\Foundation\\Http\\Middleware\\ConvertEmptyStringsToNull.php(31): Illuminate\\Foundation\\Http\\Middleware\\TransformsRequest->handle()
#50 Y:\\Project\\2024\\klikpr2\\ori\\laravel-starter-main\\vendor\\laravel\\framework\\src\\Illuminate\\Pipeline\\Pipeline.php(183): Illuminate\\Foundation\\Http\\Middleware\\ConvertEmptyStringsToNull->handle()
#51 Y:\\Project\\2024\\klikpr2\\ori\\laravel-starter-main\\vendor\\laravel\\framework\\src\\Illuminate\\Foundation\\Http\\Middleware\\TransformsRequest.php(21): Illuminate\\Pipeline\\Pipeline->Illuminate\\Pipeline\\{closure}()
#52 Y:\\Project\\2024\\klikpr2\\ori\\laravel-starter-main\\vendor\\laravel\\framework\\src\\Illuminate\\Foundation\\Http\\Middleware\\TrimStrings.php(51): Illuminate\\Foundation\\Http\\Middleware\\TransformsRequest->handle()
#53 Y:\\Project\\2024\\klikpr2\\ori\\laravel-starter-main\\vendor\\laravel\\framework\\src\\Illuminate\\Pipeline\\Pipeline.php(183): Illuminate\\Foundation\\Http\\Middleware\\TrimStrings->handle()
#54 Y:\\Project\\2024\\klikpr2\\ori\\laravel-starter-main\\vendor\\laravel\\framework\\src\\Illuminate\\Http\\Middleware\\ValidatePostSize.php(27): Illuminate\\Pipeline\\Pipeline->Illuminate\\Pipeline\\{closure}()
#55 Y:\\Project\\2024\\klikpr2\\ori\\laravel-starter-main\\vendor\\laravel\\framework\\src\\Illuminate\\Pipeline\\Pipeline.php(183): Illuminate\\Http\\Middleware\\ValidatePostSize->handle()
#56 Y:\\Project\\2024\\klikpr2\\ori\\laravel-starter-main\\vendor\\laravel\\framework\\src\\Illuminate\\Foundation\\Http\\Middleware\\PreventRequestsDuringMaintenance.php(110): Illuminate\\Pipeline\\Pipeline->Illuminate\\Pipeline\\{closure}()
#57 Y:\\Project\\2024\\klikpr2\\ori\\laravel-starter-main\\vendor\\laravel\\framework\\src\\Illuminate\\Pipeline\\Pipeline.php(183): Illuminate\\Foundation\\Http\\Middleware\\PreventRequestsDuringMaintenance->handle()
#58 Y:\\Project\\2024\\klikpr2\\ori\\laravel-starter-main\\vendor\\laravel\\framework\\src\\Illuminate\\Http\\Middleware\\HandleCors.php(49): Illuminate\\Pipeline\\Pipeline->Illuminate\\Pipeline\\{closure}()
#59 Y:\\Project\\2024\\klikpr2\\ori\\laravel-starter-main\\vendor\\laravel\\framework\\src\\Illuminate\\Pipeline\\Pipeline.php(183): Illuminate\\Http\\Middleware\\HandleCors->handle()
#60 Y:\\Project\\2024\\klikpr2\\ori\\laravel-starter-main\\vendor\\laravel\\framework\\src\\Illuminate\\Http\\Middleware\\TrustProxies.php(58): Illuminate\\Pipeline\\Pipeline->Illuminate\\Pipeline\\{closure}()
#61 Y:\\Project\\2024\\klikpr2\\ori\\laravel-starter-main\\vendor\\laravel\\framework\\src\\Illuminate\\Pipeline\\Pipeline.php(183): Illuminate\\Http\\Middleware\\TrustProxies->handle()
#62 Y:\\Project\\2024\\klikpr2\\ori\\laravel-starter-main\\vendor\\laravel\\framework\\src\\Illuminate\\Foundation\\Http\\Middleware\\InvokeDeferredCallbacks.php(22): Illuminate\\Pipeline\\Pipeline->Illuminate\\Pipeline\\{closure}()
#63 Y:\\Project\\2024\\klikpr2\\ori\\laravel-starter-main\\vendor\\laravel\\framework\\src\\Illuminate\\Pipeline\\Pipeline.php(183): Illuminate\\Foundation\\Http\\Middleware\\InvokeDeferredCallbacks->handle()
#64 Y:\\Project\\2024\\klikpr2\\ori\\laravel-starter-main\\vendor\\laravel\\framework\\src\\Illuminate\\Pipeline\\Pipeline.php(119): Illuminate\\Pipeline\\Pipeline->Illuminate\\Pipeline\\{closure}()
#65 Y:\\Project\\2024\\klikpr2\\ori\\laravel-starter-main\\vendor\\laravel\\framework\\src\\Illuminate\\Foundation\\Http\\Kernel.php(176): Illuminate\\Pipeline\\Pipeline->then()
#66 Y:\\Project\\2024\\klikpr2\\ori\\laravel-starter-main\\vendor\\laravel\\framework\\src\\Illuminate\\Foundation\\Http\\Kernel.php(145): Illuminate\\Foundation\\Http\\Kernel->sendRequestThroughRouter()
#67 Y:\\Project\\2024\\klikpr2\\ori\\laravel-starter-main\\vendor\\laravel\\framework\\src\\Illuminate\\Foundation\\Application.php(1188): Illuminate\\Foundation\\Http\\Kernel->handle()
#68 Y:\\Project\\2024\\klikpr2\\ori\\laravel-starter-main\\public\\index.php(17): Illuminate\\Foundation\\Application->handleRequest()
#69 Y:\\Project\\2024\\klikpr2\\ori\\laravel-starter-main\\vendor\\laravel\\framework\\src\\Illuminate\\Foundation\\resources\\server.php(23): require_once('...')
#70 {main}

[previous exception] [object] (PDOException(code: 7): SQLSTATE[08006] [7] could not connect to server: Connection timed out (0x0000274C/10060)
\tIs the server running on host \"103.106.114.123\" and accepting
\tTCP/IP connections on port 5432? at Y:\\Project\\2024\\klikpr2\\ori\\laravel-starter-main\\vendor\\laravel\\framework\\src\\Illuminate\\Database\\Connectors\\Connector.php:66)
[stacktrace]
#0 Y:\\Project\\2024\\klikpr2\\ori\\laravel-starter-main\\vendor\\laravel\\framework\\src\\Illuminate\\Database\\Connectors\\Connector.php(66): PDO->__construct()
#1 Y:\\Project\\2024\\klikpr2\\ori\\laravel-starter-main\\vendor\\laravel\\framework\\src\\Illuminate\\Database\\Connectors\\Connector.php(44): Illuminate\\Database\\Connectors\\Connector->createPdoConnection()
#2 Y:\\Project\\2024\\klikpr2\\ori\\laravel-starter-main\\vendor\\laravel\\framework\\src\\Illuminate\\Database\\Connectors\\PostgresConnector.php(35): Illuminate\\Database\\Connectors\\Connector->createConnection()
#3 Y:\\Project\\2024\\klikpr2\\ori\\laravel-starter-main\\vendor\\laravel\\framework\\src\\Illuminate\\Database\\Connectors\\ConnectionFactory.php(185): Illuminate\\Database\\Connectors\\PostgresConnector->connect()
#4 [internal function]: Illuminate\\Database\\Connectors\\ConnectionFactory->Illuminate\\Database\\Connectors\\{closure}()
#5 Y:\\Project\\2024\\klikpr2\\ori\\laravel-starter-main\\vendor\\laravel\\framework\\src\\Illuminate\\Database\\Connection.php(1231): call_user_func()
#6 Y:\\Project\\2024\\klikpr2\\ori\\laravel-starter-main\\vendor\\laravel\\framework\\src\\Illuminate\\Database\\Connection.php(1267): Illuminate\\Database\\Connection->getPdo()
#7 Y:\\Project\\2024\\klikpr2\\ori\\laravel-starter-main\\vendor\\laravel\\framework\\src\\Illuminate\\Database\\Connection.php(512): Illuminate\\Database\\Connection->getReadPdo()
#8 Y:\\Project\\2024\\klikpr2\\ori\\laravel-starter-main\\vendor\\laravel\\framework\\src\\Illuminate\\Database\\Connection.php(407): Illuminate\\Database\\Connection->getPdoForSelect()
#9 Y:\\Project\\2024\\klikpr2\\ori\\laravel-starter-main\\vendor\\laravel\\framework\\src\\Illuminate\\Database\\Connection.php(812): Illuminate\\Database\\Connection->Illuminate\\Database\\{closure}()
#10 Y:\\Project\\2024\\klikpr2\\ori\\laravel-starter-main\\vendor\\laravel\\framework\\src\\Illuminate\\Database\\Connection.php(779): Illuminate\\Database\\Connection->runQueryCallback()
#11 Y:\\Project\\2024\\klikpr2\\ori\\laravel-starter-main\\vendor\\laravel\\framework\\src\\Illuminate\\Database\\Connection.php(398): Illuminate\\Database\\Connection->run()
#12 Y:\\Project\\2024\\klikpr2\\ori\\laravel-starter-main\\vendor\\laravel\\framework\\src\\Illuminate\\Database\\Query\\Builder.php(3132): Illuminate\\Database\\Connection->select()
#13 Y:\\Project\\2024\\klikpr2\\ori\\laravel-starter-main\\vendor\\laravel\\framework\\src\\Illuminate\\Database\\Query\\Builder.php(3117): Illuminate\\Database\\Query\\Builder->runSelect()
#14 Y:\\Project\\2024\\klikpr2\\ori\\laravel-starter-main\\vendor\\laravel\\framework\\src\\Illuminate\\Database\\Query\\Builder.php(3705): Illuminate\\Database\\Query\\Builder->Illuminate\\Database\\Query\\{closure}()
#15 Y:\\Project\\2024\\klikpr2\\ori\\laravel-starter-main\\vendor\\laravel\\framework\\src\\Illuminate\\Database\\Query\\Builder.php(3116): Illuminate\\Database\\Query\\Builder->onceWithColumns()
#16 Y:\\Project\\2024\\klikpr2\\ori\\laravel-starter-main\\vendor\\laravel\\framework\\src\\Illuminate\\Database\\Eloquent\\Builder.php(759): Illuminate\\Database\\Query\\Builder->get()
#17 Y:\\Project\\2024\\klikpr2\\ori\\laravel-starter-main\\vendor\\laravel\\framework\\src\\Illuminate\\Database\\Eloquent\\Builder.php(741): Illuminate\\Database\\Eloquent\\Builder->getModels()
#18 Y:\\Project\\2024\\klikpr2\\ori\\laravel-starter-main\\vendor\\laravel\\framework\\src\\Illuminate\\Database\\Concerns\\BuildsQueries.php(344): Illuminate\\Database\\Eloquent\\Builder->get()
#19 Y:\\Project\\2024\\klikpr2\\ori\\laravel-starter-main\\vendor\\laravel\\framework\\src\\Illuminate\\Auth\\EloquentUserProvider.php(139): Illuminate\\Database\\Eloquent\\Builder->first()
#20 Y:\\Project\\2024\\klikpr2\\ori\\laravel-starter-main\\vendor\\laravel\\framework\\src\\Illuminate\\Auth\\SessionGuard.php(393): Illuminate\\Auth\\EloquentUserProvider->retrieveByCredentials()
#21 Y:\\Project\\2024\\klikpr2\\ori\\laravel-starter-main\\vendor\\laravel\\framework\\src\\Illuminate\\Auth\\AuthManager.php(341): Illuminate\\Auth\\SessionGuard->attempt()
#22 Y:\\Project\\2024\\klikpr2\\ori\\laravel-starter-main\\vendor\\laravel\\framework\\src\\Illuminate\\Support\\Facades\\Facade.php(358): Illuminate\\Auth\\AuthManager->__call()
#23 Y:\\Project\\2024\\klikpr2\\ori\\laravel-starter-main\\app\\Http\\Controllers\\Auth\\AuthenticatedSessionController.php(37): Illuminate\\Support\\Facades\\Facade::__callStatic()
#24 Y:\\Project\\2024\\klikpr2\\ori\\laravel-starter-main\\app\\Http\\Controllers\\Controller.php(16): App\\Http\\Controllers\\Auth\\AuthenticatedSessionController->store()
#25 Y:\\Project\\2024\\klikpr2\\ori\\laravel-starter-main\\vendor\\laravel\\framework\\src\\Illuminate\\Routing\\ControllerDispatcher.php(43): App\\Http\\Controllers\\Controller->callAction()
#26 Y:\\Project\\2024\\klikpr2\\ori\\laravel-starter-main\\vendor\\laravel\\framework\\src\\Illuminate\\Routing\\Route.php(264): Illuminate\\Routing\\ControllerDispatcher->dispatch()
#27 Y:\\Project\\2024\\klikpr2\\ori\\laravel-starter-main\\vendor\\laravel\\framework\\src\\Illuminate\\Routing\\Route.php(210): Illuminate\\Routing\\Route->runController()
#28 Y:\\Project\\2024\\klikpr2\\ori\\laravel-starter-main\\vendor\\laravel\\framework\\src\\Illuminate\\Routing\\Router.php(808): Illuminate\\Routing\\Route->run()
#29 Y:\\Project\\2024\\klikpr2\\ori\\laravel-starter-main\\vendor\\laravel\\framework\\src\\Illuminate\\Pipeline\\Pipeline.php(144): Illuminate\\Routing\\Router->Illuminate\\Routing\\{closure}()
#30 Y:\\Project\\2024\\klikpr2\\ori\\laravel-starter-main\\vendor\\laravel\\framework\\src\\Illuminate\\Auth\\Middleware\\RedirectIfAuthenticated.php(35): Illuminate\\Pipeline\\Pipeline->Illuminate\\Pipeline\\{closure}()
#31 Y:\\Project\\2024\\klikpr2\\ori\\laravel-starter-main\\vendor\\laravel\\framework\\src\\Illuminate\\Pipeline\\Pipeline.php(183): Illuminate\\Auth\\Middleware\\RedirectIfAuthenticated->handle()
#32 Y:\\Project\\2024\\klikpr2\\ori\\laravel-starter-main\\app\\Http\\Middleware\\SetLocale.php(25): Illuminate\\Pipeline\\Pipeline->Illuminate\\Pipeline\\{closure}()
#33 Y:\\Project\\2024\\klikpr2\\ori\\laravel-starter-main\\vendor\\laravel\\framework\\src\\Illuminate\\Pipeline\\Pipeline.php(183): App\\Http\\Middleware\\SetLocale->handle()
#34 Y:\\Project\\2024\\klikpr2\\ori\\laravel-starter-main\\vendor\\laravel\\framework\\src\\Illuminate\\Routing\\Middleware\\SubstituteBindings.php(51): Illuminate\\Pipeline\\Pipeline->Illuminate\\Pipeline\\{closure}()
#35 Y:\\Project\\2024\\klikpr2\\ori\\laravel-starter-main\\vendor\\laravel\\framework\\src\\Illuminate\\Pipeline\\Pipeline.php(183): Illuminate\\Routing\\Middleware\\SubstituteBindings->handle()
#36 Y:\\Project\\2024\\klikpr2\\ori\\laravel-starter-main\\vendor\\laravel\\framework\\src\\Illuminate\\Foundation\\Http\\Middleware\\VerifyCsrfToken.php(88): Illuminate\\Pipeline\\Pipeline->Illuminate\\Pipeline\\{closure}()
#37 Y:\\Project\\2024\\klikpr2\\ori\\laravel-starter-main\\vendor\\laravel\\framework\\src\\Illuminate\\Pipeline\\Pipeline.php(183): Illuminate\\Foundation\\Http\\Middleware\\VerifyCsrfToken->handle()
#38 Y:\\Project\\2024\\klikpr2\\ori\\laravel-starter-main\\vendor\\laravel\\framework\\src\\Illuminate\\View\\Middleware\\ShareErrorsFromSession.php(49): Illuminate\\Pipeline\\Pipeline->Illuminate\\Pipeline\\{closure}()
#39 Y:\\Project\\2024\\klikpr2\\ori\\laravel-starter-main\\vendor\\laravel\\framework\\src\\Illuminate\\Pipeline\\Pipeline.php(183): Illuminate\\View\\Middleware\\ShareErrorsFromSession->handle()
#40 Y:\\Project\\2024\\klikpr2\\ori\\laravel-starter-main\\vendor\\laravel\\framework\\src\\Illuminate\\Session\\Middleware\\StartSession.php(121): Illuminate\\Pipeline\\Pipeline->Illuminate\\Pipeline\\{closure}()
#41 Y:\\Project\\2024\\klikpr2\\ori\\laravel-starter-main\\vendor\\laravel\\framework\\src\\Illuminate\\Session\\Middleware\\StartSession.php(64): Illuminate\\Session\\Middleware\\StartSession->handleStatefulRequest()
#42 Y:\\Project\\2024\\klikpr2\\ori\\laravel-starter-main\\vendor\\laravel\\framework\\src\\Illuminate\\Pipeline\\Pipeline.php(183): Illuminate\\Session\\Middleware\\StartSession->handle()
#43 Y:\\Project\\2024\\klikpr2\\ori\\laravel-starter-main\\vendor\\laravel\\framework\\src\\Illuminate\\Cookie\\Middleware\\AddQueuedCookiesToResponse.php(37): Illuminate\\Pipeline\\Pipeline->Illuminate\\Pipeline\\{closure}()
#44 Y:\\Project\\2024\\klikpr2\\ori\\laravel-starter-main\\vendor\\laravel\\framework\\src\\Illuminate\\Pipeline\\Pipeline.php(183): Illuminate\\Cookie\\Middleware\\AddQueuedCookiesToResponse->handle()
#45 Y:\\Project\\2024\\klikpr2\\ori\\laravel-starter-main\\vendor\\laravel\\framework\\src\\Illuminate\\Cookie\\Middleware\\EncryptCookies.php(75): Illuminate\\Pipeline\\Pipeline->Illuminate\\Pipeline\\{closure}()
#46 Y:\\Project\\2024\\klikpr2\\ori\\laravel-starter-main\\vendor\\laravel\\framework\\src\\Illuminate\\Pipeline\\Pipeline.php(183): Illuminate\\Cookie\\Middleware\\EncryptCookies->handle()
#47 Y:\\Project\\2024\\klikpr2\\ori\\laravel-starter-main\\vendor\\laravel\\framework\\src\\Illuminate\\Pipeline\\Pipeline.php(119): Illuminate\\Pipeline\\Pipeline->Illuminate\\Pipeline\\{closure}()
#48 Y:\\Project\\2024\\klikpr2\\ori\\laravel-starter-main\\vendor\\laravel\\framework\\src\\Illuminate\\Routing\\Router.php(807): Illuminate\\Pipeline\\Pipeline->then()
#49 Y:\\Project\\2024\\klikpr2\\ori\\laravel-starter-main\\vendor\\laravel\\framework\\src\\Illuminate\\Routing\\Router.php(786): Illuminate\\Routing\\Router->runRouteWithinStack()
#50 Y:\\Project\\2024\\klikpr2\\ori\\laravel-starter-main\\vendor\\laravel\\framework\\src\\Illuminate\\Routing\\Router.php(750): Illuminate\\Routing\\Router->runRoute()
#51 Y:\\Project\\2024\\klikpr2\\ori\\laravel-starter-main\\vendor\\laravel\\framework\\src\\Illuminate\\Routing\\Router.php(739): Illuminate\\Routing\\Router->dispatchToRoute()
#52 Y:\\Project\\2024\\klikpr2\\ori\\laravel-starter-main\\vendor\\laravel\\framework\\src\\Illuminate\\Foundation\\Http\\Kernel.php(201): Illuminate\\Routing\\Router->dispatch()
#53 Y:\\Project\\2024\\klikpr2\\ori\\laravel-starter-main\\vendor\\laravel\\framework\\src\\Illuminate\\Pipeline\\Pipeline.php(144): Illuminate\\Foundation\\Http\\Kernel->Illuminate\\Foundation\\Http\\{closure}()
#54 Y:\\Project\\2024\\klikpr2\\ori\\laravel-starter-main\\vendor\\livewire\\livewire\\src\\Features\\SupportDisablingBackButtonCache\\DisableBackButtonCacheMiddleware.php(19): Illuminate\\Pipeline\\Pipeline->Illuminate\\Pipeline\\{closure}()
#55 Y:\\Project\\2024\\klikpr2\\ori\\laravel-starter-main\\vendor\\laravel\\framework\\src\\Illuminate\\Pipeline\\Pipeline.php(183): Livewire\\Features\\SupportDisablingBackButtonCache\\DisableBackButtonCacheMiddleware->handle()
#56 Y:\\Project\\2024\\klikpr2\\ori\\laravel-starter-main\\vendor\\barryvdh\\laravel-debugbar\\src\\Middleware\\InjectDebugbar.php(66): Illuminate\\Pipeline\\Pipeline->Illuminate\\Pipeline\\{closure}()
#57 Y:\\Project\\2024\\klikpr2\\ori\\laravel-starter-main\\vendor\\laravel\\framework\\src\\Illuminate\\Pipeline\\Pipeline.php(183): Barryvdh\\Debugbar\\Middleware\\InjectDebugbar->handle()
#58 Y:\\Project\\2024\\klikpr2\\ori\\laravel-starter-main\\vendor\\laravel\\framework\\src\\Illuminate\\Foundation\\Http\\Middleware\\TransformsRequest.php(21): Illuminate\\Pipeline\\Pipeline->Illuminate\\Pipeline\\{closure}()
#59 Y:\\Project\\2024\\klikpr2\\ori\\laravel-starter-main\\vendor\\laravel\\framework\\src\\Illuminate\\Foundation\\Http\\Middleware\\ConvertEmptyStringsToNull.php(31): Illuminate\\Foundation\\Http\\Middleware\\TransformsRequest->handle()
#60 Y:\\Project\\2024\\klikpr2\\ori\\laravel-starter-main\\vendor\\laravel\\framework\\src\\Illuminate\\Pipeline\\Pipeline.php(183): Illuminate\\Foundation\\Http\\Middleware\\ConvertEmptyStringsToNull->handle()
#61 Y:\\Project\\2024\\klikpr2\\ori\\laravel-starter-main\\vendor\\laravel\\framework\\src\\Illuminate\\Foundation\\Http\\Middleware\\TransformsRequest.php(21): Illuminate\\Pipeline\\Pipeline->Illuminate\\Pipeline\\{closure}()
#62 Y:\\Project\\2024\\klikpr2\\ori\\laravel-starter-main\\vendor\\laravel\\framework\\src\\Illuminate\\Foundation\\Http\\Middleware\\TrimStrings.php(51): Illuminate\\Foundation\\Http\\Middleware\\TransformsRequest->handle()
#63 Y:\\Project\\2024\\klikpr2\\ori\\laravel-starter-main\\vendor\\laravel\\framework\\src\\Illuminate\\Pipeline\\Pipeline.php(183): Illuminate\\Foundation\\Http\\Middleware\\TrimStrings->handle()
#64 Y:\\Project\\2024\\klikpr2\\ori\\laravel-starter-main\\vendor\\laravel\\framework\\src\\Illuminate\\Http\\Middleware\\ValidatePostSize.php(27): Illuminate\\Pipeline\\Pipeline->Illuminate\\Pipeline\\{closure}()
#65 Y:\\Project\\2024\\klikpr2\\ori\\laravel-starter-main\\vendor\\laravel\\framework\\src\\Illuminate\\Pipeline\\Pipeline.php(183): Illuminate\\Http\\Middleware\\ValidatePostSize->handle()
#66 Y:\\Project\\2024\\klikpr2\\ori\\laravel-starter-main\\vendor\\laravel\\framework\\src\\Illuminate\\Foundation\\Http\\Middleware\\PreventRequestsDuringMaintenance.php(110): Illuminate\\Pipeline\\Pipeline->Illuminate\\Pipeline\\{closure}()
#67 Y:\\Project\\2024\\klikpr2\\ori\\laravel-starter-main\\vendor\\laravel\\framework\\src\\Illuminate\\Pipeline\\Pipeline.php(183): Illuminate\\Foundation\\Http\\Middleware\\PreventRequestsDuringMaintenance->handle()
#68 Y:\\Project\\2024\\klikpr2\\ori\\laravel-starter-main\\vendor\\laravel\\framework\\src\\Illuminate\\Http\\Middleware\\HandleCors.php(49): Illuminate\\Pipeline\\Pipeline->Illuminate\\Pipeline\\{closure}()
#69 Y:\\Project\\2024\\klikpr2\\ori\\laravel-starter-main\\vendor\\laravel\\framework\\src\\Illuminate\\Pipeline\\Pipeline.php(183): Illuminate\\Http\\Middleware\\HandleCors->handle()
#70 Y:\\Project\\2024\\klikpr2\\ori\\laravel-starter-main\\vendor\\laravel\\framework\\src\\Illuminate\\Http\\Middleware\\TrustProxies.php(58): Illuminate\\Pipeline\\Pipeline->Illuminate\\Pipeline\\{closure}()
#71 Y:\\Project\\2024\\klikpr2\\ori\\laravel-starter-main\\vendor\\laravel\\framework\\src\\Illuminate\\Pipeline\\Pipeline.php(183): Illuminate\\Http\\Middleware\\TrustProxies->handle()
#72 Y:\\Project\\2024\\klikpr2\\ori\\laravel-starter-main\\vendor\\laravel\\framework\\src\\Illuminate\\Foundation\\Http\\Middleware\\InvokeDeferredCallbacks.php(22): Illuminate\\Pipeline\\Pipeline->Illuminate\\Pipeline\\{closure}()
#73 Y:\\Project\\2024\\klikpr2\\ori\\laravel-starter-main\\vendor\\laravel\\framework\\src\\Illuminate\\Pipeline\\Pipeline.php(183): Illuminate\\Foundation\\Http\\Middleware\\InvokeDeferredCallbacks->handle()
#74 Y:\\Project\\2024\\klikpr2\\ori\\laravel-starter-main\\vendor\\laravel\\framework\\src\\Illuminate\\Pipeline\\Pipeline.php(119): Illuminate\\Pipeline\\Pipeline->Illuminate\\Pipeline\\{closure}()
#75 Y:\\Project\\2024\\klikpr2\\ori\\laravel-starter-main\\vendor\\laravel\\framework\\src\\Illuminate\\Foundation\\Http\\Kernel.php(176): Illuminate\\Pipeline\\Pipeline->then()
#76 Y:\\Project\\2024\\klikpr2\\ori\\laravel-starter-main\\vendor\\laravel\\framework\\src\\Illuminate\\Foundation\\Http\\Kernel.php(145): Illuminate\\Foundation\\Http\\Kernel->sendRequestThroughRouter()
#77 Y:\\Project\\2024\\klikpr2\\ori\\laravel-starter-main\\vendor\\laravel\\framework\\src\\Illuminate\\Foundation\\Application.php(1188): Illuminate\\Foundation\\Http\\Kernel->handle()
#78 Y:\\Project\\2024\\klikpr2\\ori\\laravel-starter-main\\public\\index.php(17): Illuminate\\Foundation\\Application->handleRequest()
#79 Y:\\Project\\2024\\klikpr2\\ori\\laravel-starter-main\\vendor\\laravel\\framework\\src\\Illuminate\\Foundation\\resources\\server.php(23): require_once('...')
#80 {main}
"} 
[2024-12-16 10:41:43] local.DEBUG: User Login Success. Name: A Ki Asmoro Santo | Id: 6 | Email: santochijoho@gmail.com | Username: 100006 IP:127.0.0.1 | UpdateLoginData  
[2024-12-16 10:42:14] local.INFO: Pengaduan | User:A Ki Asmoro Santo(ID:6)  
[2024-12-16 10:46:34] local.INFO: Konsultasi | User:A Ki Asmoro Santo(ID:6)  
[2024-12-16 10:46:39] local.INFO: Notifications List | User:A Ki Asmoro Santo(ID:6)  
[2024-12-16 10:47:27] local.DEBUG: Categories List | User:A Ki Asmoro Santo (ID:6)  
