[2024-11-05 06:09:34] local.DEBUG: User Login Success. Name: A Ki Asmoro Santo | Id: 6 | Email: santochijoho@gmail.com | Username: 100006 IP:127.0.0.1 | UpdateLoginData  
[2024-11-05 06:09:39] local.INFO: Peta | User:A Ki Asmoro Santo(ID:6)  
[2024-11-05 06:11:47] local.INFO: Peta | User:A Ki Asmoro Santo(ID:6)  
[2024-11-05 11:32:25] local.DEBUG: User Login Success. Name: A Ki Asmoro Santo | Id: 6 | Email: santochijoho@gmail.com | Username: 100006 IP:127.0.0.1 | UpdateLoginData  
[2024-11-05 11:32:34] local.INFO: Peta | User:A Ki Asmoro Santo(ID:6)  
[2024-11-05 11:34:25] local.INFO: Peta | User:A Ki Asmoro Santo(ID:6)  
[2024-11-05 11:36:26] local.INFO: Peta | User:A Ki Asmoro Santo(ID:6)  
[2024-11-05 11:37:04] local.INFO: Peta | User:A Ki Asmoro Santo(ID:6)  
[2024-11-05 11:37:15] local.INFO: Peta | User:A Ki Asmoro Santo(ID:6)  
[2024-11-05 11:38:07] local.DEBUG: User Login Success. Name: A Ki Asmoro Santo | Id: 6 | Email: santochijoho@gmail.com | Username: 100006 IP:127.0.0.1 | UpdateLoginData  
[2024-11-05 11:38:17] local.INFO: Peta | User:A Ki Asmoro Santo(ID:6)  
[2024-11-05 11:40:49] local.INFO: Peta | User:A Ki Asmoro Santo(ID:6)  
[2024-11-05 11:40:52] local.INFO: Peta | User:A Ki Asmoro Santo(ID:6)  
[2024-11-05 11:41:41] local.INFO: Peta | User:A Ki Asmoro Santo(ID:6)  
[2024-11-05 11:43:33] local.INFO: Peta | User:A Ki Asmoro Santo(ID:6)  
[2024-11-05 11:43:48] local.INFO: Peta | User:A Ki Asmoro Santo(ID:6)  
[2024-11-05 11:44:33] local.INFO: Peta | User:A Ki Asmoro Santo(ID:6)  
[2024-11-05 11:45:57] local.INFO: Peta | User:A Ki Asmoro Santo(ID:6)  
[2024-11-05 11:47:29] local.INFO: Peta | User:A Ki Asmoro Santo(ID:6)  
[2024-11-05 11:48:22] local.ERROR: Maximum execution time of 30 seconds exceeded {"userId":6,"exception":"[object] (Symfony\\Component\\ErrorHandler\\Error\\FatalError(code: 0): Maximum execution time of 30 seconds exceeded at Y:\\Project\\2024\\klikpr2\\ori\\laravel-starter-main\\vendor\\laravel\\framework\\src\\Illuminate\\Database\\Connectors\\Connector.php:66)
[stacktrace]
#0 {main}
"} 
[2024-11-05 11:48:26] local.INFO: Peta | User:A Ki Asmoro Santo(ID:6)  
[2024-11-05 14:33:08] local.DEBUG: User Login Success. Name: A Ki Asmoro Santo | Id: 6 | Email: santochijoho@gmail.com | Username: 100006 IP:127.0.0.1 | UpdateLoginData  
[2024-11-05 14:33:22] local.INFO: Peta | User:A Ki Asmoro Santo(ID:6)  
[2024-11-05 15:21:26] local.ERROR: Maximum execution time of 30 seconds exceeded {"userId":6,"exception":"[object] (Symfony\\Component\\ErrorHandler\\Error\\FatalError(code: 0): Maximum execution time of 30 seconds exceeded at Y:\\Project\\2024\\klikpr2\\ori\\laravel-starter-main\\vendor\\composer\\ClassLoader.php:429)
[stacktrace]
#0 {main}
"} 
[2024-11-05 15:22:04] local.INFO: Peta | User:A Ki Asmoro Santo(ID:6)  
[2024-11-05 15:22:37] local.INFO: Peta | User:A Ki Asmoro Santo(ID:6)  
[2024-11-05 15:47:08] local.INFO: Peta | User:A Ki Asmoro Santo(ID:6)  
[2024-11-05 15:47:16] local.INFO: Peta | User:A Ki Asmoro Santo(ID:6)  
[2024-11-05 15:47:22] local.ERROR: filemtime(): stat failed for Y:\Project\2024\klikpr2\ori\laravel-starter-main\.env {"exception":"[object] (ErrorException(code: 0): filemtime(): stat failed for Y:\\Project\\2024\\klikpr2\\ori\\laravel-starter-main\\.env at Y:\\Project\\2024\\klikpr2\\ori\\laravel-starter-main\\vendor\\laravel\\framework\\src\\Illuminate\\Foundation\\Console\\ServeCommand.php:112)
[stacktrace]
#0 Y:\\Project\\2024\\klikpr2\\ori\\laravel-starter-main\\vendor\\laravel\\framework\\src\\Illuminate\\Foundation\\Bootstrap\\HandleExceptions.php(256): Illuminate\\Foundation\\Bootstrap\\HandleExceptions->handleError()
#1 [internal function]: Illuminate\\Foundation\\Bootstrap\\HandleExceptions->Illuminate\\Foundation\\Bootstrap\\{closure}()
#2 Y:\\Project\\2024\\klikpr2\\ori\\laravel-starter-main\\vendor\\laravel\\framework\\src\\Illuminate\\Foundation\\Console\\ServeCommand.php(112): filemtime()
#3 Y:\\Project\\2024\\klikpr2\\ori\\laravel-starter-main\\vendor\\laravel\\framework\\src\\Illuminate\\Container\\BoundMethod.php(36): Illuminate\\Foundation\\Console\\ServeCommand->handle()
#4 Y:\\Project\\2024\\klikpr2\\ori\\laravel-starter-main\\vendor\\laravel\\framework\\src\\Illuminate\\Container\\Util.php(43): Illuminate\\Container\\BoundMethod::Illuminate\\Container\\{closure}()
#5 Y:\\Project\\2024\\klikpr2\\ori\\laravel-starter-main\\vendor\\laravel\\framework\\src\\Illuminate\\Container\\BoundMethod.php(95): Illuminate\\Container\\Util::unwrapIfClosure()
#6 Y:\\Project\\2024\\klikpr2\\ori\\laravel-starter-main\\vendor\\laravel\\framework\\src\\Illuminate\\Container\\BoundMethod.php(35): Illuminate\\Container\\BoundMethod::callBoundMethod()
#7 Y:\\Project\\2024\\klikpr2\\ori\\laravel-starter-main\\vendor\\laravel\\framework\\src\\Illuminate\\Container\\Container.php(690): Illuminate\\Container\\BoundMethod::call()
#8 Y:\\Project\\2024\\klikpr2\\ori\\laravel-starter-main\\vendor\\laravel\\framework\\src\\Illuminate\\Console\\Command.php(213): Illuminate\\Container\\Container->call()
#9 Y:\\Project\\2024\\klikpr2\\ori\\laravel-starter-main\\vendor\\symfony\\console\\Command\\Command.php(279): Illuminate\\Console\\Command->execute()
#10 Y:\\Project\\2024\\klikpr2\\ori\\laravel-starter-main\\vendor\\laravel\\framework\\src\\Illuminate\\Console\\Command.php(182): Symfony\\Component\\Console\\Command\\Command->run()
#11 Y:\\Project\\2024\\klikpr2\\ori\\laravel-starter-main\\vendor\\symfony\\console\\Application.php(1047): Illuminate\\Console\\Command->run()
#12 Y:\\Project\\2024\\klikpr2\\ori\\laravel-starter-main\\vendor\\symfony\\console\\Application.php(316): Symfony\\Component\\Console\\Application->doRunCommand()
#13 Y:\\Project\\2024\\klikpr2\\ori\\laravel-starter-main\\vendor\\symfony\\console\\Application.php(167): Symfony\\Component\\Console\\Application->doRun()
#14 Y:\\Project\\2024\\klikpr2\\ori\\laravel-starter-main\\vendor\\laravel\\framework\\src\\Illuminate\\Foundation\\Console\\Kernel.php(197): Symfony\\Component\\Console\\Application->run()
#15 Y:\\Project\\2024\\klikpr2\\ori\\laravel-starter-main\\vendor\\laravel\\framework\\src\\Illuminate\\Foundation\\Application.php(1203): Illuminate\\Foundation\\Console\\Kernel->handle()
#16 Y:\\Project\\2024\\klikpr2\\ori\\laravel-starter-main\\artisan(13): Illuminate\\Foundation\\Application->handleCommand()
#17 {main}
"} 
[2024-11-05 15:48:56] local.INFO: Peta | User:A Ki Asmoro Santo(ID:6)  
[2024-11-05 15:51:42] local.INFO: Peta | User:A Ki Asmoro Santo(ID:6)  
[2024-11-05 15:54:38] local.INFO: Peta | User:A Ki Asmoro Santo(ID:6)  
[2024-11-05 15:57:35] local.INFO: Peta | User:A Ki Asmoro Santo(ID:6)  
[2024-11-05 15:59:22] local.INFO: Peta | User:A Ki Asmoro Santo(ID:6)  
[2024-11-05 15:59:57] local.INFO: Peta | User:A Ki Asmoro Santo(ID:6)  
[2024-11-05 16:00:56] local.INFO: Peta | User:A Ki Asmoro Santo(ID:6)  
[2024-11-05 16:00:58] local.INFO: Peta | User:A Ki Asmoro Santo(ID:6)  
[2024-11-05 16:01:32] local.INFO: Peta | User:A Ki Asmoro Santo(ID:6)  
[2024-11-05 16:02:00] local.INFO: Peta | User:A Ki Asmoro Santo(ID:6)  
[2024-11-05 16:02:21] local.INFO: Peta | User:A Ki Asmoro Santo(ID:6)  
[2024-11-05 16:02:42] local.INFO: Peta | User:A Ki Asmoro Santo(ID:6)  
[2024-11-05 16:02:56] local.INFO: Peta | User:A Ki Asmoro Santo(ID:6)  
[2024-11-05 16:03:22] local.INFO: Peta | User:A Ki Asmoro Santo(ID:6)  
[2024-11-05 16:03:29] local.INFO: Peta | User:A Ki Asmoro Santo(ID:6)  
[2024-11-05 16:03:53] local.INFO: Peta | User:A Ki Asmoro Santo(ID:6)  
[2024-11-05 16:04:02] local.INFO: Peta | User:A Ki Asmoro Santo(ID:6)  
[2024-11-05 16:04:18] local.INFO: Peta | User:A Ki Asmoro Santo(ID:6)  
[2024-11-05 16:05:26] local.INFO: Peta | User:A Ki Asmoro Santo(ID:6)  
[2024-11-05 16:05:48] local.INFO: Peta | User:A Ki Asmoro Santo(ID:6)  
[2024-11-05 16:06:01] local.INFO: Peta | User:A Ki Asmoro Santo(ID:6)  
[2024-11-05 16:06:46] local.INFO: Peta | User:A Ki Asmoro Santo(ID:6)  
[2024-11-05 16:06:53] local.INFO: Peta | User:A Ki Asmoro Santo(ID:6)  
[2024-11-05 16:09:46] local.INFO: Peta | User:A Ki Asmoro Santo(ID:6)  
[2024-11-05 16:12:58] local.INFO: Peta | User:A Ki Asmoro Santo(ID:6)  
[2024-11-05 16:14:17] local.INFO: Peta | User:A Ki Asmoro Santo(ID:6)  
[2024-11-05 16:19:41] local.INFO: Peta | User:A Ki Asmoro Santo(ID:6)  
[2024-11-05 16:21:04] local.INFO: Peta | User:A Ki Asmoro Santo(ID:6)  
[2024-11-05 16:21:44] local.INFO: Peta | User:A Ki Asmoro Santo(ID:6)  
[2024-11-05 16:23:18] local.INFO: Peta | User:A Ki Asmoro Santo(ID:6)  
[2024-11-05 16:24:17] local.INFO: Peta | User:A Ki Asmoro Santo(ID:6)  
[2024-11-05 16:24:57] local.INFO: Peta | User:A Ki Asmoro Santo(ID:6)  
[2024-11-05 16:27:11] local.INFO: Peta | User:A Ki Asmoro Santo(ID:6)  
[2024-11-05 16:28:06] local.INFO: Peta | User:A Ki Asmoro Santo(ID:6)  
[2024-11-05 16:28:09] local.INFO: Peta | User:A Ki Asmoro Santo(ID:6)  
[2024-11-05 16:32:07] local.INFO: Peta | User:A Ki Asmoro Santo(ID:6)  
[2024-11-05 16:36:40] local.INFO: Peta | User:A Ki Asmoro Santo(ID:6)  
[2024-11-05 16:38:41] local.INFO: Peta | User:A Ki Asmoro Santo(ID:6)  
[2024-11-05 16:39:11] local.INFO: Peta | User:A Ki Asmoro Santo(ID:6)  
[2024-11-05 16:40:18] local.INFO: Peta | User:A Ki Asmoro Santo(ID:6)  
[2024-11-05 16:41:45] local.INFO: Peta | User:A Ki Asmoro Santo(ID:6)  
[2024-11-05 16:42:51] local.INFO: Peta | User:A Ki Asmoro Santo(ID:6)  
[2024-11-05 16:43:57] local.INFO: Peta | User:A Ki Asmoro Santo(ID:6)  
[2024-11-05 16:45:20] local.INFO: Peta | User:A Ki Asmoro Santo(ID:6)  
[2024-11-05 16:45:45] local.INFO: Peta | User:A Ki Asmoro Santo(ID:6)  
[2024-11-05 16:46:11] local.INFO: Peta | User:A Ki Asmoro Santo(ID:6)  
[2024-11-05 16:46:24] local.INFO: Peta | User:A Ki Asmoro Santo(ID:6)  
[2024-11-05 16:47:38] local.INFO: Peta | User:A Ki Asmoro Santo(ID:6)  
[2024-11-05 16:48:09] local.INFO: Peta | User:A Ki Asmoro Santo(ID:6)  
[2024-11-05 16:48:25] local.INFO: Peta | User:A Ki Asmoro Santo(ID:6)  
[2024-11-05 19:27:39] local.DEBUG: User Login Success. Name: A Ki Asmoro Santo | Id: 6 | Email: santochijoho@gmail.com | Username: 100006 IP:127.0.0.1 | UpdateLoginData  
[2024-11-05 19:27:43] local.INFO: Peta | User:A Ki Asmoro Santo(ID:6)  
[2024-11-05 19:30:30] local.INFO: Peta | User:A Ki Asmoro Santo(ID:6)  
[2024-11-05 19:39:04] local.INFO: Peta | User:A Ki Asmoro Santo(ID:6)  
[2024-11-05 19:39:33] local.INFO: Peta | User:A Ki Asmoro Santo(ID:6)  
[2024-11-05 19:40:05] local.INFO: Peta | User:A Ki Asmoro Santo(ID:6)  
[2024-11-05 19:42:37] local.INFO: Peta | User:A Ki Asmoro Santo(ID:6)  
[2024-11-05 19:43:15] local.INFO: Peta | User:A Ki Asmoro Santo(ID:6)  
[2024-11-05 19:44:06] local.INFO: Peta | User:A Ki Asmoro Santo(ID:6)  
[2024-11-05 19:44:47] local.INFO: Peta | User:A Ki Asmoro Santo(ID:6)  
[2024-11-05 19:45:31] local.INFO: Peta | User:A Ki Asmoro Santo(ID:6)  
[2024-11-05 19:45:56] local.INFO: Peta | User:A Ki Asmoro Santo(ID:6)  
[2024-11-05 19:47:59] local.INFO: Peta | User:A Ki Asmoro Santo(ID:6)  
[2024-11-05 19:48:55] local.INFO: Peta | User:A Ki Asmoro Santo(ID:6)  
[2024-11-05 19:49:22] local.INFO: Peta | User:A Ki Asmoro Santo(ID:6)  
[2024-11-05 19:50:02] local.INFO: Peta | User:A Ki Asmoro Santo(ID:6)  
[2024-11-05 19:51:16] local.INFO: Peta | User:A Ki Asmoro Santo(ID:6)  
[2024-11-05 19:52:48] local.INFO: Peta | User:A Ki Asmoro Santo(ID:6)  
[2024-11-05 19:54:27] local.INFO: Peta | User:A Ki Asmoro Santo(ID:6)  
[2024-11-05 19:54:52] local.INFO: Peta | User:A Ki Asmoro Santo(ID:6)  
[2024-11-05 19:56:46] local.INFO: Peta | User:A Ki Asmoro Santo(ID:6)  
[2024-11-05 19:57:02] local.INFO: Peta | User:A Ki Asmoro Santo(ID:6)  
[2024-11-05 19:57:57] local.INFO: Peta | User:A Ki Asmoro Santo(ID:6)  
[2024-11-05 20:00:00] local.INFO: Peta | User:A Ki Asmoro Santo(ID:6)  
[2024-11-05 20:00:14] local.INFO: Peta | User:A Ki Asmoro Santo(ID:6)  
[2024-11-05 20:00:27] local.INFO: Peta | User:A Ki Asmoro Santo(ID:6)  
[2024-11-05 20:02:34] local.INFO: Peta | User:A Ki Asmoro Santo(ID:6)  
[2024-11-05 20:03:22] local.INFO: Peta | User:A Ki Asmoro Santo(ID:6)  
[2024-11-05 20:04:17] local.INFO: Peta | User:A Ki Asmoro Santo(ID:6)  
[2024-11-05 20:07:42] local.INFO: Peta | User:A Ki Asmoro Santo(ID:6)  
[2024-11-05 20:08:23] local.INFO: Peta | User:A Ki Asmoro Santo(ID:6)  
[2024-11-05 20:09:35] local.INFO: Peta | User:A Ki Asmoro Santo(ID:6)  
[2024-11-05 20:11:57] local.INFO: Peta | User:A Ki Asmoro Santo(ID:6)  
[2024-11-05 20:14:02] local.INFO: Peta | User:A Ki Asmoro Santo(ID:6)  
[2024-11-05 20:15:42] local.INFO: Peta | User:A Ki Asmoro Santo(ID:6)  
[2024-11-05 20:16:40] local.INFO: Peta | User:A Ki Asmoro Santo(ID:6)  
[2024-11-05 20:17:33] local.INFO: Peta | User:A Ki Asmoro Santo(ID:6)  
[2024-11-05 20:19:13] local.INFO: Peta | User:A Ki Asmoro Santo(ID:6)  
[2024-11-05 20:20:03] local.INFO: Peta | User:A Ki Asmoro Santo(ID:6)  
[2024-11-05 20:20:43] local.INFO: Peta | User:A Ki Asmoro Santo(ID:6)  
[2024-11-05 20:21:53] local.INFO: Peta | User:A Ki Asmoro Santo(ID:6)  
[2024-11-05 20:22:23] local.INFO: Peta | User:A Ki Asmoro Santo(ID:6)  
[2024-11-05 20:23:03] local.INFO: Peta | User:A Ki Asmoro Santo(ID:6)  
[2024-11-05 20:23:41] local.INFO: Peta | User:A Ki Asmoro Santo(ID:6)  
[2024-11-05 20:24:06] local.INFO: Peta | User:A Ki Asmoro Santo(ID:6)  
[2024-11-05 20:25:43] local.INFO: Peta | User:A Ki Asmoro Santo(ID:6)  
[2024-11-05 20:27:08] local.INFO: Peta | User:A Ki Asmoro Santo(ID:6)  
[2024-11-05 20:27:43] local.INFO: Peta | User:A Ki Asmoro Santo(ID:6)  
[2024-11-05 20:30:32] local.INFO: Peta | User:A Ki Asmoro Santo(ID:6)  
[2024-11-05 20:31:05] local.INFO: Peta | User:A Ki Asmoro Santo(ID:6)  
[2024-11-05 20:31:54] local.INFO: Peta | User:A Ki Asmoro Santo(ID:6)  
[2024-11-05 20:32:33] local.INFO: Peta | User:A Ki Asmoro Santo(ID:6)  
[2024-11-05 20:33:13] local.INFO: Peta | User:A Ki Asmoro Santo(ID:6)  
[2024-11-05 20:33:45] local.INFO: Peta | User:A Ki Asmoro Santo(ID:6)  
[2024-11-05 20:33:57] local.INFO: Peta | User:A Ki Asmoro Santo(ID:6)  
[2024-11-05 20:36:01] local.INFO: Peta | User:A Ki Asmoro Santo(ID:6)  
[2024-11-05 20:37:26] local.INFO: Peta | User:A Ki Asmoro Santo(ID:6)  
[2024-11-05 20:41:35] local.INFO: Peta | User:A Ki Asmoro Santo(ID:6)  
[2024-11-05 20:45:13] local.INFO: Peta | User:A Ki Asmoro Santo(ID:6)  
[2024-11-05 20:45:36] local.INFO: Peta | User:A Ki Asmoro Santo(ID:6)  
[2024-11-05 20:45:58] local.INFO: Peta | User:A Ki Asmoro Santo(ID:6)  
[2024-11-05 20:47:38] local.INFO: Peta | User:A Ki Asmoro Santo(ID:6)  
[2024-11-05 20:48:03] local.INFO: Peta | User:A Ki Asmoro Santo(ID:6)  
[2024-11-05 20:48:17] local.INFO: Peta | User:A Ki Asmoro Santo(ID:6)  
[2024-11-05 20:48:35] local.INFO: Peta | User:A Ki Asmoro Santo(ID:6)  
[2024-11-05 20:48:53] local.INFO: Peta | User:A Ki Asmoro Santo(ID:6)  
[2024-11-05 20:49:33] local.INFO: Peta | User:A Ki Asmoro Santo(ID:6)  
[2024-11-05 20:49:53] local.INFO: Peta | User:A Ki Asmoro Santo(ID:6)  
[2024-11-05 20:50:18] local.INFO: Peta | User:A Ki Asmoro Santo(ID:6)  
[2024-11-05 20:51:11] local.INFO: Peta | User:A Ki Asmoro Santo(ID:6)  
[2024-11-05 20:51:33] local.INFO: Peta | User:A Ki Asmoro Santo(ID:6)  
[2024-11-05 20:53:45] local.INFO: Peta | User:A Ki Asmoro Santo(ID:6)  
[2024-11-05 20:54:08] local.INFO: Peta | User:A Ki Asmoro Santo(ID:6)  
[2024-11-05 20:56:06] local.INFO: Peta | User:A Ki Asmoro Santo(ID:6)  
[2024-11-05 20:56:53] local.INFO: Peta | User:A Ki Asmoro Santo(ID:6)  
[2024-11-05 20:56:58] local.INFO: Peta | User:A Ki Asmoro Santo(ID:6)  
[2024-11-05 20:57:17] local.INFO: Peta | User:A Ki Asmoro Santo(ID:6)  
[2024-11-05 20:57:27] local.INFO: Peta | User:A Ki Asmoro Santo(ID:6)  
[2024-11-05 20:58:39] local.INFO: Peta | User:A Ki Asmoro Santo(ID:6)  
[2024-11-05 20:59:54] local.INFO: Peta | User:A Ki Asmoro Santo(ID:6)  
[2024-11-05 21:06:02] local.INFO: Peta | User:A Ki Asmoro Santo(ID:6)  
[2024-11-05 21:14:55] local.INFO: Peta | User:A Ki Asmoro Santo(ID:6)  
[2024-11-05 21:15:55] local.INFO: Peta | User:A Ki Asmoro Santo(ID:6)  
[2024-11-05 21:16:15] local.INFO: Peta | User:A Ki Asmoro Santo(ID:6)  
[2024-11-05 21:16:24] local.INFO: Peta | User:A Ki Asmoro Santo(ID:6)  
[2024-11-05 21:16:44] local.INFO: Peta | User:A Ki Asmoro Santo(ID:6)  
[2024-11-05 21:16:57] local.INFO: Peta | User:A Ki Asmoro Santo(ID:6)  
[2024-11-05 21:20:40] local.INFO: Peta | User:A Ki Asmoro Santo(ID:6)  
[2024-11-05 21:23:24] local.INFO: Peta | User:A Ki Asmoro Santo(ID:6)  
[2024-11-05 21:24:23] local.INFO: Peta | User:A Ki Asmoro Santo(ID:6)  
[2024-11-05 21:25:03] local.INFO: Peta | User:A Ki Asmoro Santo(ID:6)  
[2024-11-05 21:25:19] local.INFO: Peta | User:A Ki Asmoro Santo(ID:6)  
[2024-11-05 21:28:07] local.INFO: Peta | User:A Ki Asmoro Santo(ID:6)  
[2024-11-05 21:30:36] local.INFO: Peta | User:A Ki Asmoro Santo(ID:6)  
[2024-11-05 21:33:04] local.INFO: Peta | User:A Ki Asmoro Santo(ID:6)  
[2024-11-05 21:33:13] local.INFO: Peta | User:A Ki Asmoro Santo(ID:6)  
[2024-11-05 21:34:28] local.INFO: Peta | User:A Ki Asmoro Santo(ID:6)  
[2024-11-05 21:36:19] local.INFO: Peta | User:A Ki Asmoro Santo(ID:6)  
[2024-11-05 21:36:34] local.INFO: Peta | User:A Ki Asmoro Santo(ID:6)  
[2024-11-05 21:39:24] local.INFO: Peta | User:A Ki Asmoro Santo(ID:6)  
[2024-11-05 21:41:07] local.INFO: Peta | User:A Ki Asmoro Santo(ID:6)  
[2024-11-05 21:41:19] local.INFO: Peta | User:A Ki Asmoro Santo(ID:6)  
[2024-11-05 21:41:38] local.DEBUG: Posts List | User:A Ki Asmoro Santo (ID:6)  
[2024-11-05 21:41:44] local.INFO: Peta | User:A Ki Asmoro Santo(ID:6)  
[2024-11-05 21:41:46] local.INFO: Peta | User:A Ki Asmoro Santo(ID:6)  
[2024-11-05 21:42:05] local.INFO: Peta | User:A Ki Asmoro Santo(ID:6)  
[2024-11-05 21:42:48] local.INFO: Peta | User:A Ki Asmoro Santo(ID:6)  
[2024-11-05 21:43:07] local.INFO: Notifications List | User:A Ki Asmoro Santo(ID:6)  
[2024-11-05 21:43:14] local.DEBUG: Posts List | User:A Ki Asmoro Santo (ID:6)  
[2024-11-05 21:43:16] local.INFO: Notifications List | User:A Ki Asmoro Santo(ID:6)  
[2024-11-05 21:44:00] local.INFO: Peta | User:A Ki Asmoro Santo(ID:6)  
[2024-11-05 21:44:13] local.INFO: Peta | User:A Ki Asmoro Santo(ID:6)  
[2024-11-05 21:44:24] local.INFO: Peta | User:A Ki Asmoro Santo(ID:6)  
[2024-11-05 21:45:36] local.INFO: Peta | User:A Ki Asmoro Santo(ID:6)  
[2024-11-05 21:46:24] local.INFO: Peta | User:A Ki Asmoro Santo(ID:6)  
[2024-11-05 21:46:45] local.INFO: Peta | User:A Ki Asmoro Santo(ID:6)  
[2024-11-05 21:47:00] local.INFO: Peta | User:A Ki Asmoro Santo(ID:6)  
[2024-11-05 21:47:14] local.INFO: Peta | User:A Ki Asmoro Santo(ID:6)  
[2024-11-05 21:47:46] local.INFO: Peta | User:A Ki Asmoro Santo(ID:6)  
[2024-11-05 21:49:24] local.INFO: Peta | User:A Ki Asmoro Santo(ID:6)  
[2024-11-05 21:50:24] local.INFO: Peta | User:A Ki Asmoro Santo(ID:6)  
[2024-11-05 21:51:05] local.INFO: Peta | User:A Ki Asmoro Santo(ID:6)  
[2024-11-05 21:51:50] local.INFO: Peta | User:A Ki Asmoro Santo(ID:6)  
[2024-11-05 21:51:57] local.INFO: Peta | User:A Ki Asmoro Santo(ID:6)  
[2024-11-05 21:53:05] local.INFO: Peta | User:A Ki Asmoro Santo(ID:6)  
[2024-11-05 21:53:28] local.INFO: Peta | User:A Ki Asmoro Santo(ID:6)  
[2024-11-05 21:53:55] local.INFO: Peta | User:A Ki Asmoro Santo(ID:6)  
[2024-11-05 21:54:14] local.INFO: Peta | User:A Ki Asmoro Santo(ID:6)  
[2024-11-05 21:54:45] local.INFO: Peta | User:A Ki Asmoro Santo(ID:6)  
[2024-11-05 21:55:07] local.INFO: Peta | User:A Ki Asmoro Santo(ID:6)  
[2024-11-05 21:55:39] local.INFO: Peta | User:A Ki Asmoro Santo(ID:6)  
[2024-11-05 21:55:56] local.INFO: Peta | User:A Ki Asmoro Santo(ID:6)  
[2024-11-05 21:56:54] local.INFO: Peta | User:A Ki Asmoro Santo(ID:6)  
[2024-11-05 21:57:48] local.INFO: Peta | User:A Ki Asmoro Santo(ID:6)  
[2024-11-05 21:58:04] local.INFO: Peta | User:A Ki Asmoro Santo(ID:6)  
[2024-11-05 21:58:39] local.INFO: Peta | User:A Ki Asmoro Santo(ID:6)  
[2024-11-05 21:58:58] local.INFO: Peta | User:A Ki Asmoro Santo(ID:6)  
[2024-11-05 21:59:16] local.INFO: Peta | User:A Ki Asmoro Santo(ID:6)  
[2024-11-05 21:59:25] local.INFO: Peta | User:A Ki Asmoro Santo(ID:6)  
[2024-11-05 21:59:56] local.INFO: Peta | User:A Ki Asmoro Santo(ID:6)  
[2024-11-05 22:00:09] local.INFO: Peta | User:A Ki Asmoro Santo(ID:6)  
[2024-11-05 22:00:25] local.INFO: Peta | User:A Ki Asmoro Santo(ID:6)  
[2024-11-05 23:17:02] local.INFO: Peta | User:A Ki Asmoro Santo(ID:6)  
[2024-11-05 23:28:57] local.INFO: Peta | User:A Ki Asmoro Santo(ID:6)  
[2024-11-05 23:29:55] local.INFO: Peta | User:A Ki Asmoro Santo(ID:6)  
[2024-11-05 23:30:11] local.INFO: Peta | User:A Ki Asmoro Santo(ID:6)  
[2024-11-05 23:30:58] local.INFO: Peta | User:A Ki Asmoro Santo(ID:6)  
[2024-11-05 23:31:40] local.INFO: Peta | User:A Ki Asmoro Santo(ID:6)  
[2024-11-05 23:32:10] local.INFO: Peta | User:A Ki Asmoro Santo(ID:6)  
