[2024-11-09 07:33:13] local.DEBUG: User Login Success. Name: A Ki Asmoro Santo | Id: 6 | Email: santochijoho@gmail.com | Username: 100006 IP:127.0.0.1 | UpdateLoginData  
[2024-11-09 07:37:40] local.INFO: Peta | User:A Ki Asmoro Santo(ID:6)  
[2024-11-09 18:01:57] local.DEBUG: User Login Success. Name: A Ki Asmoro Santo | Id: 6 | Email: santochijoho@gmail.com | Username: 100006 IP:127.0.0.1 | UpdateLoginData  
[2024-11-09 18:02:00] local.INFO: Peta | User:A Ki Asmoro Santo(ID:6)  
[2024-11-09 18:05:30] local.INFO: Peta | User:A Ki Asmoro Santo(ID:6)  
[2024-11-09 18:06:00] local.INFO: Peta | User:A Ki Asmoro Santo(ID:6)  
[2024-11-09 18:07:04] local.INFO: Peta | User:A Ki Asmoro Santo(ID:6)  
[2024-11-09 18:07:54] local.INFO: Peta | User:A Ki Asmoro Santo(ID:6)  
[2024-11-09 18:09:29] local.INFO: Peta | User:A Ki Asmoro Santo(ID:6)  
[2024-11-09 18:11:01] local.INFO: Peta | User:A Ki Asmoro Santo(ID:6)  
[2024-11-09 18:11:51] local.INFO: Peta | User:A Ki Asmoro Santo(ID:6)  
[2024-11-09 18:13:19] local.INFO: Peta | User:A Ki Asmoro Santo(ID:6)  
[2024-11-09 18:14:20] local.INFO: Peta | User:A Ki Asmoro Santo(ID:6)  
[2024-11-09 18:16:19] local.INFO: Peta | User:A Ki Asmoro Santo(ID:6)  
[2024-11-09 18:21:26] local.INFO: Peta | User:A Ki Asmoro Santo(ID:6)  
[2024-11-09 18:22:21] local.INFO: Peta | User:A Ki Asmoro Santo(ID:6)  
[2024-11-09 18:22:36] local.INFO: Peta | User:A Ki Asmoro Santo(ID:6)  
[2024-11-09 18:23:08] local.INFO: Peta | User:A Ki Asmoro Santo(ID:6)  
[2024-11-09 18:25:58] local.INFO: Peta | User:A Ki Asmoro Santo(ID:6)  
[2024-11-09 18:26:23] local.INFO: Peta | User:A Ki Asmoro Santo(ID:6)  
[2024-11-09 18:26:40] local.INFO: Peta | User:A Ki Asmoro Santo(ID:6)  
[2024-11-09 18:26:50] local.DEBUG: Tags List | User:A Ki Asmoro Santo (ID:6)  
[2024-11-09 18:28:07] local.INFO: Peta | User:A Ki Asmoro Santo(ID:6)  
[2024-11-09 18:28:19] local.INFO: Peta | User:A Ki Asmoro Santo(ID:6)  
[2024-11-09 18:29:22] local.INFO: Peta | User:A Ki Asmoro Santo(ID:6)  
[2024-11-09 18:29:43] local.INFO: Peta | User:A Ki Asmoro Santo(ID:6)  
[2024-11-09 18:30:13] local.INFO: Peta | User:A Ki Asmoro Santo(ID:6)  
[2024-11-09 18:36:28] local.INFO: Peta | User:A Ki Asmoro Santo(ID:6)  
[2024-11-09 18:37:15] local.INFO: Peta | User:A Ki Asmoro Santo(ID:6)  
[2024-11-09 18:38:01] local.INFO: Peta | User:A Ki Asmoro Santo(ID:6)  
[2024-11-09 18:38:32] local.INFO: Peta | User:A Ki Asmoro Santo(ID:6)  
[2024-11-09 18:39:03] local.INFO: Peta | User:A Ki Asmoro Santo(ID:6)  
[2024-11-09 18:39:21] local.INFO: Peta | User:A Ki Asmoro Santo(ID:6)  
[2024-11-09 18:40:20] local.INFO: Peta | User:A Ki Asmoro Santo(ID:6)  
[2024-11-09 18:40:34] local.INFO: Peta | User:A Ki Asmoro Santo(ID:6)  
[2024-11-09 18:41:03] local.INFO: Peta | User:A Ki Asmoro Santo(ID:6)  
[2024-11-09 18:43:13] local.INFO: Peta | User:A Ki Asmoro Santo(ID:6)  
[2024-11-09 18:43:35] local.INFO: Peta | User:A Ki Asmoro Santo(ID:6)  
[2024-11-09 18:47:09] local.INFO: Peta | User:A Ki Asmoro Santo(ID:6)  
[2024-11-09 18:47:46] local.INFO: Peta | User:A Ki Asmoro Santo(ID:6)  
[2024-11-09 18:49:24] local.INFO: Peta | User:A Ki Asmoro Santo(ID:6)  
[2024-11-09 18:49:57] local.INFO: Peta | User:A Ki Asmoro Santo(ID:6)  
[2024-11-09 18:50:32] local.INFO: Peta | User:A Ki Asmoro Santo(ID:6)  
[2024-11-09 18:51:14] local.INFO: Peta | User:A Ki Asmoro Santo(ID:6)  
[2024-11-09 18:52:01] local.INFO: Peta | User:A Ki Asmoro Santo(ID:6)  
[2024-11-09 18:52:45] local.INFO: Peta | User:A Ki Asmoro Santo(ID:6)  
[2024-11-09 18:52:59] local.INFO: Peta | User:A Ki Asmoro Santo(ID:6)  
[2024-11-09 18:53:45] local.INFO: Peta | User:A Ki Asmoro Santo(ID:6)  
[2024-11-09 18:55:22] local.INFO: Peta | User:A Ki Asmoro Santo(ID:6)  
[2024-11-09 18:55:59] local.INFO: Peta | User:A Ki Asmoro Santo(ID:6)  
[2024-11-09 18:56:41] local.INFO: Peta | User:A Ki Asmoro Santo(ID:6)  
[2024-11-09 18:57:26] local.INFO: Peta | User:A Ki Asmoro Santo(ID:6)  
[2024-11-09 18:59:48] local.INFO: Peta | User:A Ki Asmoro Santo(ID:6)  
[2024-11-09 19:00:15] local.INFO: Peta | User:A Ki Asmoro Santo(ID:6)  
[2024-11-09 19:00:30] local.INFO: Peta | User:A Ki Asmoro Santo(ID:6)  
[2024-11-09 19:00:44] local.INFO: Peta | User:A Ki Asmoro Santo(ID:6)  
[2024-11-09 19:01:32] local.INFO: Peta | User:A Ki Asmoro Santo(ID:6)  
[2024-11-09 19:02:39] local.INFO: Peta | User:A Ki Asmoro Santo(ID:6)  
[2024-11-09 19:04:35] local.INFO: Peta | User:A Ki Asmoro Santo(ID:6)  
[2024-11-09 19:05:06] local.INFO: Peta | User:A Ki Asmoro Santo(ID:6)  
[2024-11-09 19:08:41] local.INFO: Peta | User:A Ki Asmoro Santo(ID:6)  
[2024-11-09 19:09:30] local.INFO: Peta | User:A Ki Asmoro Santo(ID:6)  
[2024-11-09 19:11:40] local.INFO: Peta | User:A Ki Asmoro Santo(ID:6)  
[2024-11-09 19:15:21] local.ERROR: View [frontend.layouts.navbar] not found. {"view":{"view":"Y:\\Project\\2024\\klikpr2\\ori\\laravel-starter-main\\resources\\views\\frontend\\index.blade.php","data":{"errors":"<pre class=sf-dump id=sf-dump-1563466659 data-indent-pad=\"  \"><span class=sf-dump-note>Illuminate\\Support\\ViewErrorBag</span> {<a class=sf-dump-ref>#1828</a><samp data-depth=1 class=sf-dump-expanded>
  #<span class=sf-dump-protected title=\"Protected property\">bags</span>: []
</samp>}
</pre><script>Sfdump(\"sf-dump-1563466659\", {\"maxDepth\":3,\"maxStringLength\":160})</script>
"}},"userId":6,"exception":"[object] (Spatie\\LaravelIgnition\\Exceptions\\ViewException(code: 0): View [frontend.layouts.navbar] not found. at Y:\\Project\\2024\\klikpr2\\ori\\laravel-starter-main\\vendor\\laravel\\framework\\src\\Illuminate\\View\\FileViewFinder.php:139)
[stacktrace]
#0 Y:\\Project\\2024\\klikpr2\\ori\\laravel-starter-main\\vendor\\laravel\\framework\\src\\Illuminate\\View\\FileViewFinder.php(79): Illuminate\\View\\FileViewFinder->findInPaths('frontend.layout...', Array)
#1 Y:\\Project\\2024\\klikpr2\\ori\\laravel-starter-main\\vendor\\laravel\\framework\\src\\Illuminate\\View\\Factory.php(151): Illuminate\\View\\FileViewFinder->find('frontend.layout...')
#2 Y:\\Project\\2024\\klikpr2\\ori\\laravel-starter-main\\resources\\views\\frontend\\index.blade.php(8): Illuminate\\View\\Factory->make('frontend.layout...', Array)
#3 Y:\\Project\\2024\\klikpr2\\ori\\laravel-starter-main\\vendor\\laravel\\framework\\src\\Illuminate\\Filesystem\\Filesystem.php(123): require('Y:\\\\Project\\\\2024...')
#4 Y:\\Project\\2024\\klikpr2\\ori\\laravel-starter-main\\vendor\\laravel\\framework\\src\\Illuminate\\Filesystem\\Filesystem.php(124): Illuminate\\Filesystem\\Filesystem::Illuminate\\Filesystem\\{closure}()
#5 Y:\\Project\\2024\\klikpr2\\ori\\laravel-starter-main\\vendor\\laravel\\framework\\src\\Illuminate\\View\\Engines\\PhpEngine.php(58): Illuminate\\Filesystem\\Filesystem->getRequire('Y:\\\\Project\\\\2024...', Array)
#6 Y:\\Project\\2024\\klikpr2\\ori\\laravel-starter-main\\vendor\\livewire\\livewire\\src\\Mechanisms\\ExtendBlade\\ExtendedCompilerEngine.php(22): Illuminate\\View\\Engines\\PhpEngine->evaluatePath('Y:\\\\Project\\\\2024...', Array)
#7 Y:\\Project\\2024\\klikpr2\\ori\\laravel-starter-main\\vendor\\laravel\\framework\\src\\Illuminate\\View\\Engines\\CompilerEngine.php(74): Livewire\\Mechanisms\\ExtendBlade\\ExtendedCompilerEngine->evaluatePath('Y:\\\\Project\\\\2024...', Array)
#8 Y:\\Project\\2024\\klikpr2\\ori\\laravel-starter-main\\vendor\\livewire\\livewire\\src\\Mechanisms\\ExtendBlade\\ExtendedCompilerEngine.php(10): Illuminate\\View\\Engines\\CompilerEngine->get('Y:\\\\Project\\\\2024...', Array)
#9 Y:\\Project\\2024\\klikpr2\\ori\\laravel-starter-main\\vendor\\laravel\\framework\\src\\Illuminate\\View\\View.php(208): Livewire\\Mechanisms\\ExtendBlade\\ExtendedCompilerEngine->get('Y:\\\\Project\\\\2024...', Array)
#10 Y:\\Project\\2024\\klikpr2\\ori\\laravel-starter-main\\vendor\\laravel\\framework\\src\\Illuminate\\View\\View.php(191): Illuminate\\View\\View->getContents()
#11 Y:\\Project\\2024\\klikpr2\\ori\\laravel-starter-main\\vendor\\laravel\\framework\\src\\Illuminate\\View\\View.php(160): Illuminate\\View\\View->renderContents()
#12 Y:\\Project\\2024\\klikpr2\\ori\\laravel-starter-main\\vendor\\laravel\\framework\\src\\Illuminate\\Http\\Response.php(70): Illuminate\\View\\View->render()
#13 Y:\\Project\\2024\\klikpr2\\ori\\laravel-starter-main\\vendor\\laravel\\framework\\src\\Illuminate\\Http\\Response.php(35): Illuminate\\Http\\Response->setContent(Object(Illuminate\\View\\View))
#14 Y:\\Project\\2024\\klikpr2\\ori\\laravel-starter-main\\vendor\\laravel\\framework\\src\\Illuminate\\Routing\\Router.php(920): Illuminate\\Http\\Response->__construct(Object(Illuminate\\View\\View), 200, Array)
#15 Y:\\Project\\2024\\klikpr2\\ori\\laravel-starter-main\\vendor\\laravel\\framework\\src\\Illuminate\\Routing\\Router.php(887): Illuminate\\Routing\\Router::toResponse(Object(Illuminate\\Http\\Request), Object(Illuminate\\View\\View))
#16 Y:\\Project\\2024\\klikpr2\\ori\\laravel-starter-main\\vendor\\laravel\\framework\\src\\Illuminate\\Routing\\Router.php(807): Illuminate\\Routing\\Router->prepareResponse(Object(Illuminate\\Http\\Request), Object(Illuminate\\View\\View))
#17 Y:\\Project\\2024\\klikpr2\\ori\\laravel-starter-main\\vendor\\laravel\\framework\\src\\Illuminate\\Pipeline\\Pipeline.php(144): Illuminate\\Routing\\Router->Illuminate\\Routing\\{closure}(Object(Illuminate\\Http\\Request))
#18 Y:\\Project\\2024\\klikpr2\\ori\\laravel-starter-main\\app\\Http\\Middleware\\SetLocale.php(25): Illuminate\\Pipeline\\Pipeline->Illuminate\\Pipeline\\{closure}(Object(Illuminate\\Http\\Request))
#19 Y:\\Project\\2024\\klikpr2\\ori\\laravel-starter-main\\vendor\\laravel\\framework\\src\\Illuminate\\Pipeline\\Pipeline.php(183): App\\Http\\Middleware\\SetLocale->handle(Object(Illuminate\\Http\\Request), Object(Closure))
#20 Y:\\Project\\2024\\klikpr2\\ori\\laravel-starter-main\\vendor\\laravel\\framework\\src\\Illuminate\\Routing\\Middleware\\SubstituteBindings.php(51): Illuminate\\Pipeline\\Pipeline->Illuminate\\Pipeline\\{closure}(Object(Illuminate\\Http\\Request))
#21 Y:\\Project\\2024\\klikpr2\\ori\\laravel-starter-main\\vendor\\laravel\\framework\\src\\Illuminate\\Pipeline\\Pipeline.php(183): Illuminate\\Routing\\Middleware\\SubstituteBindings->handle(Object(Illuminate\\Http\\Request), Object(Closure))
#22 Y:\\Project\\2024\\klikpr2\\ori\\laravel-starter-main\\vendor\\laravel\\framework\\src\\Illuminate\\Foundation\\Http\\Middleware\\VerifyCsrfToken.php(88): Illuminate\\Pipeline\\Pipeline->Illuminate\\Pipeline\\{closure}(Object(Illuminate\\Http\\Request))
#23 Y:\\Project\\2024\\klikpr2\\ori\\laravel-starter-main\\vendor\\laravel\\framework\\src\\Illuminate\\Pipeline\\Pipeline.php(183): Illuminate\\Foundation\\Http\\Middleware\\VerifyCsrfToken->handle(Object(Illuminate\\Http\\Request), Object(Closure))
#24 Y:\\Project\\2024\\klikpr2\\ori\\laravel-starter-main\\vendor\\laravel\\framework\\src\\Illuminate\\View\\Middleware\\ShareErrorsFromSession.php(49): Illuminate\\Pipeline\\Pipeline->Illuminate\\Pipeline\\{closure}(Object(Illuminate\\Http\\Request))
#25 Y:\\Project\\2024\\klikpr2\\ori\\laravel-starter-main\\vendor\\laravel\\framework\\src\\Illuminate\\Pipeline\\Pipeline.php(183): Illuminate\\View\\Middleware\\ShareErrorsFromSession->handle(Object(Illuminate\\Http\\Request), Object(Closure))
#26 Y:\\Project\\2024\\klikpr2\\ori\\laravel-starter-main\\vendor\\laravel\\framework\\src\\Illuminate\\Session\\Middleware\\StartSession.php(121): Illuminate\\Pipeline\\Pipeline->Illuminate\\Pipeline\\{closure}(Object(Illuminate\\Http\\Request))
#27 Y:\\Project\\2024\\klikpr2\\ori\\laravel-starter-main\\vendor\\laravel\\framework\\src\\Illuminate\\Session\\Middleware\\StartSession.php(64): Illuminate\\Session\\Middleware\\StartSession->handleStatefulRequest(Object(Illuminate\\Http\\Request), Object(Illuminate\\Session\\Store), Object(Closure))
#28 Y:\\Project\\2024\\klikpr2\\ori\\laravel-starter-main\\vendor\\laravel\\framework\\src\\Illuminate\\Pipeline\\Pipeline.php(183): Illuminate\\Session\\Middleware\\StartSession->handle(Object(Illuminate\\Http\\Request), Object(Closure))
#29 Y:\\Project\\2024\\klikpr2\\ori\\laravel-starter-main\\vendor\\laravel\\framework\\src\\Illuminate\\Cookie\\Middleware\\AddQueuedCookiesToResponse.php(37): Illuminate\\Pipeline\\Pipeline->Illuminate\\Pipeline\\{closure}(Object(Illuminate\\Http\\Request))
#30 Y:\\Project\\2024\\klikpr2\\ori\\laravel-starter-main\\vendor\\laravel\\framework\\src\\Illuminate\\Pipeline\\Pipeline.php(183): Illuminate\\Cookie\\Middleware\\AddQueuedCookiesToResponse->handle(Object(Illuminate\\Http\\Request), Object(Closure))
#31 Y:\\Project\\2024\\klikpr2\\ori\\laravel-starter-main\\vendor\\laravel\\framework\\src\\Illuminate\\Cookie\\Middleware\\EncryptCookies.php(75): Illuminate\\Pipeline\\Pipeline->Illuminate\\Pipeline\\{closure}(Object(Illuminate\\Http\\Request))
#32 Y:\\Project\\2024\\klikpr2\\ori\\laravel-starter-main\\vendor\\laravel\\framework\\src\\Illuminate\\Pipeline\\Pipeline.php(183): Illuminate\\Cookie\\Middleware\\EncryptCookies->handle(Object(Illuminate\\Http\\Request), Object(Closure))
#33 Y:\\Project\\2024\\klikpr2\\ori\\laravel-starter-main\\vendor\\laravel\\framework\\src\\Illuminate\\Pipeline\\Pipeline.php(119): Illuminate\\Pipeline\\Pipeline->Illuminate\\Pipeline\\{closure}(Object(Illuminate\\Http\\Request))
#34 Y:\\Project\\2024\\klikpr2\\ori\\laravel-starter-main\\vendor\\laravel\\framework\\src\\Illuminate\\Routing\\Router.php(807): Illuminate\\Pipeline\\Pipeline->then(Object(Closure))
#35 Y:\\Project\\2024\\klikpr2\\ori\\laravel-starter-main\\vendor\\laravel\\framework\\src\\Illuminate\\Routing\\Router.php(786): Illuminate\\Routing\\Router->runRouteWithinStack(Object(Illuminate\\Routing\\Route), Object(Illuminate\\Http\\Request))
#36 Y:\\Project\\2024\\klikpr2\\ori\\laravel-starter-main\\vendor\\laravel\\framework\\src\\Illuminate\\Routing\\Router.php(750): Illuminate\\Routing\\Router->runRoute(Object(Illuminate\\Http\\Request), Object(Illuminate\\Routing\\Route))
#37 Y:\\Project\\2024\\klikpr2\\ori\\laravel-starter-main\\vendor\\laravel\\framework\\src\\Illuminate\\Routing\\Router.php(739): Illuminate\\Routing\\Router->dispatchToRoute(Object(Illuminate\\Http\\Request))
#38 Y:\\Project\\2024\\klikpr2\\ori\\laravel-starter-main\\vendor\\laravel\\framework\\src\\Illuminate\\Foundation\\Http\\Kernel.php(201): Illuminate\\Routing\\Router->dispatch(Object(Illuminate\\Http\\Request))
#39 Y:\\Project\\2024\\klikpr2\\ori\\laravel-starter-main\\vendor\\laravel\\framework\\src\\Illuminate\\Pipeline\\Pipeline.php(144): Illuminate\\Foundation\\Http\\Kernel->Illuminate\\Foundation\\Http\\{closure}(Object(Illuminate\\Http\\Request))
#40 Y:\\Project\\2024\\klikpr2\\ori\\laravel-starter-main\\vendor\\livewire\\livewire\\src\\Features\\SupportDisablingBackButtonCache\\DisableBackButtonCacheMiddleware.php(19): Illuminate\\Pipeline\\Pipeline->Illuminate\\Pipeline\\{closure}(Object(Illuminate\\Http\\Request))
#41 Y:\\Project\\2024\\klikpr2\\ori\\laravel-starter-main\\vendor\\laravel\\framework\\src\\Illuminate\\Pipeline\\Pipeline.php(183): Livewire\\Features\\SupportDisablingBackButtonCache\\DisableBackButtonCacheMiddleware->handle(Object(Illuminate\\Http\\Request), Object(Closure))
#42 Y:\\Project\\2024\\klikpr2\\ori\\laravel-starter-main\\vendor\\barryvdh\\laravel-debugbar\\src\\Middleware\\InjectDebugbar.php(66): Illuminate\\Pipeline\\Pipeline->Illuminate\\Pipeline\\{closure}(Object(Illuminate\\Http\\Request))
#43 Y:\\Project\\2024\\klikpr2\\ori\\laravel-starter-main\\vendor\\laravel\\framework\\src\\Illuminate\\Pipeline\\Pipeline.php(183): Barryvdh\\Debugbar\\Middleware\\InjectDebugbar->handle(Object(Illuminate\\Http\\Request), Object(Closure))
#44 Y:\\Project\\2024\\klikpr2\\ori\\laravel-starter-main\\vendor\\laravel\\framework\\src\\Illuminate\\Foundation\\Http\\Middleware\\TransformsRequest.php(21): Illuminate\\Pipeline\\Pipeline->Illuminate\\Pipeline\\{closure}(Object(Illuminate\\Http\\Request))
#45 Y:\\Project\\2024\\klikpr2\\ori\\laravel-starter-main\\vendor\\laravel\\framework\\src\\Illuminate\\Foundation\\Http\\Middleware\\ConvertEmptyStringsToNull.php(31): Illuminate\\Foundation\\Http\\Middleware\\TransformsRequest->handle(Object(Illuminate\\Http\\Request), Object(Closure))
#46 Y:\\Project\\2024\\klikpr2\\ori\\laravel-starter-main\\vendor\\laravel\\framework\\src\\Illuminate\\Pipeline\\Pipeline.php(183): Illuminate\\Foundation\\Http\\Middleware\\ConvertEmptyStringsToNull->handle(Object(Illuminate\\Http\\Request), Object(Closure))
#47 Y:\\Project\\2024\\klikpr2\\ori\\laravel-starter-main\\vendor\\laravel\\framework\\src\\Illuminate\\Foundation\\Http\\Middleware\\TransformsRequest.php(21): Illuminate\\Pipeline\\Pipeline->Illuminate\\Pipeline\\{closure}(Object(Illuminate\\Http\\Request))
#48 Y:\\Project\\2024\\klikpr2\\ori\\laravel-starter-main\\vendor\\laravel\\framework\\src\\Illuminate\\Foundation\\Http\\Middleware\\TrimStrings.php(51): Illuminate\\Foundation\\Http\\Middleware\\TransformsRequest->handle(Object(Illuminate\\Http\\Request), Object(Closure))
#49 Y:\\Project\\2024\\klikpr2\\ori\\laravel-starter-main\\vendor\\laravel\\framework\\src\\Illuminate\\Pipeline\\Pipeline.php(183): Illuminate\\Foundation\\Http\\Middleware\\TrimStrings->handle(Object(Illuminate\\Http\\Request), Object(Closure))
#50 Y:\\Project\\2024\\klikpr2\\ori\\laravel-starter-main\\vendor\\laravel\\framework\\src\\Illuminate\\Http\\Middleware\\ValidatePostSize.php(27): Illuminate\\Pipeline\\Pipeline->Illuminate\\Pipeline\\{closure}(Object(Illuminate\\Http\\Request))
#51 Y:\\Project\\2024\\klikpr2\\ori\\laravel-starter-main\\vendor\\laravel\\framework\\src\\Illuminate\\Pipeline\\Pipeline.php(183): Illuminate\\Http\\Middleware\\ValidatePostSize->handle(Object(Illuminate\\Http\\Request), Object(Closure))
#52 Y:\\Project\\2024\\klikpr2\\ori\\laravel-starter-main\\vendor\\laravel\\framework\\src\\Illuminate\\Foundation\\Http\\Middleware\\PreventRequestsDuringMaintenance.php(110): Illuminate\\Pipeline\\Pipeline->Illuminate\\Pipeline\\{closure}(Object(Illuminate\\Http\\Request))
#53 Y:\\Project\\2024\\klikpr2\\ori\\laravel-starter-main\\vendor\\laravel\\framework\\src\\Illuminate\\Pipeline\\Pipeline.php(183): Illuminate\\Foundation\\Http\\Middleware\\PreventRequestsDuringMaintenance->handle(Object(Illuminate\\Http\\Request), Object(Closure))
#54 Y:\\Project\\2024\\klikpr2\\ori\\laravel-starter-main\\vendor\\laravel\\framework\\src\\Illuminate\\Http\\Middleware\\HandleCors.php(49): Illuminate\\Pipeline\\Pipeline->Illuminate\\Pipeline\\{closure}(Object(Illuminate\\Http\\Request))
#55 Y:\\Project\\2024\\klikpr2\\ori\\laravel-starter-main\\vendor\\laravel\\framework\\src\\Illuminate\\Pipeline\\Pipeline.php(183): Illuminate\\Http\\Middleware\\HandleCors->handle(Object(Illuminate\\Http\\Request), Object(Closure))
#56 Y:\\Project\\2024\\klikpr2\\ori\\laravel-starter-main\\vendor\\laravel\\framework\\src\\Illuminate\\Http\\Middleware\\TrustProxies.php(58): Illuminate\\Pipeline\\Pipeline->Illuminate\\Pipeline\\{closure}(Object(Illuminate\\Http\\Request))
#57 Y:\\Project\\2024\\klikpr2\\ori\\laravel-starter-main\\vendor\\laravel\\framework\\src\\Illuminate\\Pipeline\\Pipeline.php(183): Illuminate\\Http\\Middleware\\TrustProxies->handle(Object(Illuminate\\Http\\Request), Object(Closure))
#58 Y:\\Project\\2024\\klikpr2\\ori\\laravel-starter-main\\vendor\\laravel\\framework\\src\\Illuminate\\Foundation\\Http\\Middleware\\InvokeDeferredCallbacks.php(22): Illuminate\\Pipeline\\Pipeline->Illuminate\\Pipeline\\{closure}(Object(Illuminate\\Http\\Request))
#59 Y:\\Project\\2024\\klikpr2\\ori\\laravel-starter-main\\vendor\\laravel\\framework\\src\\Illuminate\\Pipeline\\Pipeline.php(183): Illuminate\\Foundation\\Http\\Middleware\\InvokeDeferredCallbacks->handle(Object(Illuminate\\Http\\Request), Object(Closure))
#60 Y:\\Project\\2024\\klikpr2\\ori\\laravel-starter-main\\vendor\\laravel\\framework\\src\\Illuminate\\Pipeline\\Pipeline.php(119): Illuminate\\Pipeline\\Pipeline->Illuminate\\Pipeline\\{closure}(Object(Illuminate\\Http\\Request))
#61 Y:\\Project\\2024\\klikpr2\\ori\\laravel-starter-main\\vendor\\laravel\\framework\\src\\Illuminate\\Foundation\\Http\\Kernel.php(176): Illuminate\\Pipeline\\Pipeline->then(Object(Closure))
#62 Y:\\Project\\2024\\klikpr2\\ori\\laravel-starter-main\\vendor\\laravel\\framework\\src\\Illuminate\\Foundation\\Http\\Kernel.php(145): Illuminate\\Foundation\\Http\\Kernel->sendRequestThroughRouter(Object(Illuminate\\Http\\Request))
#63 Y:\\Project\\2024\\klikpr2\\ori\\laravel-starter-main\\vendor\\laravel\\framework\\src\\Illuminate\\Foundation\\Application.php(1188): Illuminate\\Foundation\\Http\\Kernel->handle(Object(Illuminate\\Http\\Request))
#64 Y:\\Project\\2024\\klikpr2\\ori\\laravel-starter-main\\public\\index.php(17): Illuminate\\Foundation\\Application->handleRequest(Object(Illuminate\\Http\\Request))
#65 Y:\\Project\\2024\\klikpr2\\ori\\laravel-starter-main\\vendor\\laravel\\framework\\src\\Illuminate\\Foundation\\resources\\server.php(23): require_once('Y:\\\\Project\\\\2024...')
#66 {main}

[previous exception] [object] (InvalidArgumentException(code: 0): View [frontend.layouts.navbar] not found. at Y:\\Project\\2024\\klikpr2\\ori\\laravel-starter-main\\vendor\\laravel\\framework\\src\\Illuminate\\View\\FileViewFinder.php:139)
[stacktrace]
#0 Y:\\Project\\2024\\klikpr2\\ori\\laravel-starter-main\\vendor\\laravel\\framework\\src\\Illuminate\\View\\FileViewFinder.php(79): Illuminate\\View\\FileViewFinder->findInPaths('frontend.layout...', Array)
#1 Y:\\Project\\2024\\klikpr2\\ori\\laravel-starter-main\\vendor\\laravel\\framework\\src\\Illuminate\\View\\Factory.php(151): Illuminate\\View\\FileViewFinder->find('frontend.layout...')
#2 Y:\\Project\\2024\\klikpr2\\ori\\laravel-starter-main\\storage\\framework\\views\\005e9737a5ffdfd2ef08a92ec70626f9.php(6): Illuminate\\View\\Factory->make('frontend.layout...', Array)
#3 Y:\\Project\\2024\\klikpr2\\ori\\laravel-starter-main\\vendor\\laravel\\framework\\src\\Illuminate\\Filesystem\\Filesystem.php(123): require('Y:\\\\Project\\\\2024...')
#4 Y:\\Project\\2024\\klikpr2\\ori\\laravel-starter-main\\vendor\\laravel\\framework\\src\\Illuminate\\Filesystem\\Filesystem.php(124): Illuminate\\Filesystem\\Filesystem::Illuminate\\Filesystem\\{closure}()
#5 Y:\\Project\\2024\\klikpr2\\ori\\laravel-starter-main\\vendor\\laravel\\framework\\src\\Illuminate\\View\\Engines\\PhpEngine.php(58): Illuminate\\Filesystem\\Filesystem->getRequire('Y:\\\\Project\\\\2024...', Array)
#6 Y:\\Project\\2024\\klikpr2\\ori\\laravel-starter-main\\vendor\\livewire\\livewire\\src\\Mechanisms\\ExtendBlade\\ExtendedCompilerEngine.php(22): Illuminate\\View\\Engines\\PhpEngine->evaluatePath('Y:\\\\Project\\\\2024...', Array)
#7 Y:\\Project\\2024\\klikpr2\\ori\\laravel-starter-main\\vendor\\laravel\\framework\\src\\Illuminate\\View\\Engines\\CompilerEngine.php(74): Livewire\\Mechanisms\\ExtendBlade\\ExtendedCompilerEngine->evaluatePath('Y:\\\\Project\\\\2024...', Array)
#8 Y:\\Project\\2024\\klikpr2\\ori\\laravel-starter-main\\vendor\\livewire\\livewire\\src\\Mechanisms\\ExtendBlade\\ExtendedCompilerEngine.php(10): Illuminate\\View\\Engines\\CompilerEngine->get('Y:\\\\Project\\\\2024...', Array)
#9 Y:\\Project\\2024\\klikpr2\\ori\\laravel-starter-main\\vendor\\laravel\\framework\\src\\Illuminate\\View\\View.php(208): Livewire\\Mechanisms\\ExtendBlade\\ExtendedCompilerEngine->get('Y:\\\\Project\\\\2024...', Array)
#10 Y:\\Project\\2024\\klikpr2\\ori\\laravel-starter-main\\vendor\\laravel\\framework\\src\\Illuminate\\View\\View.php(191): Illuminate\\View\\View->getContents()
#11 Y:\\Project\\2024\\klikpr2\\ori\\laravel-starter-main\\vendor\\laravel\\framework\\src\\Illuminate\\View\\View.php(160): Illuminate\\View\\View->renderContents()
#12 Y:\\Project\\2024\\klikpr2\\ori\\laravel-starter-main\\vendor\\laravel\\framework\\src\\Illuminate\\Http\\Response.php(70): Illuminate\\View\\View->render()
#13 Y:\\Project\\2024\\klikpr2\\ori\\laravel-starter-main\\vendor\\laravel\\framework\\src\\Illuminate\\Http\\Response.php(35): Illuminate\\Http\\Response->setContent(Object(Illuminate\\View\\View))
#14 Y:\\Project\\2024\\klikpr2\\ori\\laravel-starter-main\\vendor\\laravel\\framework\\src\\Illuminate\\Routing\\Router.php(920): Illuminate\\Http\\Response->__construct(Object(Illuminate\\View\\View), 200, Array)
#15 Y:\\Project\\2024\\klikpr2\\ori\\laravel-starter-main\\vendor\\laravel\\framework\\src\\Illuminate\\Routing\\Router.php(887): Illuminate\\Routing\\Router::toResponse(Object(Illuminate\\Http\\Request), Object(Illuminate\\View\\View))
#16 Y:\\Project\\2024\\klikpr2\\ori\\laravel-starter-main\\vendor\\laravel\\framework\\src\\Illuminate\\Routing\\Router.php(807): Illuminate\\Routing\\Router->prepareResponse(Object(Illuminate\\Http\\Request), Object(Illuminate\\View\\View))
#17 Y:\\Project\\2024\\klikpr2\\ori\\laravel-starter-main\\vendor\\laravel\\framework\\src\\Illuminate\\Pipeline\\Pipeline.php(144): Illuminate\\Routing\\Router->Illuminate\\Routing\\{closure}(Object(Illuminate\\Http\\Request))
#18 Y:\\Project\\2024\\klikpr2\\ori\\laravel-starter-main\\app\\Http\\Middleware\\SetLocale.php(25): Illuminate\\Pipeline\\Pipeline->Illuminate\\Pipeline\\{closure}(Object(Illuminate\\Http\\Request))
#19 Y:\\Project\\2024\\klikpr2\\ori\\laravel-starter-main\\vendor\\laravel\\framework\\src\\Illuminate\\Pipeline\\Pipeline.php(183): App\\Http\\Middleware\\SetLocale->handle(Object(Illuminate\\Http\\Request), Object(Closure))
#20 Y:\\Project\\2024\\klikpr2\\ori\\laravel-starter-main\\vendor\\laravel\\framework\\src\\Illuminate\\Routing\\Middleware\\SubstituteBindings.php(51): Illuminate\\Pipeline\\Pipeline->Illuminate\\Pipeline\\{closure}(Object(Illuminate\\Http\\Request))
#21 Y:\\Project\\2024\\klikpr2\\ori\\laravel-starter-main\\vendor\\laravel\\framework\\src\\Illuminate\\Pipeline\\Pipeline.php(183): Illuminate\\Routing\\Middleware\\SubstituteBindings->handle(Object(Illuminate\\Http\\Request), Object(Closure))
#22 Y:\\Project\\2024\\klikpr2\\ori\\laravel-starter-main\\vendor\\laravel\\framework\\src\\Illuminate\\Foundation\\Http\\Middleware\\VerifyCsrfToken.php(88): Illuminate\\Pipeline\\Pipeline->Illuminate\\Pipeline\\{closure}(Object(Illuminate\\Http\\Request))
#23 Y:\\Project\\2024\\klikpr2\\ori\\laravel-starter-main\\vendor\\laravel\\framework\\src\\Illuminate\\Pipeline\\Pipeline.php(183): Illuminate\\Foundation\\Http\\Middleware\\VerifyCsrfToken->handle(Object(Illuminate\\Http\\Request), Object(Closure))
#24 Y:\\Project\\2024\\klikpr2\\ori\\laravel-starter-main\\vendor\\laravel\\framework\\src\\Illuminate\\View\\Middleware\\ShareErrorsFromSession.php(49): Illuminate\\Pipeline\\Pipeline->Illuminate\\Pipeline\\{closure}(Object(Illuminate\\Http\\Request))
#25 Y:\\Project\\2024\\klikpr2\\ori\\laravel-starter-main\\vendor\\laravel\\framework\\src\\Illuminate\\Pipeline\\Pipeline.php(183): Illuminate\\View\\Middleware\\ShareErrorsFromSession->handle(Object(Illuminate\\Http\\Request), Object(Closure))
#26 Y:\\Project\\2024\\klikpr2\\ori\\laravel-starter-main\\vendor\\laravel\\framework\\src\\Illuminate\\Session\\Middleware\\StartSession.php(121): Illuminate\\Pipeline\\Pipeline->Illuminate\\Pipeline\\{closure}(Object(Illuminate\\Http\\Request))
#27 Y:\\Project\\2024\\klikpr2\\ori\\laravel-starter-main\\vendor\\laravel\\framework\\src\\Illuminate\\Session\\Middleware\\StartSession.php(64): Illuminate\\Session\\Middleware\\StartSession->handleStatefulRequest(Object(Illuminate\\Http\\Request), Object(Illuminate\\Session\\Store), Object(Closure))
#28 Y:\\Project\\2024\\klikpr2\\ori\\laravel-starter-main\\vendor\\laravel\\framework\\src\\Illuminate\\Pipeline\\Pipeline.php(183): Illuminate\\Session\\Middleware\\StartSession->handle(Object(Illuminate\\Http\\Request), Object(Closure))
#29 Y:\\Project\\2024\\klikpr2\\ori\\laravel-starter-main\\vendor\\laravel\\framework\\src\\Illuminate\\Cookie\\Middleware\\AddQueuedCookiesToResponse.php(37): Illuminate\\Pipeline\\Pipeline->Illuminate\\Pipeline\\{closure}(Object(Illuminate\\Http\\Request))
#30 Y:\\Project\\2024\\klikpr2\\ori\\laravel-starter-main\\vendor\\laravel\\framework\\src\\Illuminate\\Pipeline\\Pipeline.php(183): Illuminate\\Cookie\\Middleware\\AddQueuedCookiesToResponse->handle(Object(Illuminate\\Http\\Request), Object(Closure))
#31 Y:\\Project\\2024\\klikpr2\\ori\\laravel-starter-main\\vendor\\laravel\\framework\\src\\Illuminate\\Cookie\\Middleware\\EncryptCookies.php(75): Illuminate\\Pipeline\\Pipeline->Illuminate\\Pipeline\\{closure}(Object(Illuminate\\Http\\Request))
#32 Y:\\Project\\2024\\klikpr2\\ori\\laravel-starter-main\\vendor\\laravel\\framework\\src\\Illuminate\\Pipeline\\Pipeline.php(183): Illuminate\\Cookie\\Middleware\\EncryptCookies->handle(Object(Illuminate\\Http\\Request), Object(Closure))
#33 Y:\\Project\\2024\\klikpr2\\ori\\laravel-starter-main\\vendor\\laravel\\framework\\src\\Illuminate\\Pipeline\\Pipeline.php(119): Illuminate\\Pipeline\\Pipeline->Illuminate\\Pipeline\\{closure}(Object(Illuminate\\Http\\Request))
#34 Y:\\Project\\2024\\klikpr2\\ori\\laravel-starter-main\\vendor\\laravel\\framework\\src\\Illuminate\\Routing\\Router.php(807): Illuminate\\Pipeline\\Pipeline->then(Object(Closure))
#35 Y:\\Project\\2024\\klikpr2\\ori\\laravel-starter-main\\vendor\\laravel\\framework\\src\\Illuminate\\Routing\\Router.php(786): Illuminate\\Routing\\Router->runRouteWithinStack(Object(Illuminate\\Routing\\Route), Object(Illuminate\\Http\\Request))
#36 Y:\\Project\\2024\\klikpr2\\ori\\laravel-starter-main\\vendor\\laravel\\framework\\src\\Illuminate\\Routing\\Router.php(750): Illuminate\\Routing\\Router->runRoute(Object(Illuminate\\Http\\Request), Object(Illuminate\\Routing\\Route))
#37 Y:\\Project\\2024\\klikpr2\\ori\\laravel-starter-main\\vendor\\laravel\\framework\\src\\Illuminate\\Routing\\Router.php(739): Illuminate\\Routing\\Router->dispatchToRoute(Object(Illuminate\\Http\\Request))
#38 Y:\\Project\\2024\\klikpr2\\ori\\laravel-starter-main\\vendor\\laravel\\framework\\src\\Illuminate\\Foundation\\Http\\Kernel.php(201): Illuminate\\Routing\\Router->dispatch(Object(Illuminate\\Http\\Request))
#39 Y:\\Project\\2024\\klikpr2\\ori\\laravel-starter-main\\vendor\\laravel\\framework\\src\\Illuminate\\Pipeline\\Pipeline.php(144): Illuminate\\Foundation\\Http\\Kernel->Illuminate\\Foundation\\Http\\{closure}(Object(Illuminate\\Http\\Request))
#40 Y:\\Project\\2024\\klikpr2\\ori\\laravel-starter-main\\vendor\\livewire\\livewire\\src\\Features\\SupportDisablingBackButtonCache\\DisableBackButtonCacheMiddleware.php(19): Illuminate\\Pipeline\\Pipeline->Illuminate\\Pipeline\\{closure}(Object(Illuminate\\Http\\Request))
#41 Y:\\Project\\2024\\klikpr2\\ori\\laravel-starter-main\\vendor\\laravel\\framework\\src\\Illuminate\\Pipeline\\Pipeline.php(183): Livewire\\Features\\SupportDisablingBackButtonCache\\DisableBackButtonCacheMiddleware->handle(Object(Illuminate\\Http\\Request), Object(Closure))
#42 Y:\\Project\\2024\\klikpr2\\ori\\laravel-starter-main\\vendor\\barryvdh\\laravel-debugbar\\src\\Middleware\\InjectDebugbar.php(66): Illuminate\\Pipeline\\Pipeline->Illuminate\\Pipeline\\{closure}(Object(Illuminate\\Http\\Request))
#43 Y:\\Project\\2024\\klikpr2\\ori\\laravel-starter-main\\vendor\\laravel\\framework\\src\\Illuminate\\Pipeline\\Pipeline.php(183): Barryvdh\\Debugbar\\Middleware\\InjectDebugbar->handle(Object(Illuminate\\Http\\Request), Object(Closure))
#44 Y:\\Project\\2024\\klikpr2\\ori\\laravel-starter-main\\vendor\\laravel\\framework\\src\\Illuminate\\Foundation\\Http\\Middleware\\TransformsRequest.php(21): Illuminate\\Pipeline\\Pipeline->Illuminate\\Pipeline\\{closure}(Object(Illuminate\\Http\\Request))
#45 Y:\\Project\\2024\\klikpr2\\ori\\laravel-starter-main\\vendor\\laravel\\framework\\src\\Illuminate\\Foundation\\Http\\Middleware\\ConvertEmptyStringsToNull.php(31): Illuminate\\Foundation\\Http\\Middleware\\TransformsRequest->handle(Object(Illuminate\\Http\\Request), Object(Closure))
#46 Y:\\Project\\2024\\klikpr2\\ori\\laravel-starter-main\\vendor\\laravel\\framework\\src\\Illuminate\\Pipeline\\Pipeline.php(183): Illuminate\\Foundation\\Http\\Middleware\\ConvertEmptyStringsToNull->handle(Object(Illuminate\\Http\\Request), Object(Closure))
#47 Y:\\Project\\2024\\klikpr2\\ori\\laravel-starter-main\\vendor\\laravel\\framework\\src\\Illuminate\\Foundation\\Http\\Middleware\\TransformsRequest.php(21): Illuminate\\Pipeline\\Pipeline->Illuminate\\Pipeline\\{closure}(Object(Illuminate\\Http\\Request))
#48 Y:\\Project\\2024\\klikpr2\\ori\\laravel-starter-main\\vendor\\laravel\\framework\\src\\Illuminate\\Foundation\\Http\\Middleware\\TrimStrings.php(51): Illuminate\\Foundation\\Http\\Middleware\\TransformsRequest->handle(Object(Illuminate\\Http\\Request), Object(Closure))
#49 Y:\\Project\\2024\\klikpr2\\ori\\laravel-starter-main\\vendor\\laravel\\framework\\src\\Illuminate\\Pipeline\\Pipeline.php(183): Illuminate\\Foundation\\Http\\Middleware\\TrimStrings->handle(Object(Illuminate\\Http\\Request), Object(Closure))
#50 Y:\\Project\\2024\\klikpr2\\ori\\laravel-starter-main\\vendor\\laravel\\framework\\src\\Illuminate\\Http\\Middleware\\ValidatePostSize.php(27): Illuminate\\Pipeline\\Pipeline->Illuminate\\Pipeline\\{closure}(Object(Illuminate\\Http\\Request))
#51 Y:\\Project\\2024\\klikpr2\\ori\\laravel-starter-main\\vendor\\laravel\\framework\\src\\Illuminate\\Pipeline\\Pipeline.php(183): Illuminate\\Http\\Middleware\\ValidatePostSize->handle(Object(Illuminate\\Http\\Request), Object(Closure))
#52 Y:\\Project\\2024\\klikpr2\\ori\\laravel-starter-main\\vendor\\laravel\\framework\\src\\Illuminate\\Foundation\\Http\\Middleware\\PreventRequestsDuringMaintenance.php(110): Illuminate\\Pipeline\\Pipeline->Illuminate\\Pipeline\\{closure}(Object(Illuminate\\Http\\Request))
#53 Y:\\Project\\2024\\klikpr2\\ori\\laravel-starter-main\\vendor\\laravel\\framework\\src\\Illuminate\\Pipeline\\Pipeline.php(183): Illuminate\\Foundation\\Http\\Middleware\\PreventRequestsDuringMaintenance->handle(Object(Illuminate\\Http\\Request), Object(Closure))
#54 Y:\\Project\\2024\\klikpr2\\ori\\laravel-starter-main\\vendor\\laravel\\framework\\src\\Illuminate\\Http\\Middleware\\HandleCors.php(49): Illuminate\\Pipeline\\Pipeline->Illuminate\\Pipeline\\{closure}(Object(Illuminate\\Http\\Request))
#55 Y:\\Project\\2024\\klikpr2\\ori\\laravel-starter-main\\vendor\\laravel\\framework\\src\\Illuminate\\Pipeline\\Pipeline.php(183): Illuminate\\Http\\Middleware\\HandleCors->handle(Object(Illuminate\\Http\\Request), Object(Closure))
#56 Y:\\Project\\2024\\klikpr2\\ori\\laravel-starter-main\\vendor\\laravel\\framework\\src\\Illuminate\\Http\\Middleware\\TrustProxies.php(58): Illuminate\\Pipeline\\Pipeline->Illuminate\\Pipeline\\{closure}(Object(Illuminate\\Http\\Request))
#57 Y:\\Project\\2024\\klikpr2\\ori\\laravel-starter-main\\vendor\\laravel\\framework\\src\\Illuminate\\Pipeline\\Pipeline.php(183): Illuminate\\Http\\Middleware\\TrustProxies->handle(Object(Illuminate\\Http\\Request), Object(Closure))
#58 Y:\\Project\\2024\\klikpr2\\ori\\laravel-starter-main\\vendor\\laravel\\framework\\src\\Illuminate\\Foundation\\Http\\Middleware\\InvokeDeferredCallbacks.php(22): Illuminate\\Pipeline\\Pipeline->Illuminate\\Pipeline\\{closure}(Object(Illuminate\\Http\\Request))
#59 Y:\\Project\\2024\\klikpr2\\ori\\laravel-starter-main\\vendor\\laravel\\framework\\src\\Illuminate\\Pipeline\\Pipeline.php(183): Illuminate\\Foundation\\Http\\Middleware\\InvokeDeferredCallbacks->handle(Object(Illuminate\\Http\\Request), Object(Closure))
#60 Y:\\Project\\2024\\klikpr2\\ori\\laravel-starter-main\\vendor\\laravel\\framework\\src\\Illuminate\\Pipeline\\Pipeline.php(119): Illuminate\\Pipeline\\Pipeline->Illuminate\\Pipeline\\{closure}(Object(Illuminate\\Http\\Request))
#61 Y:\\Project\\2024\\klikpr2\\ori\\laravel-starter-main\\vendor\\laravel\\framework\\src\\Illuminate\\Foundation\\Http\\Kernel.php(176): Illuminate\\Pipeline\\Pipeline->then(Object(Closure))
#62 Y:\\Project\\2024\\klikpr2\\ori\\laravel-starter-main\\vendor\\laravel\\framework\\src\\Illuminate\\Foundation\\Http\\Kernel.php(145): Illuminate\\Foundation\\Http\\Kernel->sendRequestThroughRouter(Object(Illuminate\\Http\\Request))
#63 Y:\\Project\\2024\\klikpr2\\ori\\laravel-starter-main\\vendor\\laravel\\framework\\src\\Illuminate\\Foundation\\Application.php(1188): Illuminate\\Foundation\\Http\\Kernel->handle(Object(Illuminate\\Http\\Request))
#64 Y:\\Project\\2024\\klikpr2\\ori\\laravel-starter-main\\public\\index.php(17): Illuminate\\Foundation\\Application->handleRequest(Object(Illuminate\\Http\\Request))
#65 Y:\\Project\\2024\\klikpr2\\ori\\laravel-starter-main\\vendor\\laravel\\framework\\src\\Illuminate\\Foundation\\resources\\server.php(23): require_once('Y:\\\\Project\\\\2024...')
#66 {main}
"} 
[2024-11-09 19:20:28] local.INFO: Peta | User:A Ki Asmoro Santo(ID:6)  
[2024-11-09 19:21:48] local.INFO: Peta | User:A Ki Asmoro Santo(ID:6)  
[2024-11-09 19:22:23] local.INFO: Peta | User:A Ki Asmoro Santo(ID:6)  
[2024-11-09 19:24:52] local.INFO: Peta | User:A Ki Asmoro Santo(ID:6)  
[2024-11-09 19:26:05] local.INFO: Peta | User:A Ki Asmoro Santo(ID:6)  
[2024-11-09 19:38:24] local.INFO: Peta | User:A Ki Asmoro Santo(ID:6)  
[2024-11-09 19:42:33] local.INFO: Peta | User:A Ki Asmoro Santo(ID:6)  
[2024-11-09 19:43:33] local.INFO: Peta | User:A Ki Asmoro Santo(ID:6)  
[2024-11-09 19:43:40] local.INFO: Peta | User:A Ki Asmoro Santo(ID:6)  
[2024-11-09 19:52:22] local.INFO: Peta | User:A Ki Asmoro Santo(ID:6)  
[2024-11-09 19:52:45] local.INFO: Peta | User:A Ki Asmoro Santo(ID:6)  
[2024-11-09 19:53:20] local.INFO: Peta | User:A Ki Asmoro Santo(ID:6)  
